{"meta": {"format": 3, "version": "7.11.0", "timestamp": "2025-11-16T20:26:54.376264", "branch_coverage": true, "show_contexts": false}, "files": {"src/api/client.py": {"executed_lines": [1, 3, 4, 5, 7, 9, 10, 21, 22, 24, 31, 32, 33, 34, 35, 37, 39, 40, 41, 42, 46, 48, 53, 56, 57, 59, 65, 66, 69, 77, 82, 84, 86, 88, 90, 92, 94, 96, 97, 103, 105, 111, 113, 114, 117, 118, 119, 120, 122, 148, 150, 152, 153, 160, 163, 164, 173, 174, 177, 182, 185, 186, 189, 190, 193, 207, 208, 210, 212, 218, 220, 222, 223, 224, 225, 226, 230, 232, 238, 248, 250, 266, 268, 286], "summary": {"covered_lines": 81, "num_statements": 103, "percent_covered": 76.85950413223141, "percent_covered_display": "76.86", "missing_lines": 22, "excluded_lines": 0, "num_branches": 18, "num_partial_branches": 6, "covered_branches": 12, "missing_branches": 6}, "missing_lines": [49, 50, 51, 178, 179, 180, 194, 195, 196, 197, 198, 200, 213, 214, 215, 216, 228, 234, 235, 236, 284, 296], "excluded_lines": [], "executed_branches": [[48, 53], [163, 164], [173, 174], [173, 185], [177, 182], [185, 186], [185, 189], [189, 190], [189, 193], [193, 207], [212, 218], [222, 223]], "missing_branches": [[48, 49], [163, 173], [177, 178], [193, 194], [212, 213], [222, 228]], "functions": {"RateLimiter.__init__": {"executed_lines": [31, 32, 33, 34, 35], "summary": {"covered_lines": 5, "num_statements": 5, "percent_covered": 100.0, "percent_covered_display": "100.00", "missing_lines": 0, "excluded_lines": 0, "num_branches": 0, "num_partial_branches": 0, "covered_branches": 0, "missing_branches": 0}, "missing_lines": [], "excluded_lines": [], "executed_branches": [], "missing_branches": []}, "RateLimiter.acquire": {"executed_lines": [39, 40, 41, 42, 46, 48, 53], "summary": {"covered_lines": 7, "num_statements": 10, "percent_covered": 66.66666666666667, "percent_covered_display": "66.67", "missing_lines": 3, "excluded_lines": 0, "num_branches": 2, "num_partial_branches": 1, "covered_branches": 1, "missing_branches": 1}, "missing_lines": [49, 50, 51], "excluded_lines": [], "executed_branches": [[48, 53]], "missing_branches": [[48, 49]]}, "UniFiClient.__init__": {"executed_lines": [65, 66, 69, 77, 82], "summary": {"covered_lines": 5, "num_statements": 5, "percent_covered": 100.0, "percent_covered_display": "100.00", "missing_lines": 0, "excluded_lines": 0, "num_branches": 0, "num_partial_branches": 0, "covered_branches": 0, "missing_branches": 0}, "missing_lines": [], "excluded_lines": [], "executed_branches": [], "missing_branches": []}, "UniFiClient.__aenter__": {"executed_lines": [86], "summary": {"covered_lines": 1, "num_statements": 1, "percent_covered": 100.0, "percent_covered_display": "100.00", "missing_lines": 0, "excluded_lines": 0, "num_branches": 0, "num_partial_branches": 0, "covered_branches": 0, "missing_branches": 0}, "missing_lines": [], "excluded_lines": [], "executed_branches": [], "missing_branches": []}, "UniFiClient.__aexit__": {"executed_lines": [90], "summary": {"covered_lines": 1, "num_statements": 1, "percent_covered": 100.0, "percent_covered_display": "100.00", "missing_lines": 0, "excluded_lines": 0, "num_branches": 0, "num_partial_branches": 0, "covered_branches": 0, "missing_branches": 0}, "missing_lines": [], "excluded_lines": [], "executed_branches": [], "missing_branches": []}, "UniFiClient.close": {"executed_lines": [94], "summary": {"covered_lines": 1, "num_statements": 1, "percent_covered": 100.0, "percent_covered_display": "100.00", "missing_lines": 0, "excluded_lines": 0, "num_branches": 0, "num_partial_branches": 0, "covered_branches": 0, "missing_branches": 0}, "missing_lines": [], "excluded_lines": [], "executed_branches": [], "missing_branches": []}, "UniFiClient.is_authenticated": {"executed_lines": [103], "summary": {"covered_lines": 1, "num_statements": 1, "percent_covered": 100.0, "percent_covered_display": "100.00", "missing_lines": 0, "excluded_lines": 0, "num_branches": 0, "num_partial_branches": 0, "covered_branches": 0, "missing_branches": 0}, "missing_lines": [], "excluded_lines": [], "executed_branches": [], "missing_branches": []}, "UniFiClient.authenticate": {"executed_lines": [111, 113, 114, 117, 118, 119, 120], "summary": {"covered_lines": 7, "num_statements": 7, "percent_covered": 100.0, "percent_covered_display": "100.00", "missing_lines": 0, "excluded_lines": 0, "num_branches": 0, "num_partial_branches": 0, "covered_branches": 0, "missing_branches": 0}, "missing_lines": [], "excluded_lines": [], "executed_branches": [], "missing_branches": []}, "UniFiClient._request": {"executed_lines": [148, 150, 152, 153, 160, 163, 164, 173, 174, 177, 182, 185, 186, 189, 190, 193, 207, 208, 210, 212, 218, 220, 222, 223, 224, 225, 226, 230, 232], "summary": {"covered_lines": 29, "num_statements": 46, "percent_covered": 64.51612903225806, "percent_covered_display": "64.52", "missing_lines": 17, "excluded_lines": 0, "num_branches": 16, "num_partial_branches": 5, "covered_branches": 11, "missing_branches": 5}, "missing_lines": [178, 179, 180, 194, 195, 196, 197, 198, 200, 213, 214, 215, 216, 228, 234, 235, 236], "excluded_lines": [], "executed_branches": [[163, 164], [173, 174], [173, 185], [177, 182], [185, 186], [185, 189], [189, 190], [189, 193], [193, 207], [212, 218], [222, 223]], "missing_branches": [[163, 173], [177, 178], [193, 194], [212, 213], [222, 228]]}, "UniFiClient.get": {"executed_lines": [248], "summary": {"covered_lines": 1, "num_statements": 1, "percent_covered": 100.0, "percent_covered_display": "100.00", "missing_lines": 0, "excluded_lines": 0, "num_branches": 0, "num_partial_branches": 0, "covered_branches": 0, "missing_branches": 0}, "missing_lines": [], "excluded_lines": [], "executed_branches": [], "missing_branches": []}, "UniFiClient.post": {"executed_lines": [266], "summary": {"covered_lines": 1, "num_statements": 1, "percent_covered": 100.0, "percent_covered_display": "100.00", "missing_lines": 0, "excluded_lines": 0, "num_branches": 0, "num_partial_branches": 0, "covered_branches": 0, "missing_branches": 0}, "missing_lines": [], "excluded_lines": [], "executed_branches": [], "missing_branches": []}, "UniFiClient.put": {"executed_lines": [], "summary": {"covered_lines": 0, "num_statements": 1, "percent_covered": 0.0, "percent_covered_display": "0.00", "missing_lines": 1, "excluded_lines": 0, "num_branches": 0, "num_partial_branches": 0, "covered_branches": 0, "missing_branches": 0}, "missing_lines": [284], "excluded_lines": [], "executed_branches": [], "missing_branches": []}, "UniFiClient.delete": {"executed_lines": [], "summary": {"covered_lines": 0, "num_statements": 1, "percent_covered": 0.0, "percent_covered_display": "0.00", "missing_lines": 1, "excluded_lines": 0, "num_branches": 0, "num_partial_branches": 0, "covered_branches": 0, "missing_branches": 0}, "missing_lines": [296], "excluded_lines": [], "executed_branches": [], "missing_branches": []}, "": {"executed_lines": [1, 3, 4, 5, 7, 9, 10, 21, 22, 24, 37, 56, 57, 59, 84, 88, 92, 96, 97, 105, 122, 238, 250, 268, 286], "summary": {"covered_lines": 22, "num_statements": 22, "percent_covered": 100.0, "percent_covered_display": "100.00", "missing_lines": 0, "excluded_lines": 0, "num_branches": 0, "num_partial_branches": 0, "covered_branches": 0, "missing_branches": 0}, "missing_lines": [], "excluded_lines": [], "executed_branches": [], "missing_branches": []}}, "classes": {"RateLimiter": {"executed_lines": [31, 32, 33, 34, 35, 39, 40, 41, 42, 46, 48, 53], "summary": {"covered_lines": 12, "num_statements": 15, "percent_covered": 76.47058823529412, "percent_covered_display": "76.47", "missing_lines": 3, "excluded_lines": 0, "num_branches": 2, "num_partial_branches": 1, "covered_branches": 1, "missing_branches": 1}, "missing_lines": [49, 50, 51], "excluded_lines": [], "executed_branches": [[48, 53]], "missing_branches": [[48, 49]]}, "UniFiClient": {"executed_lines": [65, 66, 69, 77, 82, 86, 90, 94, 103, 111, 113, 114, 117, 118, 119, 120, 148, 150, 152, 153, 160, 163, 164, 173, 174, 177, 182, 185, 186, 189, 190, 193, 207, 208, 210, 212, 218, 220, 222, 223, 224, 225, 226, 230, 232, 248, 266], "summary": {"covered_lines": 47, "num_statements": 66, "percent_covered": 70.73170731707317, "percent_covered_display": "70.73", "missing_lines": 19, "excluded_lines": 0, "num_branches": 16, "num_partial_branches": 5, "covered_branches": 11, "missing_branches": 5}, "missing_lines": [178, 179, 180, 194, 195, 196, 197, 198, 200, 213, 214, 215, 216, 228, 234, 235, 236, 284, 296], "excluded_lines": [], "executed_branches": [[163, 164], [173, 174], [173, 185], [177, 182], [185, 186], [185, 189], [189, 190], [189, 193], [193, 207], [212, 218], [222, 223]], "missing_branches": [[163, 173], [177, 178], [193, 194], [212, 213], [222, 228]]}, "": {"executed_lines": [1, 3, 4, 5, 7, 9, 10, 21, 22, 24, 37, 56, 57, 59, 84, 88, 92, 96, 97, 105, 122, 238, 250, 268, 286], "summary": {"covered_lines": 22, "num_statements": 22, "percent_covered": 100.0, "percent_covered_display": "100.00", "missing_lines": 0, "excluded_lines": 0, "num_branches": 0, "num_partial_branches": 0, "covered_branches": 0, "missing_branches": 0}, "missing_lines": [], "excluded_lines": [], "executed_branches": [], "missing_branches": []}}}, "src/api/site_manager_client.py": {"executed_lines": [], "summary": {"covered_lines": 0, "num_statements": 70, "percent_covered": 0.0, "percent_covered_display": "0.00", "missing_lines": 70, "excluded_lines": 0, "num_branches": 18, "num_partial_branches": 0, "covered_branches": 0, "missing_branches": 18}, "missing_lines": [3, 5, 7, 8, 10, 13, 16, 22, 23, 26, 29, 36, 38, 40, 42, 44, 46, 48, 50, 51, 57, 59, 65, 67, 68, 69, 70, 72, 73, 74, 75, 77, 91, 92, 94, 96, 97, 99, 100, 102, 104, 105, 106, 107, 108, 110, 114, 115, 116, 117, 118, 120, 132, 133, 134, 135, 136, 138, 140, 149, 150, 151, 153, 155, 164, 165, 166, 168, 170, 176], "excluded_lines": [], "executed_branches": [], "missing_branches": [[68, 69], [68, 72], [91, 92], [91, 94], [96, 97], [96, 99], [105, 106], [105, 107], [107, 108], [107, 110], [133, 134], [133, 135], [135, 136], [135, 138], [150, 151], [150, 153], [165, 166], [165, 168]], "functions": {"SiteManagerClient.__init__": {"executed_lines": [], "summary": {"covered_lines": 0, "num_statements": 5, "percent_covered": 0.0, "percent_covered_display": "0.00", "missing_lines": 5, "excluded_lines": 0, "num_branches": 0, "num_partial_branches": 0, "covered_branches": 0, "missing_branches": 0}, "missing_lines": [22, 23, 26, 29, 36], "excluded_lines": [], "executed_branches": [], "missing_branches": []}, "SiteManagerClient.__aenter__": {"executed_lines": [], "summary": {"covered_lines": 0, "num_statements": 1, "percent_covered": 0.0, "percent_covered_display": "0.00", "missing_lines": 1, "excluded_lines": 0, "num_branches": 0, "num_partial_branches": 0, "covered_branches": 0, "missing_branches": 0}, "missing_lines": [40], "excluded_lines": [], "executed_branches": [], "missing_branches": []}, "SiteManagerClient.__aexit__": {"executed_lines": [], "summary": {"covered_lines": 0, "num_statements": 1, "percent_covered": 0.0, "percent_covered_display": "0.00", "missing_lines": 1, "excluded_lines": 0, "num_branches": 0, "num_partial_branches": 0, "covered_branches": 0, "missing_branches": 0}, "missing_lines": [44], "excluded_lines": [], "executed_branches": [], "missing_branches": []}, "SiteManagerClient.close": {"executed_lines": [], "summary": {"covered_lines": 0, "num_statements": 1, "percent_covered": 0.0, "percent_covered_display": "0.00", "missing_lines": 1, "excluded_lines": 0, "num_branches": 0, "num_partial_branches": 0, "covered_branches": 0, "missing_branches": 0}, "missing_lines": [48], "excluded_lines": [], "executed_branches": [], "missing_branches": []}, "SiteManagerClient.is_authenticated": {"executed_lines": [], "summary": {"covered_lines": 0, "num_statements": 1, "percent_covered": 0.0, "percent_covered_display": "0.00", "missing_lines": 1, "excluded_lines": 0, "num_branches": 0, "num_partial_branches": 0, "covered_branches": 0, "missing_branches": 0}, "missing_lines": [57], "excluded_lines": [], "executed_branches": [], "missing_branches": []}, "SiteManagerClient.authenticate": {"executed_lines": [], "summary": {"covered_lines": 0, "num_statements": 9, "percent_covered": 0.0, "percent_covered_display": "0.00", "missing_lines": 9, "excluded_lines": 0, "num_branches": 2, "num_partial_branches": 0, "covered_branches": 0, "missing_branches": 2}, "missing_lines": [65, 67, 68, 69, 70, 72, 73, 74, 75], "excluded_lines": [], "executed_branches": [], "missing_branches": [[68, 69], [68, 72]]}, "SiteManagerClient.get": {"executed_lines": [], "summary": {"covered_lines": 0, "num_statements": 19, "percent_covered": 0.0, "percent_covered_display": "0.00", "missing_lines": 19, "excluded_lines": 0, "num_branches": 8, "num_partial_branches": 0, "covered_branches": 0, "missing_branches": 8}, "missing_lines": [91, 92, 94, 96, 97, 99, 100, 102, 104, 105, 106, 107, 108, 110, 114, 115, 116, 117, 118], "excluded_lines": [], "executed_branches": [], "missing_branches": [[91, 92], [91, 94], [96, 97], [96, 99], [105, 106], [105, 107], [107, 108], [107, 110]]}, "SiteManagerClient.list_sites": {"executed_lines": [], "summary": {"covered_lines": 0, "num_statements": 6, "percent_covered": 0.0, "percent_covered_display": "0.00", "missing_lines": 6, "excluded_lines": 0, "num_branches": 4, "num_partial_branches": 0, "covered_branches": 0, "missing_branches": 4}, "missing_lines": [132, 133, 134, 135, 136, 138], "excluded_lines": [], "executed_branches": [], "missing_branches": [[133, 134], [133, 135], [135, 136], [135, 138]]}, "SiteManagerClient.get_site_health": {"executed_lines": [], "summary": {"covered_lines": 0, "num_statements": 4, "percent_covered": 0.0, "percent_covered_display": "0.00", "missing_lines": 4, "excluded_lines": 0, "num_branches": 2, "num_partial_branches": 0, "covered_branches": 0, "missing_branches": 2}, "missing_lines": [149, 150, 151, 153], "excluded_lines": [], "executed_branches": [], "missing_branches": [[150, 151], [150, 153]]}, "SiteManagerClient.get_internet_health": {"executed_lines": [], "summary": {"covered_lines": 0, "num_statements": 4, "percent_covered": 0.0, "percent_covered_display": "0.00", "missing_lines": 4, "excluded_lines": 0, "num_branches": 2, "num_partial_branches": 0, "covered_branches": 0, "missing_branches": 2}, "missing_lines": [164, 165, 166, 168], "excluded_lines": [], "executed_branches": [], "missing_branches": [[165, 166], [165, 168]]}, "SiteManagerClient.list_vantage_points": {"executed_lines": [], "summary": {"covered_lines": 0, "num_statements": 1, "percent_covered": 0.0, "percent_covered_display": "0.00", "missing_lines": 1, "excluded_lines": 0, "num_branches": 0, "num_partial_branches": 0, "covered_branches": 0, "missing_branches": 0}, "missing_lines": [176], "excluded_lines": [], "executed_branches": [], "missing_branches": []}, "": {"executed_lines": [], "summary": {"covered_lines": 0, "num_statements": 18, "percent_covered": 0.0, "percent_covered_display": "0.00", "missing_lines": 18, "excluded_lines": 0, "num_branches": 0, "num_partial_branches": 0, "covered_branches": 0, "missing_branches": 0}, "missing_lines": [3, 5, 7, 8, 10, 13, 16, 38, 42, 46, 50, 51, 59, 77, 120, 140, 155, 170], "excluded_lines": [], "executed_branches": [], "missing_branches": []}}, "classes": {"SiteManagerClient": {"executed_lines": [], "summary": {"covered_lines": 0, "num_statements": 52, "percent_covered": 0.0, "percent_covered_display": "0.00", "missing_lines": 52, "excluded_lines": 0, "num_branches": 18, "num_partial_branches": 0, "covered_branches": 0, "missing_branches": 18}, "missing_lines": [22, 23, 26, 29, 36, 40, 44, 48, 57, 65, 67, 68, 69, 70, 72, 73, 74, 75, 91, 92, 94, 96, 97, 99, 100, 102, 104, 105, 106, 107, 108, 110, 114, 115, 116, 117, 118, 132, 133, 134, 135, 136, 138, 149, 150, 151, 153, 164, 165, 166, 168, 176], "excluded_lines": [], "executed_branches": [], "missing_branches": [[68, 69], [68, 72], [91, 92], [91, 94], [96, 97], [96, 99], [105, 106], [105, 107], [107, 108], [107, 110], [133, 134], [133, 135], [135, 136], [135, 138], [150, 151], [150, 153], [165, 166], [165, 168]]}, "": {"executed_lines": [], "summary": {"covered_lines": 0, "num_statements": 18, "percent_covered": 0.0, "percent_covered_display": "0.00", "missing_lines": 18, "excluded_lines": 0, "num_branches": 0, "num_partial_branches": 0, "covered_branches": 0, "missing_branches": 0}, "missing_lines": [3, 5, 7, 8, 10, 13, 16, 38, 42, 46, 50, 51, 59, 77, 120, 140, 155, 170], "excluded_lines": [], "executed_branches": [], "missing_branches": []}}}, "src/cache.py": {"executed_lines": [], "summary": {"covered_lines": 0, "num_statements": 243, "percent_covered": 0.0, "percent_covered_display": "0.00", "missing_lines": 243, "excluded_lines": 0, "num_branches": 70, "num_partial_branches": 0, "covered_branches": 0, "missing_branches": 70}, "missing_lines": [7, 8, 9, 10, 11, 13, 14, 15, 16, 18, 19, 20, 21, 22, 24, 25, 28, 32, 33, 34, 35, 36, 37, 38, 39, 40, 41, 42, 44, 45, 54, 57, 60, 73, 74, 75, 76, 77, 79, 80, 84, 86, 92, 93, 95, 96, 98, 100, 101, 102, 103, 105, 116, 117, 118, 119, 121, 122, 125, 126, 127, 128, 130, 132, 133, 134, 135, 136, 137, 139, 140, 142, 151, 152, 154, 155, 156, 157, 158, 160, 161, 162, 163, 164, 166, 177, 178, 180, 181, 182, 183, 185, 186, 187, 188, 189, 190, 192, 201, 202, 204, 205, 206, 207, 208, 209, 210, 211, 213, 222, 223, 225, 226, 227, 228, 230, 231, 232, 233, 234, 235, 236, 237, 239, 245, 246, 248, 249, 250, 251, 252, 253, 254, 256, 265, 266, 268, 269, 270, 271, 272, 274, 292, 294, 295, 297, 298, 301, 302, 303, 305, 308, 327, 328, 329, 331, 332, 333, 334, 335, 336, 337, 339, 341, 344, 345, 348, 349, 352, 354, 355, 356, 359, 360, 361, 362, 365, 368, 369, 370, 372, 374, 376, 379, 388, 390, 391, 393, 394, 395, 397, 399, 400, 401, 404, 405, 406, 407, 408, 409, 410, 411, 412, 413, 414, 415, 418, 419, 420, 421, 423, 424, 425, 426, 427, 428, 429, 430, 432, 434, 435, 438, 440, 443, 458, 459, 461, 462, 463, 465, 466, 467, 468, 469, 470, 471, 474, 475, 476, 478, 479, 480, 483], "excluded_lines": [], "executed_branches": [], "missing_branches": [[79, -60], [79, 80], [92, 93], [92, 95], [95, 96], [95, 98], [132, -130], [132, 133], [151, 152], [151, 154], [156, 157], [156, 160], [177, 178], [177, 180], [182, 183], [182, 185], [201, 202], [201, 204], [206, 207], [206, 208], [222, 223], [222, 225], [227, 228], [227, 230], [230, 231], [230, 234], [245, 246], [245, 248], [265, 266], [265, 268], [294, 295], [294, 297], [297, 298], [297, 301], [301, 302], [301, 305], [302, 301], [302, 303], [332, 333], [332, 336], [333, 332], [333, 334], [336, 337], [336, 339], [339, 341], [339, 344], [348, 349], [348, 352], [354, 355], [354, 356], [360, 361], [360, 365], [393, 394], [393, 397], [407, 408], [407, 413], [409, 407], [409, 410], [418, 419], [418, 432], [420, 421], [420, 423], [461, 462], [461, 465], [466, 467], [466, 468], [468, 469], [468, 470], [470, 471], [470, 474]], "functions": {"CacheConfig.get_ttl": {"executed_lines": [], "summary": {"covered_lines": 0, "num_statements": 1, "percent_covered": 0.0, "percent_covered_display": "0.00", "missing_lines": 1, "excluded_lines": 0, "num_branches": 0, "num_partial_branches": 0, "covered_branches": 0, "missing_branches": 0}, "missing_lines": [54], "excluded_lines": [], "executed_branches": [], "missing_branches": []}, "CacheClient.__init__": {"executed_lines": [], "summary": {"covered_lines": 0, "num_statements": 8, "percent_covered": 0.0, "percent_covered_display": "0.00", "missing_lines": 8, "excluded_lines": 0, "num_branches": 2, "num_partial_branches": 0, "covered_branches": 0, "missing_branches": 2}, "missing_lines": [73, 74, 75, 76, 77, 79, 80, 84], "excluded_lines": [], "executed_branches": [], "missing_branches": [[79, -60], [79, 80]]}, "CacheClient.connect": {"executed_lines": [], "summary": {"covered_lines": 0, "num_statements": 20, "percent_covered": 0.0, "percent_covered_display": "0.00", "missing_lines": 20, "excluded_lines": 0, "num_branches": 4, "num_partial_branches": 0, "covered_branches": 0, "missing_branches": 4}, "missing_lines": [92, 93, 95, 96, 98, 100, 101, 102, 103, 105, 116, 117, 118, 119, 121, 122, 125, 126, 127, 128], "excluded_lines": [], "executed_branches": [], "missing_branches": [[92, 93], [92, 95], [95, 96], [95, 98]]}, "CacheClient.disconnect": {"executed_lines": [], "summary": {"covered_lines": 0, "num_statements": 8, "percent_covered": 0.0, "percent_covered_display": "0.00", "missing_lines": 8, "excluded_lines": 0, "num_branches": 2, "num_partial_branches": 0, "covered_branches": 0, "missing_branches": 2}, "missing_lines": [132, 133, 134, 135, 136, 137, 139, 140], "excluded_lines": [], "executed_branches": [], "missing_branches": [[132, -130], [132, 133]]}, "CacheClient.get": {"executed_lines": [], "summary": {"covered_lines": 0, "num_statements": 12, "percent_covered": 0.0, "percent_covered_display": "0.00", "missing_lines": 12, "excluded_lines": 0, "num_branches": 4, "num_partial_branches": 0, "covered_branches": 0, "missing_branches": 4}, "missing_lines": [151, 152, 154, 155, 156, 157, 158, 160, 161, 162, 163, 164], "excluded_lines": [], "executed_branches": [], "missing_branches": [[151, 152], [151, 154], [156, 157], [156, 160]]}, "CacheClient.set": {"executed_lines": [], "summary": {"covered_lines": 0, "num_statements": 12, "percent_covered": 0.0, "percent_covered_display": "0.00", "missing_lines": 12, "excluded_lines": 0, "num_branches": 4, "num_partial_branches": 0, "covered_branches": 0, "missing_branches": 4}, "missing_lines": [177, 178, 180, 181, 182, 183, 185, 186, 187, 188, 189, 190], "excluded_lines": [], "executed_branches": [], "missing_branches": [[177, 178], [177, 180], [182, 183], [182, 185]]}, "CacheClient.delete": {"executed_lines": [], "summary": {"covered_lines": 0, "num_statements": 10, "percent_covered": 0.0, "percent_covered_display": "0.00", "missing_lines": 10, "excluded_lines": 0, "num_branches": 4, "num_partial_branches": 0, "covered_branches": 0, "missing_branches": 4}, "missing_lines": [201, 202, 204, 205, 206, 207, 208, 209, 210, 211], "excluded_lines": [], "executed_branches": [], "missing_branches": [[201, 202], [201, 204], [206, 207], [206, 208]]}, "CacheClient.delete_pattern": {"executed_lines": [], "summary": {"covered_lines": 0, "num_statements": 14, "percent_covered": 0.0, "percent_covered_display": "0.00", "missing_lines": 14, "excluded_lines": 0, "num_branches": 6, "num_partial_branches": 0, "covered_branches": 0, "missing_branches": 6}, "missing_lines": [222, 223, 225, 226, 227, 228, 230, 231, 232, 233, 234, 235, 236, 237], "excluded_lines": [], "executed_branches": [], "missing_branches": [[222, 223], [222, 225], [227, 228], [227, 230], [230, 231], [230, 234]]}, "CacheClient.clear": {"executed_lines": [], "summary": {"covered_lines": 0, "num_statements": 9, "percent_covered": 0.0, "percent_covered_display": "0.00", "missing_lines": 9, "excluded_lines": 0, "num_branches": 2, "num_partial_branches": 0, "covered_branches": 0, "missing_branches": 2}, "missing_lines": [245, 246, 248, 249, 250, 251, 252, 253, 254], "excluded_lines": [], "executed_branches": [], "missing_branches": [[245, 246], [245, 248]]}, "CacheClient.exists": {"executed_lines": [], "summary": {"covered_lines": 0, "num_statements": 7, "percent_covered": 0.0, "percent_covered_display": "0.00", "missing_lines": 7, "excluded_lines": 0, "num_branches": 2, "num_partial_branches": 0, "covered_branches": 0, "missing_branches": 2}, "missing_lines": [265, 266, 268, 269, 270, 271, 272], "excluded_lines": [], "executed_branches": [], "missing_branches": [[265, 266], [265, 268]]}, "CacheClient.build_key": {"executed_lines": [], "summary": {"covered_lines": 0, "num_statements": 9, "percent_covered": 0.0, "percent_covered_display": "0.00", "missing_lines": 9, "excluded_lines": 0, "num_branches": 8, "num_partial_branches": 0, "covered_branches": 0, "missing_branches": 8}, "missing_lines": [292, 294, 295, 297, 298, 301, 302, 303, 305], "excluded_lines": [], "executed_branches": [], "missing_branches": [[294, 295], [294, 297], [297, 298], [297, 301], [301, 302], [301, 305], [302, 301], [302, 303]]}, "cached": {"executed_lines": [], "summary": {"covered_lines": 0, "num_statements": 3, "percent_covered": 0.0, "percent_covered_display": "0.00", "missing_lines": 3, "excluded_lines": 0, "num_branches": 0, "num_partial_branches": 0, "covered_branches": 0, "missing_branches": 0}, "missing_lines": [327, 328, 376], "excluded_lines": [], "executed_branches": [], "missing_branches": []}, "cached.decorator": {"executed_lines": [], "summary": {"covered_lines": 0, "num_statements": 2, "percent_covered": 0.0, "percent_covered_display": "0.00", "missing_lines": 2, "excluded_lines": 0, "num_branches": 0, "num_partial_branches": 0, "covered_branches": 0, "missing_branches": 0}, "missing_lines": [329, 374], "excluded_lines": [], "executed_branches": [], "missing_branches": []}, "cached.decorator.wrapper": {"executed_lines": [], "summary": {"covered_lines": 0, "num_statements": 26, "percent_covered": 0.0, "percent_covered_display": "0.00", "missing_lines": 26, "excluded_lines": 0, "num_branches": 14, "num_partial_branches": 0, "covered_branches": 0, "missing_branches": 14}, "missing_lines": [331, 332, 333, 334, 335, 336, 337, 339, 341, 344, 345, 348, 349, 352, 354, 355, 356, 359, 360, 361, 362, 365, 368, 369, 370, 372], "excluded_lines": [], "executed_branches": [], "missing_branches": [[332, 333], [332, 336], [333, 332], [333, 334], [336, 337], [336, 339], [339, 341], [339, 344], [348, 349], [348, 352], [354, 355], [354, 356], [360, 361], [360, 365]]}, "warm_cache": {"executed_lines": [], "summary": {"covered_lines": 0, "num_statements": 39, "percent_covered": 0.0, "percent_covered_display": "0.00", "missing_lines": 39, "excluded_lines": 0, "num_branches": 10, "num_partial_branches": 0, "covered_branches": 0, "missing_branches": 10}, "missing_lines": [388, 390, 391, 393, 394, 395, 397, 399, 400, 401, 404, 405, 406, 407, 408, 409, 410, 411, 412, 413, 414, 415, 418, 419, 420, 421, 423, 424, 425, 426, 427, 428, 429, 430, 432, 434, 435, 438, 440], "excluded_lines": [], "executed_branches": [], "missing_branches": [[393, 394], [393, 397], [407, 408], [407, 413], [409, 407], [409, 410], [418, 419], [418, 432], [420, 421], [420, 423]]}, "invalidate_cache": {"executed_lines": [], "summary": {"covered_lines": 0, "num_statements": 19, "percent_covered": 0.0, "percent_covered_display": "0.00", "missing_lines": 19, "excluded_lines": 0, "num_branches": 8, "num_partial_branches": 0, "covered_branches": 0, "missing_branches": 8}, "missing_lines": [458, 459, 461, 462, 463, 465, 466, 467, 468, 469, 470, 471, 474, 475, 476, 478, 479, 480, 483], "excluded_lines": [], "executed_branches": [], "missing_branches": [[461, 462], [461, 465], [466, 467], [466, 468], [468, 469], [468, 470], [470, 471], [470, 474]]}, "": {"executed_lines": [], "summary": {"covered_lines": 0, "num_statements": 44, "percent_covered": 0.0, "percent_covered_display": "0.00", "missing_lines": 44, "excluded_lines": 0, "num_branches": 0, "num_partial_branches": 0, "covered_branches": 0, "missing_branches": 0}, "missing_lines": [7, 8, 9, 10, 11, 13, 14, 15, 16, 18, 19, 20, 21, 22, 24, 25, 28, 32, 33, 34, 35, 36, 37, 38, 39, 40, 41, 42, 44, 45, 57, 60, 86, 130, 142, 166, 192, 213, 239, 256, 274, 308, 379, 443], "excluded_lines": [], "executed_branches": [], "missing_branches": []}}, "classes": {"CacheConfig": {"executed_lines": [], "summary": {"covered_lines": 0, "num_statements": 1, "percent_covered": 0.0, "percent_covered_display": "0.00", "missing_lines": 1, "excluded_lines": 0, "num_branches": 0, "num_partial_branches": 0, "covered_branches": 0, "missing_branches": 0}, "missing_lines": [54], "excluded_lines": [], "executed_branches": [], "missing_branches": []}, "CacheClient": {"executed_lines": [], "summary": {"covered_lines": 0, "num_statements": 109, "percent_covered": 0.0, "percent_covered_display": "0.00", "missing_lines": 109, "excluded_lines": 0, "num_branches": 38, "num_partial_branches": 0, "covered_branches": 0, "missing_branches": 38}, "missing_lines": [73, 74, 75, 76, 77, 79, 80, 84, 92, 93, 95, 96, 98, 100, 101, 102, 103, 105, 116, 117, 118, 119, 121, 122, 125, 126, 127, 128, 132, 133, 134, 135, 136, 137, 139, 140, 151, 152, 154, 155, 156, 157, 158, 160, 161, 162, 163, 164, 177, 178, 180, 181, 182, 183, 185, 186, 187, 188, 189, 190, 201, 202, 204, 205, 206, 207, 208, 209, 210, 211, 222, 223, 225, 226, 227, 228, 230, 231, 232, 233, 234, 235, 236, 237, 245, 246, 248, 249, 250, 251, 252, 253, 254, 265, 266, 268, 269, 270, 271, 272, 292, 294, 295, 297, 298, 301, 302, 303, 305], "excluded_lines": [], "executed_branches": [], "missing_branches": [[79, -60], [79, 80], [92, 93], [92, 95], [95, 96], [95, 98], [132, -130], [132, 133], [151, 152], [151, 154], [156, 157], [156, 160], [177, 178], [177, 180], [182, 183], [182, 185], [201, 202], [201, 204], [206, 207], [206, 208], [222, 223], [222, 225], [227, 228], [227, 230], [230, 231], [230, 234], [245, 246], [245, 248], [265, 266], [265, 268], [294, 295], [294, 297], [297, 298], [297, 301], [301, 302], [301, 305], [302, 301], [302, 303]]}, "": {"executed_lines": [], "summary": {"covered_lines": 0, "num_statements": 133, "percent_covered": 0.0, "percent_covered_display": "0.00", "missing_lines": 133, "excluded_lines": 0, "num_branches": 32, "num_partial_branches": 0, "covered_branches": 0, "missing_branches": 32}, "missing_lines": [7, 8, 9, 10, 11, 13, 14, 15, 16, 18, 19, 20, 21, 22, 24, 25, 28, 32, 33, 34, 35, 36, 37, 38, 39, 40, 41, 42, 44, 45, 57, 60, 86, 130, 142, 166, 192, 213, 239, 256, 274, 308, 327, 328, 329, 331, 332, 333, 334, 335, 336, 337, 339, 341, 344, 345, 348, 349, 352, 354, 355, 356, 359, 360, 361, 362, 365, 368, 369, 370, 372, 374, 376, 379, 388, 390, 391, 393, 394, 395, 397, 399, 400, 401, 404, 405, 406, 407, 408, 409, 410, 411, 412, 413, 414, 415, 418, 419, 420, 421, 423, 424, 425, 426, 427, 428, 429, 430, 432, 434, 435, 438, 440, 443, 458, 459, 461, 462, 463, 465, 466, 467, 468, 469, 470, 471, 474, 475, 476, 478, 479, 480, 483], "excluded_lines": [], "executed_branches": [], "missing_branches": [[332, 333], [332, 336], [333, 332], [333, 334], [336, 337], [336, 339], [339, 341], [339, 344], [348, 349], [348, 352], [354, 355], [354, 356], [360, 361], [360, 365], [393, 394], [393, 397], [407, 408], [407, 413], [409, 407], [409, 410], [418, 419], [418, 432], [420, 421], [420, 423], [461, 462], [461, 465], [466, 467], [466, 468], [468, 469], [468, 470], [470, 471], [470, 474]]}}}, "src/config/config.py": {"executed_lines": [1, 3, 4, 6, 7, 10, 11, 13, 14, 17, 18, 20, 28, 34, 41, 48, 54, 60, 67, 74, 81, 87, 94, 100, 107, 114, 120, 127, 133, 140, 146, 147, 148, 157, 159, 161, 162, 163, 175, 176, 177, 179, 180, 189, 190, 191, 193, 194, 200, 201, 203, 204, 206, 207, 213, 214, 215, 217, 223], "summary": {"covered_lines": 56, "num_statements": 57, "percent_covered": 97.01492537313433, "percent_covered_display": "97.01", "missing_lines": 1, "excluded_lines": 0, "num_branches": 10, "num_partial_branches": 1, "covered_branches": 9, "missing_branches": 1}, "missing_lines": [158], "excluded_lines": [], "executed_branches": [[157, 159], [175, 176], [175, 177], [189, 190], [189, 191], [200, 201], [200, 203], [213, 214], [213, 215]], "missing_branches": [[157, 158]], "functions": {"Settings.validate_api_type": {"executed_lines": [157, 159], "summary": {"covered_lines": 2, "num_statements": 3, "percent_covered": 60.0, "percent_covered_display": "60.00", "missing_lines": 1, "excluded_lines": 0, "num_branches": 2, "num_partial_branches": 1, "covered_branches": 1, "missing_branches": 1}, "missing_lines": [158], "excluded_lines": [], "executed_branches": [[157, 159]], "missing_branches": [[157, 158]]}, "Settings.validate_port": {"executed_lines": [175, 176, 177], "summary": {"covered_lines": 3, "num_statements": 3, "percent_covered": 100.0, "percent_covered_display": "100.00", "missing_lines": 0, "excluded_lines": 0, "num_branches": 2, "num_partial_branches": 0, "covered_branches": 2, "missing_branches": 0}, "missing_lines": [], "excluded_lines": [], "executed_branches": [[175, 176], [175, 177]], "missing_branches": []}, "Settings.validate_local_configuration": {"executed_lines": [189, 190, 191], "summary": {"covered_lines": 3, "num_statements": 3, "percent_covered": 100.0, "percent_covered_display": "100.00", "missing_lines": 0, "excluded_lines": 0, "num_branches": 2, "num_partial_branches": 0, "covered_branches": 2, "missing_branches": 0}, "missing_lines": [], "excluded_lines": [], "executed_branches": [[189, 190], [189, 191]], "missing_branches": []}, "Settings.base_url": {"executed_lines": [200, 201, 203, 204], "summary": {"covered_lines": 4, "num_statements": 4, "percent_covered": 100.0, "percent_covered_display": "100.00", "missing_lines": 0, "excluded_lines": 0, "num_branches": 2, "num_partial_branches": 0, "covered_branches": 2, "missing_branches": 0}, "missing_lines": [], "excluded_lines": [], "executed_branches": [[200, 201], [200, 203]], "missing_branches": []}, "Settings.verify_ssl": {"executed_lines": [213, 214, 215], "summary": {"covered_lines": 3, "num_statements": 3, "percent_covered": 100.0, "percent_covered_display": "100.00", "missing_lines": 0, "excluded_lines": 0, "num_branches": 2, "num_partial_branches": 0, "covered_branches": 2, "missing_branches": 0}, "missing_lines": [], "excluded_lines": [], "executed_branches": [[213, 214], [213, 215]], "missing_branches": []}, "Settings.get_headers": {"executed_lines": [223], "summary": {"covered_lines": 1, "num_statements": 1, "percent_covered": 100.0, "percent_covered_display": "100.00", "missing_lines": 0, "excluded_lines": 0, "num_branches": 0, "num_partial_branches": 0, "covered_branches": 0, "missing_branches": 0}, "missing_lines": [], "excluded_lines": [], "executed_branches": [], "missing_branches": []}, "": {"executed_lines": [1, 3, 4, 6, 7, 10, 11, 13, 14, 17, 18, 20, 28, 34, 41, 48, 54, 60, 67, 74, 81, 87, 94, 100, 107, 114, 120, 127, 133, 140, 146, 147, 148, 161, 162, 163, 179, 180, 193, 194, 206, 207, 217], "summary": {"covered_lines": 40, "num_statements": 40, "percent_covered": 100.0, "percent_covered_display": "100.00", "missing_lines": 0, "excluded_lines": 0, "num_branches": 0, "num_partial_branches": 0, "covered_branches": 0, "missing_branches": 0}, "missing_lines": [], "excluded_lines": [], "executed_branches": [], "missing_branches": []}}, "classes": {"APIType": {"executed_lines": [], "summary": {"covered_lines": 0, "num_statements": 0, "percent_covered": 100.0, "percent_covered_display": "100.00", "missing_lines": 0, "excluded_lines": 0, "num_branches": 0, "num_partial_branches": 0, "covered_branches": 0, "missing_branches": 0}, "missing_lines": [], "excluded_lines": [], "executed_branches": [], "missing_branches": []}, "Settings": {"executed_lines": [157, 159, 175, 176, 177, 189, 190, 191, 200, 201, 203, 204, 213, 214, 215, 223], "summary": {"covered_lines": 16, "num_statements": 17, "percent_covered": 92.5925925925926, "percent_covered_display": "92.59", "missing_lines": 1, "excluded_lines": 0, "num_branches": 10, "num_partial_branches": 1, "covered_branches": 9, "missing_branches": 1}, "missing_lines": [158], "excluded_lines": [], "executed_branches": [[157, 159], [175, 176], [175, 177], [189, 190], [189, 191], [200, 201], [200, 203], [213, 214], [213, 215]], "missing_branches": [[157, 158]]}, "": {"executed_lines": [1, 3, 4, 6, 7, 10, 11, 13, 14, 17, 18, 20, 28, 34, 41, 48, 54, 60, 67, 74, 81, 87, 94, 100, 107, 114, 120, 127, 133, 140, 146, 147, 148, 161, 162, 163, 179, 180, 193, 194, 206, 207, 217], "summary": {"covered_lines": 40, "num_statements": 40, "percent_covered": 100.0, "percent_covered_display": "100.00", "missing_lines": 0, "excluded_lines": 0, "num_branches": 0, "num_partial_branches": 0, "covered_branches": 0, "missing_branches": 0}, "missing_lines": [], "excluded_lines": [], "executed_branches": [], "missing_branches": []}}}, "src/main.py": {"executed_lines": [], "summary": {"covered_lines": 0, "num_statements": 334, "percent_covered": 0.0, "percent_covered_display": "0.00", "missing_lines": 334, "excluded_lines": 2, "num_branches": 4, "num_partial_branches": 0, "covered_branches": 0, "missing_branches": 4}, "missing_lines": [3, 5, 6, 7, 9, 10, 11, 12, 13, 14, 15, 16, 17, 18, 19, 20, 21, 22, 23, 24, 25, 26, 27, 28, 29, 30, 31, 32, 35, 36, 39, 42, 43, 44, 45, 47, 52, 58, 67, 70, 71, 73, 76, 77, 78, 79, 80, 84, 85, 91, 99, 100, 106, 107, 110, 111, 120, 121, 124, 125, 134, 135, 138, 139, 148, 149, 155, 156, 158, 161, 162, 164, 167, 168, 170, 173, 174, 176, 180, 181, 183, 186, 187, 189, 192, 193, 195, 198, 199, 201, 205, 206, 208, 211, 212, 214, 217, 218, 220, 223, 224, 226, 230, 231, 233, 236, 237, 239, 242, 243, 245, 249, 250, 252, 255, 256, 269, 284, 285, 299, 315, 316, 320, 324, 325, 341, 359, 360, 377, 396, 397, 401, 407, 408, 412, 417, 418, 426, 431, 432, 440, 446, 447, 451, 454, 455, 459, 462, 463, 467, 471, 472, 476, 479, 480, 495, 512, 513, 529, 547, 548, 552, 555, 556, 558, 562, 563, 567, 570, 571, 585, 601, 602, 606, 610, 611, 613, 616, 617, 621, 624, 625, 633, 637, 638, 640, 644, 645, 649, 652, 653, 661, 664, 665, 675, 681, 682, 692, 704, 705, 714, 720, 721, 728, 731, 732, 734, 737, 738, 751, 766, 767, 771, 774, 775, 779, 785, 786, 788, 791, 792, 801, 806, 807, 817, 823, 824, 831, 834, 835, 837, 840, 841, 861, 883, 884, 905, 928, 929, 933, 937, 938, 940, 944, 945, 947, 950, 951, 957, 960, 961, 963, 967, 968, 970, 973, 974, 976, 979, 980, 992, 1006, 1007, 1018, 1031, 1032, 1034, 1037, 1038, 1046, 1051, 1052, 1054, 1058, 1059, 1070, 1083, 1084, 1086, 1089, 1090, 1092, 1095, 1096, 1103, 1106, 1107, 1113, 1116, 1117, 1123, 1126, 1127, 1134, 1140, 1141, 1143, 1146, 1147, 1149, 1152, 1153, 1155, 1158, 1159, 1161, 1164, 1165, 1167, 1171, 1172, 1181, 1182, 1184, 1187, 1188, 1197, 1198, 1200, 1203, 1204, 1210, 1213, 1214, 1220, 1223, 1224, 1230, 1233, 1235, 1236, 1237, 1238, 1241], "excluded_lines": [1244, 1245], "executed_branches": [], "missing_branches": [[42, 43], [42, 76], [44, 45], [44, 73]], "functions": {"health_check": {"executed_lines": [], "summary": {"covered_lines": 0, "num_statements": 1, "percent_covered": 0.0, "percent_covered_display": "0.00", "missing_lines": 1, "excluded_lines": 0, "num_branches": 0, "num_partial_branches": 0, "covered_branches": 0, "missing_branches": 0}, "missing_lines": [91], "excluded_lines": [], "executed_branches": [], "missing_branches": []}, "get_sites_resource": {"executed_lines": [], "summary": {"covered_lines": 0, "num_statements": 2, "percent_covered": 0.0, "percent_covered_display": "0.00", "missing_lines": 2, "excluded_lines": 0, "num_branches": 0, "num_partial_branches": 0, "covered_branches": 0, "missing_branches": 0}, "missing_lines": [106, 107], "excluded_lines": [], "executed_branches": [], "missing_branches": []}, "get_devices_resource": {"executed_lines": [], "summary": {"covered_lines": 0, "num_statements": 2, "percent_covered": 0.0, "percent_covered_display": "0.00", "missing_lines": 2, "excluded_lines": 0, "num_branches": 0, "num_partial_branches": 0, "covered_branches": 0, "missing_branches": 0}, "missing_lines": [120, 121], "excluded_lines": [], "executed_branches": [], "missing_branches": []}, "get_clients_resource": {"executed_lines": [], "summary": {"covered_lines": 0, "num_statements": 2, "percent_covered": 0.0, "percent_covered_display": "0.00", "missing_lines": 2, "excluded_lines": 0, "num_branches": 0, "num_partial_branches": 0, "covered_branches": 0, "missing_branches": 0}, "missing_lines": [134, 135], "excluded_lines": [], "executed_branches": [], "missing_branches": []}, "get_networks_resource": {"executed_lines": [], "summary": {"covered_lines": 0, "num_statements": 2, "percent_covered": 0.0, "percent_covered_display": "0.00", "missing_lines": 2, "excluded_lines": 0, "num_branches": 0, "num_partial_branches": 0, "covered_branches": 0, "missing_branches": 0}, "missing_lines": [148, 149], "excluded_lines": [], "executed_branches": [], "missing_branches": []}, "get_device_details": {"executed_lines": [], "summary": {"covered_lines": 0, "num_statements": 1, "percent_covered": 0.0, "percent_covered_display": "0.00", "missing_lines": 1, "excluded_lines": 0, "num_branches": 0, "num_partial_branches": 0, "covered_branches": 0, "missing_branches": 0}, "missing_lines": [158], "excluded_lines": [], "executed_branches": [], "missing_branches": []}, "get_device_statistics": {"executed_lines": [], "summary": {"covered_lines": 0, "num_statements": 1, "percent_covered": 0.0, "percent_covered_display": "0.00", "missing_lines": 1, "excluded_lines": 0, "num_branches": 0, "num_partial_branches": 0, "covered_branches": 0, "missing_branches": 0}, "missing_lines": [164], "excluded_lines": [], "executed_branches": [], "missing_branches": []}, "list_devices_by_type": {"executed_lines": [], "summary": {"covered_lines": 0, "num_statements": 1, "percent_covered": 0.0, "percent_covered_display": "0.00", "missing_lines": 1, "excluded_lines": 0, "num_branches": 0, "num_partial_branches": 0, "covered_branches": 0, "missing_branches": 0}, "missing_lines": [170], "excluded_lines": [], "executed_branches": [], "missing_branches": []}, "search_devices": {"executed_lines": [], "summary": {"covered_lines": 0, "num_statements": 1, "percent_covered": 0.0, "percent_covered_display": "0.00", "missing_lines": 1, "excluded_lines": 0, "num_branches": 0, "num_partial_branches": 0, "covered_branches": 0, "missing_branches": 0}, "missing_lines": [176], "excluded_lines": [], "executed_branches": [], "missing_branches": []}, "get_client_details": {"executed_lines": [], "summary": {"covered_lines": 0, "num_statements": 1, "percent_covered": 0.0, "percent_covered_display": "0.00", "missing_lines": 1, "excluded_lines": 0, "num_branches": 0, "num_partial_branches": 0, "covered_branches": 0, "missing_branches": 0}, "missing_lines": [183], "excluded_lines": [], "executed_branches": [], "missing_branches": []}, "get_client_statistics": {"executed_lines": [], "summary": {"covered_lines": 0, "num_statements": 1, "percent_covered": 0.0, "percent_covered_display": "0.00", "missing_lines": 1, "excluded_lines": 0, "num_branches": 0, "num_partial_branches": 0, "covered_branches": 0, "missing_branches": 0}, "missing_lines": [189], "excluded_lines": [], "executed_branches": [], "missing_branches": []}, "list_active_clients": {"executed_lines": [], "summary": {"covered_lines": 0, "num_statements": 1, "percent_covered": 0.0, "percent_covered_display": "0.00", "missing_lines": 1, "excluded_lines": 0, "num_branches": 0, "num_partial_branches": 0, "covered_branches": 0, "missing_branches": 0}, "missing_lines": [195], "excluded_lines": [], "executed_branches": [], "missing_branches": []}, "search_clients": {"executed_lines": [], "summary": {"covered_lines": 0, "num_statements": 1, "percent_covered": 0.0, "percent_covered_display": "0.00", "missing_lines": 1, "excluded_lines": 0, "num_branches": 0, "num_partial_branches": 0, "covered_branches": 0, "missing_branches": 0}, "missing_lines": [201], "excluded_lines": [], "executed_branches": [], "missing_branches": []}, "get_network_details": {"executed_lines": [], "summary": {"covered_lines": 0, "num_statements": 1, "percent_covered": 0.0, "percent_covered_display": "0.00", "missing_lines": 1, "excluded_lines": 0, "num_branches": 0, "num_partial_branches": 0, "covered_branches": 0, "missing_branches": 0}, "missing_lines": [208], "excluded_lines": [], "executed_branches": [], "missing_branches": []}, "list_vlans": {"executed_lines": [], "summary": {"covered_lines": 0, "num_statements": 1, "percent_covered": 0.0, "percent_covered_display": "0.00", "missing_lines": 1, "excluded_lines": 0, "num_branches": 0, "num_partial_branches": 0, "covered_branches": 0, "missing_branches": 0}, "missing_lines": [214], "excluded_lines": [], "executed_branches": [], "missing_branches": []}, "get_subnet_info": {"executed_lines": [], "summary": {"covered_lines": 0, "num_statements": 1, "percent_covered": 0.0, "percent_covered_display": "0.00", "missing_lines": 1, "excluded_lines": 0, "num_branches": 0, "num_partial_branches": 0, "covered_branches": 0, "missing_branches": 0}, "missing_lines": [220], "excluded_lines": [], "executed_branches": [], "missing_branches": []}, "get_network_statistics": {"executed_lines": [], "summary": {"covered_lines": 0, "num_statements": 1, "percent_covered": 0.0, "percent_covered_display": "0.00", "missing_lines": 1, "excluded_lines": 0, "num_branches": 0, "num_partial_branches": 0, "covered_branches": 0, "missing_branches": 0}, "missing_lines": [226], "excluded_lines": [], "executed_branches": [], "missing_branches": []}, "get_site_details": {"executed_lines": [], "summary": {"covered_lines": 0, "num_statements": 1, "percent_covered": 0.0, "percent_covered_display": "0.00", "missing_lines": 1, "excluded_lines": 0, "num_branches": 0, "num_partial_branches": 0, "covered_branches": 0, "missing_branches": 0}, "missing_lines": [233], "excluded_lines": [], "executed_branches": [], "missing_branches": []}, "list_all_sites": {"executed_lines": [], "summary": {"covered_lines": 0, "num_statements": 1, "percent_covered": 0.0, "percent_covered_display": "0.00", "missing_lines": 1, "excluded_lines": 0, "num_branches": 0, "num_partial_branches": 0, "covered_branches": 0, "missing_branches": 0}, "missing_lines": [239], "excluded_lines": [], "executed_branches": [], "missing_branches": []}, "get_site_statistics": {"executed_lines": [], "summary": {"covered_lines": 0, "num_statements": 1, "percent_covered": 0.0, "percent_covered_display": "0.00", "missing_lines": 1, "excluded_lines": 0, "num_branches": 0, "num_partial_branches": 0, "covered_branches": 0, "missing_branches": 0}, "missing_lines": [245], "excluded_lines": [], "executed_branches": [], "missing_branches": []}, "list_firewall_rules": {"executed_lines": [], "summary": {"covered_lines": 0, "num_statements": 1, "percent_covered": 0.0, "percent_covered_display": "0.00", "missing_lines": 1, "excluded_lines": 0, "num_branches": 0, "num_partial_branches": 0, "covered_branches": 0, "missing_branches": 0}, "missing_lines": [252], "excluded_lines": [], "executed_branches": [], "missing_branches": []}, "create_firewall_rule": {"executed_lines": [], "summary": {"covered_lines": 0, "num_statements": 1, "percent_covered": 0.0, "percent_covered_display": "0.00", "missing_lines": 1, "excluded_lines": 0, "num_branches": 0, "num_partial_branches": 0, "covered_branches": 0, "missing_branches": 0}, "missing_lines": [269], "excluded_lines": [], "executed_branches": [], "missing_branches": []}, "update_firewall_rule": {"executed_lines": [], "summary": {"covered_lines": 0, "num_statements": 1, "percent_covered": 0.0, "percent_covered_display": "0.00", "missing_lines": 1, "excluded_lines": 0, "num_branches": 0, "num_partial_branches": 0, "covered_branches": 0, "missing_branches": 0}, "missing_lines": [299], "excluded_lines": [], "executed_branches": [], "missing_branches": []}, "delete_firewall_rule": {"executed_lines": [], "summary": {"covered_lines": 0, "num_statements": 1, "percent_covered": 0.0, "percent_covered_display": "0.00", "missing_lines": 1, "excluded_lines": 0, "num_branches": 0, "num_partial_branches": 0, "covered_branches": 0, "missing_branches": 0}, "missing_lines": [320], "excluded_lines": [], "executed_branches": [], "missing_branches": []}, "create_network": {"executed_lines": [], "summary": {"covered_lines": 0, "num_statements": 1, "percent_covered": 0.0, "percent_covered_display": "0.00", "missing_lines": 1, "excluded_lines": 0, "num_branches": 0, "num_partial_branches": 0, "covered_branches": 0, "missing_branches": 0}, "missing_lines": [341], "excluded_lines": [], "executed_branches": [], "missing_branches": []}, "update_network": {"executed_lines": [], "summary": {"covered_lines": 0, "num_statements": 1, "percent_covered": 0.0, "percent_covered_display": "0.00", "missing_lines": 1, "excluded_lines": 0, "num_branches": 0, "num_partial_branches": 0, "covered_branches": 0, "missing_branches": 0}, "missing_lines": [377], "excluded_lines": [], "executed_branches": [], "missing_branches": []}, "delete_network": {"executed_lines": [], "summary": {"covered_lines": 0, "num_statements": 1, "percent_covered": 0.0, "percent_covered_display": "0.00", "missing_lines": 1, "excluded_lines": 0, "num_branches": 0, "num_partial_branches": 0, "covered_branches": 0, "missing_branches": 0}, "missing_lines": [401], "excluded_lines": [], "executed_branches": [], "missing_branches": []}, "restart_device": {"executed_lines": [], "summary": {"covered_lines": 0, "num_statements": 1, "percent_covered": 0.0, "percent_covered_display": "0.00", "missing_lines": 1, "excluded_lines": 0, "num_branches": 0, "num_partial_branches": 0, "covered_branches": 0, "missing_branches": 0}, "missing_lines": [412], "excluded_lines": [], "executed_branches": [], "missing_branches": []}, "locate_device": {"executed_lines": [], "summary": {"covered_lines": 0, "num_statements": 1, "percent_covered": 0.0, "percent_covered_display": "0.00", "missing_lines": 1, "excluded_lines": 0, "num_branches": 0, "num_partial_branches": 0, "covered_branches": 0, "missing_branches": 0}, "missing_lines": [426], "excluded_lines": [], "executed_branches": [], "missing_branches": []}, "upgrade_device": {"executed_lines": [], "summary": {"covered_lines": 0, "num_statements": 1, "percent_covered": 0.0, "percent_covered_display": "0.00", "missing_lines": 1, "excluded_lines": 0, "num_branches": 0, "num_partial_branches": 0, "covered_branches": 0, "missing_branches": 0}, "missing_lines": [440], "excluded_lines": [], "executed_branches": [], "missing_branches": []}, "block_client": {"executed_lines": [], "summary": {"covered_lines": 0, "num_statements": 1, "percent_covered": 0.0, "percent_covered_display": "0.00", "missing_lines": 1, "excluded_lines": 0, "num_branches": 0, "num_partial_branches": 0, "covered_branches": 0, "missing_branches": 0}, "missing_lines": [451], "excluded_lines": [], "executed_branches": [], "missing_branches": []}, "unblock_client": {"executed_lines": [], "summary": {"covered_lines": 0, "num_statements": 1, "percent_covered": 0.0, "percent_covered_display": "0.00", "missing_lines": 1, "excluded_lines": 0, "num_branches": 0, "num_partial_branches": 0, "covered_branches": 0, "missing_branches": 0}, "missing_lines": [459], "excluded_lines": [], "executed_branches": [], "missing_branches": []}, "reconnect_client": {"executed_lines": [], "summary": {"covered_lines": 0, "num_statements": 1, "percent_covered": 0.0, "percent_covered_display": "0.00", "missing_lines": 1, "excluded_lines": 0, "num_branches": 0, "num_partial_branches": 0, "covered_branches": 0, "missing_branches": 0}, "missing_lines": [467], "excluded_lines": [], "executed_branches": [], "missing_branches": []}, "list_wlans": {"executed_lines": [], "summary": {"covered_lines": 0, "num_statements": 1, "percent_covered": 0.0, "percent_covered_display": "0.00", "missing_lines": 1, "excluded_lines": 0, "num_branches": 0, "num_partial_branches": 0, "covered_branches": 0, "missing_branches": 0}, "missing_lines": [476], "excluded_lines": [], "executed_branches": [], "missing_branches": []}, "create_wlan": {"executed_lines": [], "summary": {"covered_lines": 0, "num_statements": 1, "percent_covered": 0.0, "percent_covered_display": "0.00", "missing_lines": 1, "excluded_lines": 0, "num_branches": 0, "num_partial_branches": 0, "covered_branches": 0, "missing_branches": 0}, "missing_lines": [495], "excluded_lines": [], "executed_branches": [], "missing_branches": []}, "update_wlan": {"executed_lines": [], "summary": {"covered_lines": 0, "num_statements": 1, "percent_covered": 0.0, "percent_covered_display": "0.00", "missing_lines": 1, "excluded_lines": 0, "num_branches": 0, "num_partial_branches": 0, "covered_branches": 0, "missing_branches": 0}, "missing_lines": [529], "excluded_lines": [], "executed_branches": [], "missing_branches": []}, "delete_wlan": {"executed_lines": [], "summary": {"covered_lines": 0, "num_statements": 1, "percent_covered": 0.0, "percent_covered_display": "0.00", "missing_lines": 1, "excluded_lines": 0, "num_branches": 0, "num_partial_branches": 0, "covered_branches": 0, "missing_branches": 0}, "missing_lines": [552], "excluded_lines": [], "executed_branches": [], "missing_branches": []}, "get_wlan_statistics": {"executed_lines": [], "summary": {"covered_lines": 0, "num_statements": 1, "percent_covered": 0.0, "percent_covered_display": "0.00", "missing_lines": 1, "excluded_lines": 0, "num_branches": 0, "num_partial_branches": 0, "covered_branches": 0, "missing_branches": 0}, "missing_lines": [558], "excluded_lines": [], "executed_branches": [], "missing_branches": []}, "list_port_forwards": {"executed_lines": [], "summary": {"covered_lines": 0, "num_statements": 1, "percent_covered": 0.0, "percent_covered_display": "0.00", "missing_lines": 1, "excluded_lines": 0, "num_branches": 0, "num_partial_branches": 0, "covered_branches": 0, "missing_branches": 0}, "missing_lines": [567], "excluded_lines": [], "executed_branches": [], "missing_branches": []}, "create_port_forward": {"executed_lines": [], "summary": {"covered_lines": 0, "num_statements": 1, "percent_covered": 0.0, "percent_covered_display": "0.00", "missing_lines": 1, "excluded_lines": 0, "num_branches": 0, "num_partial_branches": 0, "covered_branches": 0, "missing_branches": 0}, "missing_lines": [585], "excluded_lines": [], "executed_branches": [], "missing_branches": []}, "delete_port_forward": {"executed_lines": [], "summary": {"covered_lines": 0, "num_statements": 1, "percent_covered": 0.0, "percent_covered_display": "0.00", "missing_lines": 1, "excluded_lines": 0, "num_branches": 0, "num_partial_branches": 0, "covered_branches": 0, "missing_branches": 0}, "missing_lines": [606], "excluded_lines": [], "executed_branches": [], "missing_branches": []}, "get_dpi_statistics": {"executed_lines": [], "summary": {"covered_lines": 0, "num_statements": 1, "percent_covered": 0.0, "percent_covered_display": "0.00", "missing_lines": 1, "excluded_lines": 0, "num_branches": 0, "num_partial_branches": 0, "covered_branches": 0, "missing_branches": 0}, "missing_lines": [613], "excluded_lines": [], "executed_branches": [], "missing_branches": []}, "list_top_applications": {"executed_lines": [], "summary": {"covered_lines": 0, "num_statements": 1, "percent_covered": 0.0, "percent_covered_display": "0.00", "missing_lines": 1, "excluded_lines": 0, "num_branches": 0, "num_partial_branches": 0, "covered_branches": 0, "missing_branches": 0}, "missing_lines": [621], "excluded_lines": [], "executed_branches": [], "missing_branches": []}, "get_client_dpi": {"executed_lines": [], "summary": {"covered_lines": 0, "num_statements": 1, "percent_covered": 0.0, "percent_covered_display": "0.00", "missing_lines": 1, "excluded_lines": 0, "num_branches": 0, "num_partial_branches": 0, "covered_branches": 0, "missing_branches": 0}, "missing_lines": [633], "excluded_lines": [], "executed_branches": [], "missing_branches": []}, "get_application_info": {"executed_lines": [], "summary": {"covered_lines": 0, "num_statements": 1, "percent_covered": 0.0, "percent_covered_display": "0.00", "missing_lines": 1, "excluded_lines": 0, "num_branches": 0, "num_partial_branches": 0, "covered_branches": 0, "missing_branches": 0}, "missing_lines": [640], "excluded_lines": [], "executed_branches": [], "missing_branches": []}, "list_pending_devices": {"executed_lines": [], "summary": {"covered_lines": 0, "num_statements": 1, "percent_covered": 0.0, "percent_covered_display": "0.00", "missing_lines": 1, "excluded_lines": 0, "num_branches": 0, "num_partial_branches": 0, "covered_branches": 0, "missing_branches": 0}, "missing_lines": [649], "excluded_lines": [], "executed_branches": [], "missing_branches": []}, "adopt_device": {"executed_lines": [], "summary": {"covered_lines": 0, "num_statements": 1, "percent_covered": 0.0, "percent_covered_display": "0.00", "missing_lines": 1, "excluded_lines": 0, "num_branches": 0, "num_partial_branches": 0, "covered_branches": 0, "missing_branches": 0}, "missing_lines": [661], "excluded_lines": [], "executed_branches": [], "missing_branches": []}, "execute_port_action": {"executed_lines": [], "summary": {"covered_lines": 0, "num_statements": 1, "percent_covered": 0.0, "percent_covered_display": "0.00", "missing_lines": 1, "excluded_lines": 0, "num_branches": 0, "num_partial_branches": 0, "covered_branches": 0, "missing_branches": 0}, "missing_lines": [675], "excluded_lines": [], "executed_branches": [], "missing_branches": []}, "authorize_guest": {"executed_lines": [], "summary": {"covered_lines": 0, "num_statements": 1, "percent_covered": 0.0, "percent_covered_display": "0.00", "missing_lines": 1, "excluded_lines": 0, "num_branches": 0, "num_partial_branches": 0, "covered_branches": 0, "missing_branches": 0}, "missing_lines": [692], "excluded_lines": [], "executed_branches": [], "missing_branches": []}, "limit_bandwidth": {"executed_lines": [], "summary": {"covered_lines": 0, "num_statements": 1, "percent_covered": 0.0, "percent_covered_display": "0.00", "missing_lines": 1, "excluded_lines": 0, "num_branches": 0, "num_partial_branches": 0, "covered_branches": 0, "missing_branches": 0}, "missing_lines": [714], "excluded_lines": [], "executed_branches": [], "missing_branches": []}, "list_vouchers": {"executed_lines": [], "summary": {"covered_lines": 0, "num_statements": 1, "percent_covered": 0.0, "percent_covered_display": "0.00", "missing_lines": 1, "excluded_lines": 0, "num_branches": 0, "num_partial_branches": 0, "covered_branches": 0, "missing_branches": 0}, "missing_lines": [728], "excluded_lines": [], "executed_branches": [], "missing_branches": []}, "get_voucher": {"executed_lines": [], "summary": {"covered_lines": 0, "num_statements": 1, "percent_covered": 0.0, "percent_covered_display": "0.00", "missing_lines": 1, "excluded_lines": 0, "num_branches": 0, "num_partial_branches": 0, "covered_branches": 0, "missing_branches": 0}, "missing_lines": [734], "excluded_lines": [], "executed_branches": [], "missing_branches": []}, "create_vouchers": {"executed_lines": [], "summary": {"covered_lines": 0, "num_statements": 1, "percent_covered": 0.0, "percent_covered_display": "0.00", "missing_lines": 1, "excluded_lines": 0, "num_branches": 0, "num_partial_branches": 0, "covered_branches": 0, "missing_branches": 0}, "missing_lines": [751], "excluded_lines": [], "executed_branches": [], "missing_branches": []}, "delete_voucher": {"executed_lines": [], "summary": {"covered_lines": 0, "num_statements": 1, "percent_covered": 0.0, "percent_covered_display": "0.00", "missing_lines": 1, "excluded_lines": 0, "num_branches": 0, "num_partial_branches": 0, "covered_branches": 0, "missing_branches": 0}, "missing_lines": [771], "excluded_lines": [], "executed_branches": [], "missing_branches": []}, "bulk_delete_vouchers": {"executed_lines": [], "summary": {"covered_lines": 0, "num_statements": 1, "percent_covered": 0.0, "percent_covered_display": "0.00", "missing_lines": 1, "excluded_lines": 0, "num_branches": 0, "num_partial_branches": 0, "covered_branches": 0, "missing_branches": 0}, "missing_lines": [779], "excluded_lines": [], "executed_branches": [], "missing_branches": []}, "list_firewall_zones": {"executed_lines": [], "summary": {"covered_lines": 0, "num_statements": 1, "percent_covered": 0.0, "percent_covered_display": "0.00", "missing_lines": 1, "excluded_lines": 0, "num_branches": 0, "num_partial_branches": 0, "covered_branches": 0, "missing_branches": 0}, "missing_lines": [788], "excluded_lines": [], "executed_branches": [], "missing_branches": []}, "create_firewall_zone": {"executed_lines": [], "summary": {"covered_lines": 0, "num_statements": 1, "percent_covered": 0.0, "percent_covered_display": "0.00", "missing_lines": 1, "excluded_lines": 0, "num_branches": 0, "num_partial_branches": 0, "covered_branches": 0, "missing_branches": 0}, "missing_lines": [801], "excluded_lines": [], "executed_branches": [], "missing_branches": []}, "update_firewall_zone": {"executed_lines": [], "summary": {"covered_lines": 0, "num_statements": 1, "percent_covered": 0.0, "percent_covered_display": "0.00", "missing_lines": 1, "excluded_lines": 0, "num_branches": 0, "num_partial_branches": 0, "covered_branches": 0, "missing_branches": 0}, "missing_lines": [817], "excluded_lines": [], "executed_branches": [], "missing_branches": []}, "list_acl_rules": {"executed_lines": [], "summary": {"covered_lines": 0, "num_statements": 1, "percent_covered": 0.0, "percent_covered_display": "0.00", "missing_lines": 1, "excluded_lines": 0, "num_branches": 0, "num_partial_branches": 0, "covered_branches": 0, "missing_branches": 0}, "missing_lines": [831], "excluded_lines": [], "executed_branches": [], "missing_branches": []}, "get_acl_rule": {"executed_lines": [], "summary": {"covered_lines": 0, "num_statements": 1, "percent_covered": 0.0, "percent_covered_display": "0.00", "missing_lines": 1, "excluded_lines": 0, "num_branches": 0, "num_partial_branches": 0, "covered_branches": 0, "missing_branches": 0}, "missing_lines": [837], "excluded_lines": [], "executed_branches": [], "missing_branches": []}, "create_acl_rule": {"executed_lines": [], "summary": {"covered_lines": 0, "num_statements": 1, "percent_covered": 0.0, "percent_covered_display": "0.00", "missing_lines": 1, "excluded_lines": 0, "num_branches": 0, "num_partial_branches": 0, "covered_branches": 0, "missing_branches": 0}, "missing_lines": [861], "excluded_lines": [], "executed_branches": [], "missing_branches": []}, "update_acl_rule": {"executed_lines": [], "summary": {"covered_lines": 0, "num_statements": 1, "percent_covered": 0.0, "percent_covered_display": "0.00", "missing_lines": 1, "excluded_lines": 0, "num_branches": 0, "num_partial_branches": 0, "covered_branches": 0, "missing_branches": 0}, "missing_lines": [905], "excluded_lines": [], "executed_branches": [], "missing_branches": []}, "delete_acl_rule": {"executed_lines": [], "summary": {"covered_lines": 0, "num_statements": 1, "percent_covered": 0.0, "percent_covered_display": "0.00", "missing_lines": 1, "excluded_lines": 0, "num_branches": 0, "num_partial_branches": 0, "covered_branches": 0, "missing_branches": 0}, "missing_lines": [933], "excluded_lines": [], "executed_branches": [], "missing_branches": []}, "list_wan_connections": {"executed_lines": [], "summary": {"covered_lines": 0, "num_statements": 1, "percent_covered": 0.0, "percent_covered_display": "0.00", "missing_lines": 1, "excluded_lines": 0, "num_branches": 0, "num_partial_branches": 0, "covered_branches": 0, "missing_branches": 0}, "missing_lines": [940], "excluded_lines": [], "executed_branches": [], "missing_branches": []}, "list_dpi_categories": {"executed_lines": [], "summary": {"covered_lines": 0, "num_statements": 1, "percent_covered": 0.0, "percent_covered_display": "0.00", "missing_lines": 1, "excluded_lines": 0, "num_branches": 0, "num_partial_branches": 0, "covered_branches": 0, "missing_branches": 0}, "missing_lines": [947], "excluded_lines": [], "executed_branches": [], "missing_branches": []}, "list_dpi_applications": {"executed_lines": [], "summary": {"covered_lines": 0, "num_statements": 1, "percent_covered": 0.0, "percent_covered_display": "0.00", "missing_lines": 1, "excluded_lines": 0, "num_branches": 0, "num_partial_branches": 0, "covered_branches": 0, "missing_branches": 0}, "missing_lines": [957], "excluded_lines": [], "executed_branches": [], "missing_branches": []}, "list_countries": {"executed_lines": [], "summary": {"covered_lines": 0, "num_statements": 1, "percent_covered": 0.0, "percent_covered_display": "0.00", "missing_lines": 1, "excluded_lines": 0, "num_branches": 0, "num_partial_branches": 0, "covered_branches": 0, "missing_branches": 0}, "missing_lines": [963], "excluded_lines": [], "executed_branches": [], "missing_branches": []}, "get_zbf_matrix": {"executed_lines": [], "summary": {"covered_lines": 0, "num_statements": 1, "percent_covered": 0.0, "percent_covered_display": "0.00", "missing_lines": 1, "excluded_lines": 0, "num_branches": 0, "num_partial_branches": 0, "covered_branches": 0, "missing_branches": 0}, "missing_lines": [970], "excluded_lines": [], "executed_branches": [], "missing_branches": []}, "get_zone_policies": {"executed_lines": [], "summary": {"covered_lines": 0, "num_statements": 1, "percent_covered": 0.0, "percent_covered_display": "0.00", "missing_lines": 1, "excluded_lines": 0, "num_branches": 0, "num_partial_branches": 0, "covered_branches": 0, "missing_branches": 0}, "missing_lines": [976], "excluded_lines": [], "executed_branches": [], "missing_branches": []}, "update_zbf_policy": {"executed_lines": [], "summary": {"covered_lines": 0, "num_statements": 1, "percent_covered": 0.0, "percent_covered_display": "0.00", "missing_lines": 1, "excluded_lines": 0, "num_branches": 0, "num_partial_branches": 0, "covered_branches": 0, "missing_branches": 0}, "missing_lines": [992], "excluded_lines": [], "executed_branches": [], "missing_branches": []}, "block_application_by_zone": {"executed_lines": [], "summary": {"covered_lines": 0, "num_statements": 1, "percent_covered": 0.0, "percent_covered_display": "0.00", "missing_lines": 1, "excluded_lines": 0, "num_branches": 0, "num_partial_branches": 0, "covered_branches": 0, "missing_branches": 0}, "missing_lines": [1018], "excluded_lines": [], "executed_branches": [], "missing_branches": []}, "list_blocked_applications": {"executed_lines": [], "summary": {"covered_lines": 0, "num_statements": 1, "percent_covered": 0.0, "percent_covered_display": "0.00", "missing_lines": 1, "excluded_lines": 0, "num_branches": 0, "num_partial_branches": 0, "covered_branches": 0, "missing_branches": 0}, "missing_lines": [1034], "excluded_lines": [], "executed_branches": [], "missing_branches": []}, "assign_network_to_zone": {"executed_lines": [], "summary": {"covered_lines": 0, "num_statements": 1, "percent_covered": 0.0, "percent_covered_display": "0.00", "missing_lines": 1, "excluded_lines": 0, "num_branches": 0, "num_partial_branches": 0, "covered_branches": 0, "missing_branches": 0}, "missing_lines": [1046], "excluded_lines": [], "executed_branches": [], "missing_branches": []}, "get_zone_networks": {"executed_lines": [], "summary": {"covered_lines": 0, "num_statements": 1, "percent_covered": 0.0, "percent_covered_display": "0.00", "missing_lines": 1, "excluded_lines": 0, "num_branches": 0, "num_partial_branches": 0, "covered_branches": 0, "missing_branches": 0}, "missing_lines": [1054], "excluded_lines": [], "executed_branches": [], "missing_branches": []}, "get_traffic_flows": {"executed_lines": [], "summary": {"covered_lines": 0, "num_statements": 1, "percent_covered": 0.0, "percent_covered_display": "0.00", "missing_lines": 1, "excluded_lines": 0, "num_branches": 0, "num_partial_branches": 0, "covered_branches": 0, "missing_branches": 0}, "missing_lines": [1070], "excluded_lines": [], "executed_branches": [], "missing_branches": []}, "get_flow_statistics": {"executed_lines": [], "summary": {"covered_lines": 0, "num_statements": 1, "percent_covered": 0.0, "percent_covered_display": "0.00", "missing_lines": 1, "excluded_lines": 0, "num_branches": 0, "num_partial_branches": 0, "covered_branches": 0, "missing_branches": 0}, "missing_lines": [1086], "excluded_lines": [], "executed_branches": [], "missing_branches": []}, "get_traffic_flow_details": {"executed_lines": [], "summary": {"covered_lines": 0, "num_statements": 1, "percent_covered": 0.0, "percent_covered_display": "0.00", "missing_lines": 1, "excluded_lines": 0, "num_branches": 0, "num_partial_branches": 0, "covered_branches": 0, "missing_branches": 0}, "missing_lines": [1092], "excluded_lines": [], "executed_branches": [], "missing_branches": []}, "get_top_flows": {"executed_lines": [], "summary": {"covered_lines": 0, "num_statements": 1, "percent_covered": 0.0, "percent_covered_display": "0.00", "missing_lines": 1, "excluded_lines": 0, "num_branches": 0, "num_partial_branches": 0, "covered_branches": 0, "missing_branches": 0}, "missing_lines": [1103], "excluded_lines": [], "executed_branches": [], "missing_branches": []}, "get_flow_risks": {"executed_lines": [], "summary": {"covered_lines": 0, "num_statements": 1, "percent_covered": 0.0, "percent_covered_display": "0.00", "missing_lines": 1, "excluded_lines": 0, "num_branches": 0, "num_partial_branches": 0, "covered_branches": 0, "missing_branches": 0}, "missing_lines": [1113], "excluded_lines": [], "executed_branches": [], "missing_branches": []}, "get_flow_trends": {"executed_lines": [], "summary": {"covered_lines": 0, "num_statements": 1, "percent_covered": 0.0, "percent_covered_display": "0.00", "missing_lines": 1, "excluded_lines": 0, "num_branches": 0, "num_partial_branches": 0, "covered_branches": 0, "missing_branches": 0}, "missing_lines": [1123], "excluded_lines": [], "executed_branches": [], "missing_branches": []}, "filter_traffic_flows": {"executed_lines": [], "summary": {"covered_lines": 0, "num_statements": 1, "percent_covered": 0.0, "percent_covered_display": "0.00", "missing_lines": 1, "excluded_lines": 0, "num_branches": 0, "num_partial_branches": 0, "covered_branches": 0, "missing_branches": 0}, "missing_lines": [1134], "excluded_lines": [], "executed_branches": [], "missing_branches": []}, "list_all_sites_aggregated": {"executed_lines": [], "summary": {"covered_lines": 0, "num_statements": 1, "percent_covered": 0.0, "percent_covered_display": "0.00", "missing_lines": 1, "excluded_lines": 0, "num_branches": 0, "num_partial_branches": 0, "covered_branches": 0, "missing_branches": 0}, "missing_lines": [1143], "excluded_lines": [], "executed_branches": [], "missing_branches": []}, "get_internet_health": {"executed_lines": [], "summary": {"covered_lines": 0, "num_statements": 1, "percent_covered": 0.0, "percent_covered_display": "0.00", "missing_lines": 1, "excluded_lines": 0, "num_branches": 0, "num_partial_branches": 0, "covered_branches": 0, "missing_branches": 0}, "missing_lines": [1149], "excluded_lines": [], "executed_branches": [], "missing_branches": []}, "get_site_health_summary": {"executed_lines": [], "summary": {"covered_lines": 0, "num_statements": 1, "percent_covered": 0.0, "percent_covered_display": "0.00", "missing_lines": 1, "excluded_lines": 0, "num_branches": 0, "num_partial_branches": 0, "covered_branches": 0, "missing_branches": 0}, "missing_lines": [1155], "excluded_lines": [], "executed_branches": [], "missing_branches": []}, "get_cross_site_statistics": {"executed_lines": [], "summary": {"covered_lines": 0, "num_statements": 1, "percent_covered": 0.0, "percent_covered_display": "0.00", "missing_lines": 1, "excluded_lines": 0, "num_branches": 0, "num_partial_branches": 0, "covered_branches": 0, "missing_branches": 0}, "missing_lines": [1161], "excluded_lines": [], "executed_branches": [], "missing_branches": []}, "list_vantage_points": {"executed_lines": [], "summary": {"covered_lines": 0, "num_statements": 1, "percent_covered": 0.0, "percent_covered_display": "0.00", "missing_lines": 1, "excluded_lines": 0, "num_branches": 0, "num_partial_branches": 0, "covered_branches": 0, "missing_branches": 0}, "missing_lines": [1167], "excluded_lines": [], "executed_branches": [], "missing_branches": []}, "get_zbf_matrix_resource": {"executed_lines": [], "summary": {"covered_lines": 0, "num_statements": 3, "percent_covered": 0.0, "percent_covered_display": "0.00", "missing_lines": 3, "excluded_lines": 0, "num_branches": 0, "num_partial_branches": 0, "covered_branches": 0, "missing_branches": 0}, "missing_lines": [1181, 1182, 1184], "excluded_lines": [], "executed_branches": [], "missing_branches": []}, "get_traffic_flows_resource": {"executed_lines": [], "summary": {"covered_lines": 0, "num_statements": 3, "percent_covered": 0.0, "percent_covered_display": "0.00", "missing_lines": 3, "excluded_lines": 0, "num_branches": 0, "num_partial_branches": 0, "covered_branches": 0, "missing_branches": 0}, "missing_lines": [1197, 1198, 1200], "excluded_lines": [], "executed_branches": [], "missing_branches": []}, "get_site_manager_sites_resource": {"executed_lines": [], "summary": {"covered_lines": 0, "num_statements": 1, "percent_covered": 0.0, "percent_covered_display": "0.00", "missing_lines": 1, "excluded_lines": 0, "num_branches": 0, "num_partial_branches": 0, "covered_branches": 0, "missing_branches": 0}, "missing_lines": [1210], "excluded_lines": [], "executed_branches": [], "missing_branches": []}, "get_site_manager_health_resource": {"executed_lines": [], "summary": {"covered_lines": 0, "num_statements": 1, "percent_covered": 0.0, "percent_covered_display": "0.00", "missing_lines": 1, "excluded_lines": 0, "num_branches": 0, "num_partial_branches": 0, "covered_branches": 0, "missing_branches": 0}, "missing_lines": [1220], "excluded_lines": [], "executed_branches": [], "missing_branches": []}, "get_site_manager_internet_health_resource": {"executed_lines": [], "summary": {"covered_lines": 0, "num_statements": 1, "percent_covered": 0.0, "percent_covered_display": "0.00", "missing_lines": 1, "excluded_lines": 0, "num_branches": 0, "num_partial_branches": 0, "covered_branches": 0, "missing_branches": 0}, "missing_lines": [1230], "excluded_lines": [], "executed_branches": [], "missing_branches": []}, "main": {"executed_lines": [], "summary": {"covered_lines": 0, "num_statements": 5, "percent_covered": 0.0, "percent_covered_display": "0.00", "missing_lines": 5, "excluded_lines": 0, "num_branches": 0, "num_partial_branches": 0, "covered_branches": 0, "missing_branches": 0}, "missing_lines": [1235, 1236, 1237, 1238, 1241], "excluded_lines": [], "executed_branches": [], "missing_branches": []}, "": {"executed_lines": [], "summary": {"covered_lines": 0, "num_statements": 230, "percent_covered": 0.0, "percent_covered_display": "0.00", "missing_lines": 230, "excluded_lines": 2, "num_branches": 4, "num_partial_branches": 0, "covered_branches": 0, "missing_branches": 4}, "missing_lines": [3, 5, 6, 7, 9, 10, 11, 12, 13, 14, 15, 16, 17, 18, 19, 20, 21, 22, 23, 24, 25, 26, 27, 28, 29, 30, 31, 32, 35, 36, 39, 42, 43, 44, 45, 47, 52, 58, 67, 70, 71, 73, 76, 77, 78, 79, 80, 84, 85, 99, 100, 110, 111, 124, 125, 138, 139, 155, 156, 161, 162, 167, 168, 173, 174, 180, 181, 186, 187, 192, 193, 198, 199, 205, 206, 211, 212, 217, 218, 223, 224, 230, 231, 236, 237, 242, 243, 249, 250, 255, 256, 284, 285, 315, 316, 324, 325, 359, 360, 396, 397, 407, 408, 417, 418, 431, 432, 446, 447, 454, 455, 462, 463, 471, 472, 479, 480, 512, 513, 547, 548, 555, 556, 562, 563, 570, 571, 601, 602, 610, 611, 616, 617, 624, 625, 637, 638, 644, 645, 652, 653, 664, 665, 681, 682, 704, 705, 720, 721, 731, 732, 737, 738, 766, 767, 774, 775, 785, 786, 791, 792, 806, 807, 823, 824, 834, 835, 840, 841, 883, 884, 928, 929, 937, 938, 944, 945, 950, 951, 960, 961, 967, 968, 973, 974, 979, 980, 1006, 1007, 1031, 1032, 1037, 1038, 1051, 1052, 1058, 1059, 1083, 1084, 1089, 1090, 1095, 1096, 1106, 1107, 1116, 1117, 1126, 1127, 1140, 1141, 1146, 1147, 1152, 1153, 1158, 1159, 1164, 1165, 1171, 1172, 1187, 1188, 1203, 1204, 1213, 1214, 1223, 1224, 1233], "excluded_lines": [1244, 1245], "executed_branches": [], "missing_branches": [[42, 43], [42, 76], [44, 45], [44, 73]]}}, "classes": {"": {"executed_lines": [], "summary": {"covered_lines": 0, "num_statements": 334, "percent_covered": 0.0, "percent_covered_display": "0.00", "missing_lines": 334, "excluded_lines": 2, "num_branches": 4, "num_partial_branches": 0, "covered_branches": 0, "missing_branches": 4}, "missing_lines": [3, 5, 6, 7, 9, 10, 11, 12, 13, 14, 15, 16, 17, 18, 19, 20, 21, 22, 23, 24, 25, 26, 27, 28, 29, 30, 31, 32, 35, 36, 39, 42, 43, 44, 45, 47, 52, 58, 67, 70, 71, 73, 76, 77, 78, 79, 80, 84, 85, 91, 99, 100, 106, 107, 110, 111, 120, 121, 124, 125, 134, 135, 138, 139, 148, 149, 155, 156, 158, 161, 162, 164, 167, 168, 170, 173, 174, 176, 180, 181, 183, 186, 187, 189, 192, 193, 195, 198, 199, 201, 205, 206, 208, 211, 212, 214, 217, 218, 220, 223, 224, 226, 230, 231, 233, 236, 237, 239, 242, 243, 245, 249, 250, 252, 255, 256, 269, 284, 285, 299, 315, 316, 320, 324, 325, 341, 359, 360, 377, 396, 397, 401, 407, 408, 412, 417, 418, 426, 431, 432, 440, 446, 447, 451, 454, 455, 459, 462, 463, 467, 471, 472, 476, 479, 480, 495, 512, 513, 529, 547, 548, 552, 555, 556, 558, 562, 563, 567, 570, 571, 585, 601, 602, 606, 610, 611, 613, 616, 617, 621, 624, 625, 633, 637, 638, 640, 644, 645, 649, 652, 653, 661, 664, 665, 675, 681, 682, 692, 704, 705, 714, 720, 721, 728, 731, 732, 734, 737, 738, 751, 766, 767, 771, 774, 775, 779, 785, 786, 788, 791, 792, 801, 806, 807, 817, 823, 824, 831, 834, 835, 837, 840, 841, 861, 883, 884, 905, 928, 929, 933, 937, 938, 940, 944, 945, 947, 950, 951, 957, 960, 961, 963, 967, 968, 970, 973, 974, 976, 979, 980, 992, 1006, 1007, 1018, 1031, 1032, 1034, 1037, 1038, 1046, 1051, 1052, 1054, 1058, 1059, 1070, 1083, 1084, 1086, 1089, 1090, 1092, 1095, 1096, 1103, 1106, 1107, 1113, 1116, 1117, 1123, 1126, 1127, 1134, 1140, 1141, 1143, 1146, 1147, 1149, 1152, 1153, 1155, 1158, 1159, 1161, 1164, 1165, 1167, 1171, 1172, 1181, 1182, 1184, 1187, 1188, 1197, 1198, 1200, 1203, 1204, 1210, 1213, 1214, 1220, 1223, 1224, 1230, 1233, 1235, 1236, 1237, 1238, 1241], "excluded_lines": [1244, 1245], "executed_branches": [], "missing_branches": [[42, 43], [42, 76], [44, 45], [44, 73]]}}}, "src/models/acl.py": {"executed_lines": [1, 3, 6, 7, 9, 10, 11, 12, 13, 16, 17, 18, 21, 24, 25, 28, 29, 30, 33, 34, 35, 38, 39, 41], "summary": {"covered_lines": 22, "num_statements": 22, "percent_covered": 100.0, "percent_covered_display": "100.00", "missing_lines": 0, "excluded_lines": 0, "num_branches": 0, "num_partial_branches": 0, "covered_branches": 0, "missing_branches": 0}, "missing_lines": [], "excluded_lines": [], "executed_branches": [], "missing_branches": [], "functions": {"": {"executed_lines": [1, 3, 6, 7, 9, 10, 11, 12, 13, 16, 17, 18, 21, 24, 25, 28, 29, 30, 33, 34, 35, 38, 39, 41], "summary": {"covered_lines": 22, "num_statements": 22, "percent_covered": 100.0, "percent_covered_display": "100.00", "missing_lines": 0, "excluded_lines": 0, "num_branches": 0, "num_partial_branches": 0, "covered_branches": 0, "missing_branches": 0}, "missing_lines": [], "excluded_lines": [], "executed_branches": [], "missing_branches": []}}, "classes": {"ACLRule": {"executed_lines": [], "summary": {"covered_lines": 0, "num_statements": 0, "percent_covered": 100.0, "percent_covered_display": "100.00", "missing_lines": 0, "excluded_lines": 0, "num_branches": 0, "num_partial_branches": 0, "covered_branches": 0, "missing_branches": 0}, "missing_lines": [], "excluded_lines": [], "executed_branches": [], "missing_branches": []}, "": {"executed_lines": [1, 3, 6, 7, 9, 10, 11, 12, 13, 16, 17, 18, 21, 24, 25, 28, 29, 30, 33, 34, 35, 38, 39, 41], "summary": {"covered_lines": 22, "num_statements": 22, "percent_covered": 100.0, "percent_covered_display": "100.00", "missing_lines": 0, "excluded_lines": 0, "num_branches": 0, "num_partial_branches": 0, "covered_branches": 0, "missing_branches": 0}, "missing_lines": [], "excluded_lines": [], "executed_branches": [], "missing_branches": []}}}, "src/models/client.py": {"executed_lines": [1, 3, 6, 7, 9, 10, 11, 12, 15, 16, 17, 18, 19, 22, 23, 24, 27, 28, 29, 30, 31, 32, 35, 36, 37, 40, 41, 42, 45, 46, 47, 50, 51, 53], "summary": {"covered_lines": 32, "num_statements": 32, "percent_covered": 100.0, "percent_covered_display": "100.00", "missing_lines": 0, "excluded_lines": 0, "num_branches": 0, "num_partial_branches": 0, "covered_branches": 0, "missing_branches": 0}, "missing_lines": [], "excluded_lines": [], "executed_branches": [], "missing_branches": [], "functions": {"": {"executed_lines": [1, 3, 6, 7, 9, 10, 11, 12, 15, 16, 17, 18, 19, 22, 23, 24, 27, 28, 29, 30, 31, 32, 35, 36, 37, 40, 41, 42, 45, 46, 47, 50, 51, 53], "summary": {"c
[...]
ted_lines": [21, 24, 25, 28], "summary": {"covered_lines": 4, "num_statements": 4, "percent_covered": 100.0, "percent_covered_display": "100.00", "missing_lines": 0, "excluded_lines": 0, "num_branches": 2, "num_partial_branches": 0, "covered_branches": 2, "missing_branches": 0}, "missing_lines": [], "excluded_lines": [], "executed_branches": [[24, 25], [24, 28]], "missing_branches": []}, "validate_ip_address": {"executed_lines": [43, 44, 45, 47, 48, 49, 50, 51, 52, 53, 55], "summary": {"covered_lines": 11, "num_statements": 11, "percent_covered": 100.0, "percent_covered_display": "100.00", "missing_lines": 0, "excluded_lines": 0, "num_branches": 6, "num_partial_branches": 0, "covered_branches": 6, "missing_branches": 0}, "missing_lines": [], "excluded_lines": [], "executed_branches": [[44, 45], [44, 47], [48, 49], [48, 55], [50, 48], [50, 51]], "missing_branches": []}, "validate_port": {"executed_lines": [70, 71, 73], "summary": {"covered_lines": 3, "num_statements": 3, "percent_covered": 100.0, "percent_covered_display": "100.00", "missing_lines": 0, "excluded_lines": 0, "num_branches": 2, "num_partial_branches": 0, "covered_branches": 2, "missing_branches": 0}, "missing_lines": [], "excluded_lines": [], "executed_branches": [[70, 71], [70, 73]], "missing_branches": []}, "validate_site_id": {"executed_lines": [88, 89, 92, 93, 95], "summary": {"covered_lines": 5, "num_statements": 5, "percent_covered": 100.0, "percent_covered_display": "100.00", "missing_lines": 0, "excluded_lines": 0, "num_branches": 4, "num_partial_branches": 0, "covered_branches": 4, "missing_branches": 0}, "missing_lines": [], "excluded_lines": [], "executed_branches": [[88, 89], [88, 92], [92, 93], [92, 95]], "missing_branches": []}, "validate_device_id": {"executed_lines": [110, 114, 115, 117], "summary": {"covered_lines": 4, "num_statements": 5, "percent_covered": 77.77777777777777, "percent_covered_display": "77.78", "missing_lines": 1, "excluded_lines": 0, "num_branches": 4, "num_partial_branches": 1, "covered_branches": 3, "missing_branches": 1}, "missing_lines": [111], "excluded_lines": [], "executed_branches": [[110, 114], [114, 115], [114, 117]], "missing_branches": [[110, 111]]}, "validate_confirmation": {"executed_lines": [130, 131], "summary": {"covered_lines": 2, "num_statements": 2, "percent_covered": 100.0, "percent_covered_display": "100.00", "missing_lines": 0, "excluded_lines": 0, "num_branches": 2, "num_partial_branches": 0, "covered_branches": 2, "missing_branches": 0}, "missing_lines": [], "excluded_lines": [], "executed_branches": [[130, -120], [130, 131]], "missing_branches": []}, "validate_limit_offset": {"executed_lines": [150, 151, 154, 155, 157, 158, 160], "summary": {"covered_lines": 7, "num_statements": 7, "percent_covered": 100.0, "percent_covered_display": "100.00", "missing_lines": 0, "excluded_lines": 0, "num_branches": 4, "num_partial_branches": 0, "covered_branches": 4, "missing_branches": 0}, "missing_lines": [], "excluded_lines": [], "executed_branches": [[154, 155], [154, 157], [157, 158], [157, 160]], "missing_branches": []}, "": {"executed_lines": [1, 3, 5, 8, 31, 58, 76, 98, 120, 136], "summary": {"covered_lines": 9, "num_statements": 9, "percent_covered": 100.0, "percent_covered_display": "100.00", "missing_lines": 0, "excluded_lines": 0, "num_branches": 0, "num_partial_branches": 0, "covered_branches": 0, "missing_branches": 0}, "missing_lines": [], "excluded_lines": [], "executed_branches": [], "missing_branches": []}}, "classes": {"": {"executed_lines": [1, 3, 5, 8, 21, 24, 25, 28, 31, 43, 44, 45, 47, 48, 49, 50, 51, 52, 53, 55, 58, 70, 71, 73, 76, 88, 89, 92, 93, 95, 98, 110, 114, 115, 117, 120, 130, 131, 136, 150, 151, 154, 155, 157, 158, 160], "summary": {"covered_lines": 45, "num_statements": 46, "percent_covered": 97.14285714285714, "percent_covered_display": "97.14", "missing_lines": 1, "excluded_lines": 0, "num_branches": 24, "num_partial_branches": 1, "covered_branches": 23, "missing_branches": 1}, "missing_lines": [111], "excluded_lines": [], "executed_branches": [[24, 25], [24, 28], [44, 45], [44, 47], [48, 49], [48, 55], [50, 48], [50, 51], [70, 71], [70, 73], [88, 89], [88, 92], [92, 93], [92, 95], [110, 114], [114, 115], [114, 117], [130, -120], [130, 131], [154, 155], [154, 157], [157, 158], [157, 160]], "missing_branches": [[110, 111]]}}}, "src/webhooks/handlers.py": {"executed_lines": [], "summary": {"covered_lines": 0, "num_statements": 55, "percent_covered": 0.0, "percent_covered_display": "0.00", "missing_lines": 55, "excluded_lines": 2, "num_branches": 2, "num_partial_branches": 0, "covered_branches": 0, "missing_branches": 2}, "missing_lines": [6, 7, 9, 10, 11, 17, 20, 26, 27, 29, 35, 36, 38, 43, 45, 51, 57, 58, 60, 65, 67, 73, 79, 80, 81, 83, 88, 90, 96, 102, 103, 105, 110, 112, 118, 124, 125, 126, 128, 134, 140, 141, 143, 145, 151, 155, 161, 170, 176, 178, 179, 181, 185, 195, 196], "excluded_lines": [13, 14], "executed_branches": [], "missing_branches": [[178, 179], [178, 181]], "functions": {"WebhookEventHandler.__init__": {"executed_lines": [], "summary": {"covered_lines": 0, "num_statements": 2, "percent_covered": 0.0, "percent_covered_display": "0.00", "missing_lines": 2, "excluded_lines": 0, "num_branches": 0, "num_partial_branches": 0, "covered_branches": 0, "missing_branches": 0}, "missing_lines": [26, 27], "excluded_lines": [], "executed_branches": [], "missing_branches": []}, "WebhookEventHandler.handle_device_online": {"executed_lines": [], "summary": {"covered_lines": 0, "num_statements": 5, "percent_covered": 0.0, "percent_covered_display": "0.00", "missing_lines": 5, "excluded_lines": 0, "num_branches": 0, "num_partial_branches": 0, "covered_branches": 0, "missing_branches": 0}, "missing_lines": [35, 36, 38, 43, 45], "excluded_lines": [], "executed_branches": [], "missing_branches": []}, "WebhookEventHandler.handle_device_offline": {"executed_lines": [], "summary": {"covered_lines": 0, "num_statements": 5, "percent_covered": 0.0, "percent_covered_display": "0.00", "missing_lines": 5, "excluded_lines": 0, "num_branches": 0, "num_partial_branches": 0, "covered_branches": 0, "missing_branches": 0}, "missing_lines": [57, 58, 60, 65, 67], "excluded_lines": [], "executed_branches": [], "missing_branches": []}, "WebhookEventHandler.handle_client_connected": {"executed_lines": [], "summary": {"covered_lines": 0, "num_statements": 6, "percent_covered": 0.0, "percent_covered_display": "0.00", "missing_lines": 6, "excluded_lines": 0, "num_branches": 0, "num_partial_branches": 0, "covered_branches": 0, "missing_branches": 0}, "missing_lines": [79, 80, 81, 83, 88, 90], "excluded_lines": [], "executed_branches": [], "missing_branches": []}, "WebhookEventHandler.handle_client_disconnected": {"executed_lines": [], "summary": {"covered_lines": 0, "num_statements": 5, "percent_covered": 0.0, "percent_covered_display": "0.00", "missing_lines": 5, "excluded_lines": 0, "num_branches": 0, "num_partial_branches": 0, "covered_branches": 0, "missing_branches": 0}, "missing_lines": [102, 103, 105, 110, 112], "excluded_lines": [], "executed_branches": [], "missing_branches": []}, "WebhookEventHandler.handle_alert_raised": {"executed_lines": [], "summary": {"covered_lines": 0, "num_statements": 4, "percent_covered": 0.0, "percent_covered_display": "0.00", "missing_lines": 4, "excluded_lines": 0, "num_branches": 0, "num_partial_branches": 0, "covered_branches": 0, "missing_branches": 0}, "missing_lines": [124, 125, 126, 128], "excluded_lines": [], "executed_branches": [], "missing_branches": []}, "WebhookEventHandler.handle_event_occurred": {"executed_lines": [], "summary": {"covered_lines": 0, "num_statements": 3, "percent_covered": 0.0, "percent_covered_display": "0.00", "missing_lines": 3, "excluded_lines": 0, "num_branches": 0, "num_partial_branches": 0, "covered_branches": 0, "missing_branches": 0}, "missing_lines": [140, 141, 143], "excluded_lines": [], "executed_branches": [], "missing_branches": []}, "WebhookEventHandler.handle_wildcard": {"executed_lines": [], "summary": {"covered_lines": 0, "num_statements": 1, "percent_covered": 0.0, "percent_covered_display": "0.00", "missing_lines": 1, "excluded_lines": 0, "num_branches": 0, "num_partial_branches": 0, "covered_branches": 0, "missing_branches": 0}, "missing_lines": [151], "excluded_lines": [], "executed_branches": [], "missing_branches": []}, "WebhookEventHandler.get_default_handlers": {"executed_lines": [], "summary": {"covered_lines": 0, "num_statements": 1, "percent_covered": 0.0, "percent_covered_display": "0.00", "missing_lines": 1, "excluded_lines": 0, "num_branches": 0, "num_partial_branches": 0, "covered_branches": 0, "missing_branches": 0}, "missing_lines": [161], "excluded_lines": [], "executed_branches": [], "missing_branches": []}, "WebhookEventHandler.register_default_handlers": {"executed_lines": [], "summary": {"covered_lines": 0, "num_statements": 4, "percent_covered": 0.0, "percent_covered_display": "0.00", "missing_lines": 4, "excluded_lines": 0, "num_branches": 2, "num_partial_branches": 0, "covered_branches": 0, "missing_branches": 2}, "missing_lines": [176, 178, 179, 181], "excluded_lines": [], "executed_branches": [], "missing_branches": [[178, 179], [178, 181]]}, "custom_handler_example": {"executed_lines": [], "summary": {"covered_lines": 0, "num_statements": 2, "percent_covered": 0.0, "percent_covered_display": "0.00", "missing_lines": 2, "excluded_lines": 0, "num_branches": 0, "num_partial_branches": 0, "covered_branches": 0, "missing_branches": 0}, "missing_lines": [195, 196], "excluded_lines": [], "executed_branches": [], "missing_branches": []}, "": {"executed_lines": [], "summary": {"covered_lines": 0, "num_statements": 17, "percent_covered": 0.0, "percent_covered_display": "0.00", "missing_lines": 17, "excluded_lines": 2, "num_branches": 0, "num_partial_branches": 0, "covered_branches": 0, "missing_branches": 0}, "missing_lines": [6, 7, 9, 10, 11, 17, 20, 29, 51, 73, 96, 118, 134, 145, 155, 170, 185], "excluded_lines": [13, 14], "executed_branches": [], "missing_branches": []}}, "classes": {"WebhookEventHandler": {"executed_lines": [], "summary": {"covered_lines": 0, "num_statements": 36, "percent_covered": 0.0, "percent_covered_display": "0.00", "missing_lines": 36, "excluded_lines": 0, "num_branches": 2, "num_partial_branches": 0, "covered_branches": 0, "missing_branches": 2}, "missing_lines": [26, 27, 35, 36, 38, 43, 45, 57, 58, 60, 65, 67, 79, 80, 81, 83, 88, 90, 102, 103, 105, 110, 112, 124, 125, 126, 128, 140, 141, 143, 151, 161, 176, 178, 179, 181], "excluded_lines": [], "executed_branches": [], "missing_branches": [[178, 179], [178, 181]]}, "": {"executed_lines": [], "summary": {"covered_lines": 0, "num_statements": 19, "percent_covered": 0.0, "percent_covered_display": "0.00", "missing_lines": 19, "excluded_lines": 2, "num_branches": 0, "num_partial_branches": 0, "covered_branches": 0, "missing_branches": 0}, "missing_lines": [6, 7, 9, 10, 11, 17, 20, 29, 51, 73, 96, 118, 134, 145, 155, 170, 185, 195, 196], "excluded_lines": [13, 14], "executed_branches": [], "missing_branches": []}}}, "src/webhooks/receiver.py": {"executed_lines": [], "summary": {"covered_lines": 0, "num_statements": 114, "percent_covered": 0.0, "percent_covered_display": "0.00", "missing_lines": 114, "excluded_lines": 0, "num_branches": 34, "num_partial_branches": 0, "covered_branches": 0, "missing_branches": 34}, "missing_lines": [8, 9, 10, 11, 12, 13, 15, 16, 18, 19, 22, 25, 26, 27, 28, 29, 31, 32, 34, 35, 36, 39, 42, 55, 56, 57, 58, 59, 60, 63, 64, 65, 70, 71, 73, 80, 81, 86, 88, 89, 92, 93, 94, 95, 99, 100, 101, 107, 108, 111, 112, 113, 116, 117, 118, 124, 126, 132, 133, 134, 138, 139, 140, 144, 145, 146, 151, 153, 160, 161, 163, 164, 166, 173, 174, 175, 177, 183, 189, 192, 193, 195, 197, 198, 199, 202, 203, 204, 205, 206, 211, 221, 222, 224, 230, 232, 241, 242, 245, 246, 249, 250, 253, 254, 256, 272, 273, 276, 277, 280, 285, 286, 289, 290], "excluded_lines": [], "executed_branches": [], "missing_branches": [[34, 35], [34, 36], [64, 65], [64, 70], [70, -42], [70, 71], [92, 93], [92, 99], [93, 94], [93, 107], [99, 100], [99, 107], [111, 112], [111, 116], [116, 117], [116, 124], [160, 161], [160, 163], [173, -166], [173, 174], [197, 198], [197, 202], [202, -177], [202, 203], [221, 222], [221, 224], [241, 242], [241, 245], [249, 250], [249, 253], [276, 277], [276, 280], [285, 286], [285, 289]], "functions": {"WebhookEvent.validate_event_type": {"executed_lines": [], "summary": {"covered_lines": 0, "num_statements": 3, "percent_covered": 0.0, "percent_covered_display": "0.00", "missing_lines": 3, "excluded_lines": 0, "num_branches": 2, "num_partial_branches": 0, "covered_branches": 0, "missing_branches": 2}, "missing_lines": [34, 35, 36], "excluded_lines": [], "executed_branches": [], "missing_branches": [[34, 35], [34, 36]]}, "WebhookReceiver.__init__": {"executed_lines": [], "summary": {"covered_lines": 0, "num_statements": 11, "percent_covered": 0.0, "percent_covered_display": "0.00", "missing_lines": 11, "excluded_lines": 0, "num_branches": 4, "num_partial_branches": 0, "covered_branches": 0, "missing_branches": 4}, "missing_lines": [55, 56, 57, 58, 59, 60, 63, 64, 65, 70, 71], "excluded_lines": [], "executed_branches": [], "missing_branches": [[64, 65], [64, 70], [70, -42], [70, 71]]}, "WebhookReceiver.register_routes": {"executed_lines": [], "summary": {"covered_lines": 0, "num_statements": 3, "percent_covered": 0.0, "percent_covered_display": "0.00", "missing_lines": 3, "excluded_lines": 0, "num_branches": 0, "num_partial_branches": 0, "covered_branches": 0, "missing_branches": 0}, "missing_lines": [80, 81, 151], "excluded_lines": [], "executed_branches": [], "missing_branches": []}, "WebhookReceiver.register_routes.receive_webhook": {"executed_lines": [], "summary": {"covered_lines": 0, "num_statements": 29, "percent_covered": 0.0, "percent_covered_display": "0.00", "missing_lines": 29, "excluded_lines": 0, "num_branches": 10, "num_partial_branches": 0, "covered_branches": 0, "missing_branches": 10}, "missing_lines": [86, 88, 89, 92, 93, 94, 95, 99, 100, 101, 107, 108, 111, 112, 113, 116, 117, 118, 124, 126, 132, 133, 134, 138, 139, 140, 144, 145, 146], "excluded_lines": [], "executed_branches": [], "missing_branches": [[92, 93], [92, 99], [93, 94], [93, 107], [99, 100], [99, 107], [111, 112], [111, 116], [116, 117], [116, 124]]}, "WebhookReceiver.register_handler": {"executed_lines": [], "summary": {"covered_lines": 0, "num_statements": 4, "percent_covered": 0.0, "percent_covered_display": "0.00", "missing_lines": 4, "excluded_lines": 0, "num_branches": 2, "num_partial_branches": 0, "covered_branches": 0, "missing_branches": 2}, "missing_lines": [160, 161, 163, 164], "excluded_lines": [], "executed_branches": [], "missing_branches": [[160, 161], [160, 163]]}, "WebhookReceiver.unregister_handler": {"executed_lines": [], "summary": {"covered_lines": 0, "num_statements": 3, "percent_covered": 0.0, "percent_covered_display": "0.00", "missing_lines": 3, "excluded_lines": 0, "num_branches": 2, "num_partial_branches": 0, "covered_branches": 0, "missing_branches": 2}, "missing_lines": [173, 174, 175], "excluded_lines": [], "executed_branches": [], "missing_branches": [[173, -166], [173, 174]]}, "WebhookReceiver._process_event": {"executed_lines": [], "summary": {"covered_lines": 0, "num_statements": 13, "percent_covered": 0.0, "percent_covered_display": "0.00", "missing_lines": 13, "excluded_lines": 0, "num_branches": 4, "num_partial_branches": 0, "covered_branches": 0, "missing_branches": 4}, "missing_lines": [183, 189, 192, 193, 195, 197, 198, 199, 202, 203, 204, 205, 206], "excluded_lines": [], "executed_branches": [], "missing_branches": [[197, 198], [197, 202], [202, -177], [202, 203]]}, "WebhookReceiver._verify_signature": {"executed_lines": [], "summary": {"covered_lines": 0, "num_statements": 4, "percent_covered": 0.0, "percent_covered_display": "0.00", "missing_lines": 4, "excluded_lines": 0, "num_branches": 2, "num_partial_branches": 0, "covered_branches": 0, "missing_branches": 2}, "missing_lines": [221, 222, 224, 230], "excluded_lines": [], "executed_branches": [], "missing_branches": [[221, 222], [221, 224]]}, "WebhookReceiver._is_duplicate": {"executed_lines": [], "summary": {"covered_lines": 0, "num_statements": 8, "percent_covered": 0.0, "percent_covered_display": "0.00", "missing_lines": 8, "excluded_lines": 0, "num_branches": 4, "num_partial_branches": 0, "covered_branches": 0, "missing_branches": 4}, "missing_lines": [241, 242, 245, 246, 249, 250, 253, 254], "excluded_lines": [], "executed_branches": [], "missing_branches": [[241, 242], [241, 245], [249, 250], [249, 253]]}, "WebhookReceiver._check_rate_limit": {"executed_lines": [], "summary": {"covered_lines": 0, "num_statements": 9, "percent_covered": 0.0, "percent_covered_display": "0.00", "missing_lines": 9, "excluded_lines": 0, "num_branches": 4, "num_partial_branches": 0, "covered_branches": 0, "missing_branches": 4}, "missing_lines": [272, 273, 276, 277, 280, 285, 286, 289, 290], "excluded_lines": [], "executed_branches": [], "missing_branches": [[276, 277], [276, 280], [285, 286], [285, 289]]}, "": {"executed_lines": [], "summary": {"covered_lines": 0, "num_statements": 27, "percent_covered": 0.0, "percent_covered_display": "0.00", "missing_lines": 27, "excluded_lines": 0, "num_branches": 0, "num_partial_branches": 0, "covered_branches": 0, "missing_branches": 0}, "missing_lines": [8, 9, 10, 11, 12, 13, 15, 16, 18, 19, 22, 25, 26, 27, 28, 29, 31, 32, 39, 42, 73, 153, 166, 177, 211, 232, 256], "excluded_lines": [], "executed_branches": [], "missing_branches": []}}, "classes": {"WebhookEvent": {"executed_lines": [], "summary": {"covered_lines": 0, "num_statements": 3, "percent_covered": 0.0, "percent_covered_display": "0.00", "missing_lines": 3, "excluded_lines": 0, "num_branches": 2, "num_partial_branches": 0, "covered_branches": 0, "missing_branches": 2}, "missing_lines": [34, 35, 36], "excluded_lines": [], "executed_branches": [], "missing_branches": [[34, 35], [34, 36]]}, "WebhookReceiver": {"executed_lines": [], "summary": {"covered_lines": 0, "num_statements": 84, "percent_covered": 0.0, "percent_covered_display": "0.00", "missing_lines": 84, "excluded_lines": 0, "num_branches": 32, "num_partial_branches": 0, "covered_branches": 0, "missing_branches": 32}, "missing_lines": [55, 56, 57, 58, 59, 60, 63, 64, 65, 70, 71, 80, 81, 86, 88, 89, 92, 93, 94, 95, 99, 100, 101, 107, 108, 111, 112, 113, 116, 117, 118, 124, 126, 132, 133, 134, 138, 139, 140, 144, 145, 146, 151, 160, 161, 163, 164, 173, 174, 175, 183, 189, 192, 193, 195, 197, 198, 199, 202, 203, 204, 205, 206, 221, 222, 224, 230, 241, 242, 245, 246, 249, 250, 253, 254, 272, 273, 276, 277, 280, 285, 286, 289, 290], "excluded_lines": [], "executed_branches": [], "missing_branches": [[64, 65], [64, 70], [70, -42], [70, 71], [92, 93], [92, 99], [93, 94], [93, 107], [99, 100], [99, 107], [111, 112], [111, 116], [116, 117], [116, 124], [160, 161], [160, 163], [173, -166], [173, 174], [197, 198], [197, 202], [202, -177], [202, 203], [221, 222], [221, 224], [241, 242], [241, 245], [249, 250], [249, 253], [276, 277], [276, 280], [285, 286], [285, 289]]}, "": {"executed_lines": [], "summary": {"covered_lines": 0, "num_statements": 27, "percent_covered": 0.0, "percent_covered_display": "0.00", "missing_lines": 27, "excluded_lines": 0, "num_branches": 0, "num_partial_branches": 0, "covered_branches": 0, "missing_branches": 0}, "missing_lines": [8, 9, 10, 11, 12, 13, 15, 16, 18, 19, 22, 25, 26, 27, 28, 29, 31, 32, 39, 42, 73, 153, 166, 177, 211, 232, 256], "excluded_lines": [], "executed_branches": [], "missing_branches": []}}}}, "totals": {"covered_lines": 1628, "num_statements": 3681, "percent_covered": 41.26565589980224, "percent_covered_display": "41.27", "missing_lines": 2053, "excluded_lines": 4, "num_branches": 870, "num_partial_branches": 104, "covered_branches": 250, "missing_branches": 620}}