{"meta": {"format": 3, "version": "7.11.0", "timestamp": "2025-11-27T16:06:29.697819", "branch_coverage": true, "show_contexts": false}, "files": {"src/api/client.py": {"executed_lines": [1, 3, 4, 5, 6, 7, 9, 11, 12, 23, 24, 26, 33, 34, 35, 36, 37, 39, 41, 42, 43, 44, 48, 50, 55, 58, 59, 61, 67, 68, 73, 81, 86, 87, 89, 91, 93, 95, 97, 99, 101, 103, 104, 110, 112, 132, 134, 187, 193, 196, 199, 201, 206, 208, 210, 222, 223, 224, 225, 227, 245, 271, 273, 275, 277, 280, 285, 288, 293, 295, 302, 305, 306, 315, 316, 319, 324, 327, 328, 331, 332, 335, 349, 350, 351, 357, 359, 360, 361, 364, 367, 368, 369, 375, 377, 383, 385, 387, 388, 389, 390, 391, 395, 397, 403, 413, 415, 431, 433, 451, 463, 464, 475], "summary": {"covered_lines": 110, "num_statements": 201, "percent_covered": 49.07063197026022, "percent_covered_display": "49.07", "missing_lines": 91, "excluded_lines": 0, "num_branches": 68, "num_partial_branches": 12, "covered_branches": 22, "missing_branches": 46}, "missing_lines": [51, 52, 53, 137, 140, 141, 147, 148, 149, 151, 152, 153, 157, 163, 164, 165, 167, 170, 171, 172, 174, 175, 176, 177, 180, 181, 184, 185, 197, 211, 212, 214, 220, 236, 237, 238, 239, 240, 241, 243, 281, 289, 290, 320, 321, 322, 336, 337, 338, 339, 340, 342, 370, 372, 373, 378, 379, 380, 381, 393, 399, 400, 401, 449, 461, 466, 467, 469, 470, 471, 472, 473, 487, 488, 490, 491, 493, 494, 495, 497, 498, 499, 501, 502, 503, 504, 506, 513, 514, 515, 517], "excluded_lines": [], "executed_branches": [[50, 55], [132, 134], [196, 199], [206, 208], [210, 222], [280, 285], [288, 293], [305, 306], [315, 316], [315, 327], [319, 324], [327, 328], [327, 331], [331, 332], [331, 335], [335, 349], [350, 351], [350, 367], [357, 359], [357, 369], [377, 383], [387, 388]], "missing_branches": [[50, 51], [132, 137], [140, 141], [140, 147], [148, 149], [148, 170], [152, 153], [152, 157], [164, 165], [164, 167], [171, 172], [171, 180], [175, 176], [175, 177], [180, 181], [180, 184], [196, 197], [206, 212], [210, 211], [212, 214], [212, 220], [237, 238], [237, 243], [240, 237], [240, 241], [280, 281], [288, 289], [305, 315], [319, 320], [335, 336], [377, 378], [387, 393], [466, 467], [466, 469], [487, 488], [487, 490], [490, 491], [490, 493], [494, 495], [494, 497], [501, 502], [501, 517], [503, 504], [503, 506], [513, 501], [513, 514]], "functions": {"RateLimiter.__init__": {"executed_lines": [33, 34, 35, 36, 37], "summary": {"covered_lines": 5, "num_statements": 5, "percent_covered": 100.0, "percent_covered_display": "100.00", "missing_lines": 0, "excluded_lines": 0, "num_branches": 0, "num_partial_branches": 0, "covered_branches": 0, "missing_branches": 0}, "missing_lines": [], "excluded_lines": [], "executed_branches": [], "missing_branches": []}, "RateLimiter.acquire": {"executed_lines": [41, 42, 43, 44, 48, 50, 55], "summary": {"covered_lines": 7, "num_statements": 10, "percent_covered": 66.66666666666667, "percent_covered_display": "66.67", "missing_lines": 3, "excluded_lines": 0, "num_branches": 2, "num_partial_branches": 1, "covered_branches": 1, "missing_branches": 1}, "missing_lines": [51, 52, 53], "excluded_lines": [], "executed_branches": [[50, 55]], "missing_branches": [[50, 51]]}, "UniFiClient.__init__": {"executed_lines": [67, 68, 73, 81, 86, 87, 89], "summary": {"covered_lines": 7, "num_statements": 7, "percent_covered": 100.0, "percent_covered_display": "100.00", "missing_lines": 0, "excluded_lines": 0, "num_branches": 0, "num_partial_branches": 0, "covered_branches": 0, "missing_branches": 0}, "missing_lines": [], "excluded_lines": [], "executed_branches": [], "missing_branches": []}, "UniFiClient.__aenter__": {"executed_lines": [93], "summary": {"covered_lines": 1, "num_statements": 1, "percent_covered": 100.0, "percent_covered_display": "100.00", "missing_lines": 0, "excluded_lines": 0, "num_branches": 0, "num_partial_branches": 0, "covered_branches": 0, "missing_branches": 0}, "missing_lines": [], "excluded_lines": [], "executed_branches": [], "missing_branches": []}, "UniFiClient.__aexit__": {"executed_lines": [97], "summary": {"covered_lines": 1, "num_statements": 1, "percent_covered": 100.0, "percent_covered_display": "100.00", "missing_lines": 0, "excluded_lines": 0, "num_branches": 0, "num_partial_branches": 0, "covered_branches": 0, "missing_branches": 0}, "missing_lines": [], "excluded_lines": [], "executed_branches": [], "missing_branches": []}, "UniFiClient.close": {"executed_lines": [101], "summary": {"covered_lines": 1, "num_statements": 1, "percent_covered": 100.0, "percent_covered_display": "100.00", "missing_lines": 0, "excluded_lines": 0, "num_branches": 0, "num_partial_branches": 0, "covered_branches": 0, "missing_branches": 0}, "missing_lines": [], "excluded_lines": [], "executed_branches": [], "missing_branches": []}, "UniFiClient.is_authenticated": {"executed_lines": [110], "summary": {"covered_lines": 1, "num_statements": 1, "percent_covered": 100.0, "percent_covered_display": "100.00", "missing_lines": 0, "excluded_lines": 0, "num_branches": 0, "num_partial_branches": 0, "covered_branches": 0, "missing_branches": 0}, "missing_lines": [], "excluded_lines": [], "executed_branches": [], "missing_branches": []}, "UniFiClient._translate_endpoint": {"executed_lines": [132, 134], "summary": {"covered_lines": 2, "num_statements": 27, "percent_covered": 6.976744186046512, "percent_covered_display": "6.98", "missing_lines": 25, "excluded_lines": 0, "num_branches": 16, "num_partial_branches": 1, "covered_branches": 1, "missing_branches": 15}, "missing_lines": [137, 140, 141, 147, 148, 149, 151, 152, 153, 157, 163, 164, 165, 167, 170, 171, 172, 174, 175, 176, 177, 180, 181, 184, 185], "excluded_lines": [], "executed_branches": [[132, 134]], "missing_branches": [[132, 137], [140, 141], [140, 147], [148, 149], [148, 170], [152, 153], [152, 157], [164, 165], [164, 167], [171, 172], [171, 180], [175, 176], [175, 177], [180, 181], [180, 184]]}, "UniFiClient.authenticate": {"executed_lines": [193, 196, 199, 201, 206, 208, 210, 222, 223, 224, 225], "summary": {"covered_lines": 11, "num_statements": 16, "percent_covered": 58.333333333333336, "percent_covered_display": "58.33", "missing_lines": 5, "excluded_lines": 0, "num_branches": 8, "num_partial_branches": 3, "covered_branches": 3, "missing_branches": 5}, "missing_lines": [197, 211, 212, 214, 220], "excluded_lines": [], "executed_branches": [[196, 199], [206, 208], [210, 222]], "missing_branches": [[196, 197], [206, 212], [210, 211], [212, 214], [212, 220]]}, "UniFiClient._build_site_uuid_map": {"executed_lines": [], "summary": {"covered_lines": 0, "num_statements": 7, "percent_covered": 0.0, "percent_covered_display": "0.00", "missing_lines": 7, "excluded_lines": 0, "num_branches": 4, "num_partial_branches": 0, "covered_branches": 0, "missing_branches": 4}, "missing_lines": [236, 237, 238, 239, 240, 241, 243], "excluded_lines": [], "executed_branches": [], "missing_branches": [[237, 238], [237, 243], [240, 237], [240, 241]]}, "UniFiClient._request": {"executed_lines": [271, 273, 275, 277, 280, 285, 288, 293, 295, 302, 305, 306, 315, 316, 319, 324, 327, 328, 331, 332, 335, 349, 350, 351, 357, 359, 360, 361, 364, 367, 368, 369, 375, 377, 383, 385, 387, 388, 389, 390, 391, 395, 397], "summary": {"covered_lines": 43, "num_statements": 66, "percent_covered": 66.66666666666667, "percent_covered_display": "66.67", "missing_lines": 23, "excluded_lines": 0, "num_branches": 24, "num_partial_branches": 7, "covered_branches": 17, "missing_branches": 7}, "missing_lines": [281, 289, 290, 320, 321, 322, 336, 337, 338, 339, 340, 342, 370, 372, 373, 378, 379, 380, 381, 393, 399, 400, 401], "excluded_lines": [], "executed_branches": [[280, 285], [288, 293], [305, 306], [315, 316], [315, 327], [319, 324], [327, 328], [327, 331], [331, 332], [331, 335], [335, 349], [350, 351], [350, 367], [357, 359], [357, 369], [377, 383], [387, 388]], "missing_branches": [[280, 281], [288, 289], [305, 315], [319, 320], [335, 336], [377, 378], [387, 393]]}, "UniFiClient.get": {"executed_lines": [413], "summary": {"covered_lines": 1, "num_statements": 1, "percent_covered": 100.0, "percent_covered_display": "100.00", "missing_lines": 0, "excluded_lines": 0, "num_branches": 0, "num_partial_branches": 0, "covered_branches": 0, "missing_branches": 0}, "missing_lines": [], "excluded_lines": [], "executed_branches": [], "missing_branches": []}, "UniFiClient.post": {"executed_lines": [431], "summary": {"covered_lines": 1, "num_statements": 1, "percent_covered": 100.0, "percent_covered_display": "100.00", "missing_lines": 0, "excluded_lines": 0, "num_branches": 0, "num_partial_branches": 0, "covered_branches": 0, "missing_branches": 0}, "missing_lines": [], "excluded_lines": [], "executed_branches": [], "missing_branches": []}, "UniFiClient.put": {"executed_lines": [], "summary": {"covered_lines": 0, "num_statements": 1, "percent_covered": 0.0, "percent_covered_display": "0.00", "missing_lines": 1, "excluded_lines": 0, "num_branches": 0, "num_partial_branches": 0, "covered_branches": 0, "missing_branches": 0}, "missing_lines": [449], "excluded_lines": [], "executed_branches": [], "missing_branches": []}, "UniFiClient.delete": {"executed_lines": [], "summary": {"covered_lines": 0, "num_statements": 1, "percent_covered": 0.0, "percent_covered_display": "0.00", "missing_lines": 1, "excluded_lines": 0, "num_branches": 0, "num_partial_branches": 0, "covered_branches": 0, "missing_branches": 0}, "missing_lines": [461], "excluded_lines": [], "executed_branches": [], "missing_branches": []}, "UniFiClient._looks_like_uuid": {"executed_lines": [], "summary": {"covered_lines": 0, "num_statements": 7, "percent_covered": 0.0, "percent_covered_display": "0.00", "missing_lines": 7, "excluded_lines": 0, "num_branches": 2, "num_partial_branches": 0, "covered_branches": 0, "missing_branches": 2}, "missing_lines": [466, 467, 469, 470, 471, 472, 473], "excluded_lines": [], "executed_branches": [], "missing_branches": [[466, 467], [466, 469]]}, "UniFiClient.resolve_site_id": {"executed_lines": [], "summary": {"covered_lines": 0, "num_statements": 19, "percent_covered": 0.0, "percent_covered_display": "0.00", "missing_lines": 19, "excluded_lines": 0, "num_branches": 12, "num_partial_branches": 0, "covered_branches": 0, "missing_branches": 12}, "missing_lines": [487, 488, 490, 491, 493, 494, 495, 497, 498, 499, 501, 502, 503, 504, 506, 513, 514, 515, 517], "excluded_lines": [], "executed_branches": [], "missing_branches": [[487, 488], [487, 490], [490, 491], [490, 493], [494, 495], [494, 497], [501, 502], [501, 517], [503, 504], [503, 506], [513, 501], [513, 514]]}, "": {"executed_lines": [1, 3, 4, 5, 6, 7, 9, 11, 12, 23, 24, 26, 39, 58, 59, 61, 91, 95, 99, 103, 104, 112, 187, 227, 245, 403, 415, 433, 451, 463, 464, 475], "summary": {"covered_lines": 29, "num_statements": 29, "percent_covered": 100.0, "percent_covered_display": "100.00", "missing_lines": 0, "excluded_lines": 0, "num_branches": 0, "num_partial_branches": 0, "covered_branches": 0, "missing_branches": 0}, "missing_lines": [], "excluded_lines": [], "executed_branches": [], "missing_branches": []}}, "classes": {"RateLimiter": {"executed_lines": [33, 34, 35, 36, 37, 41, 42, 43, 44, 48, 50, 55], "summary": {"covered_lines": 12, "num_statements": 15, "percent_covered": 76.47058823529412, "percent_covered_display": "76.47", "missing_lines": 3, "excluded_lines": 0, "num_branches": 2, "num_partial_branches": 1, "covered_branches": 1, "missing_branches": 1}, "missing_lines": [51, 52, 53], "excluded_lines": [], "executed_branches": [[50, 55]], "missing_branches": [[50, 51]]}, "UniFiClient": {"executed_lines": [67, 68, 73, 81, 86, 87, 89, 93, 97, 101, 110, 132, 134, 193, 196, 199, 201, 206, 208, 210, 222, 223, 224, 225, 271, 273, 275, 277, 280, 285, 288, 293, 295, 302, 305, 306, 315, 316, 319, 324, 327, 328, 331, 332, 335, 349, 350, 351, 357, 359, 360, 361, 364, 367, 368, 369, 375, 377, 383, 385, 387, 388, 389, 390, 391, 395, 397, 413, 431], "summary": {"covered_lines": 69, "num_statements": 157, "percent_covered": 40.35874439461883, "percent_covered_display": "40.36", "missing_lines": 88, "excluded_lines": 0, "num_branches": 66, "num_partial_branches": 11, "covered_branches": 21, "missing_branches": 45}, "missing_lines": [137, 140, 141, 147, 148, 149, 151, 152, 153, 157, 163, 164, 165, 167, 170, 171, 172, 174, 175, 176, 177, 180, 181, 184, 185, 197, 211, 212, 214, 220, 236, 237, 238, 239, 240, 241, 243, 281, 289, 290, 320, 321, 322, 336, 337, 338, 339, 340, 342, 370, 372, 373, 378, 379, 380, 381, 393, 399, 400, 401, 449, 461, 466, 467, 469, 470, 471, 472, 473, 487, 488, 490, 491, 493, 494, 495, 497, 498, 499, 501, 502, 503, 504, 506, 513, 514, 515, 517], "excluded_lines": [], "executed_branches": [[132, 134], [196, 199], [206, 208], [210, 222], [280, 285], [288, 293], [305, 306], [315, 316], [315, 327], [319, 324], [327, 328], [327, 331], [331, 332], [331, 335], [335, 349], [350, 351], [350, 367], [357, 359], [357, 369], [377, 383], [387, 388]], "missing_branches": [[132, 137], [140, 141], [140, 147], [148, 149], [148, 170], [152, 153], [152, 157], [164, 165], [164, 167], [171, 172], [171, 180], [175, 176], [175, 177], [180, 181], [180, 184], [196, 197], [206, 212], [210, 211], [212, 214], [212, 220], [237, 238], [237, 243], [240, 237], [240, 241], [280, 281], [288, 289], [305, 315], [319, 320], [335, 336], [377, 378], [387, 393], [466, 467], [466, 469], [487, 488], [487, 490], [490, 491], [490, 493], [494, 495], [494, 497], [501, 502], [501, 517], [503, 504], [503, 506], [513, 501], [513, 514]]}, "": {"executed_lines": [1, 3, 4, 5, 6, 7, 9, 11, 12, 23, 24, 26, 39, 58, 59, 61, 91, 95, 99, 103, 104, 112, 187, 227, 245, 403, 415, 433, 451, 463, 464, 475], "summary": {"covered_lines": 29, "num_statements": 29, "percent_covered": 100.0, "percent_covered_display": "100.00", "missing_lines": 0, "excluded_lines": 0, "num_branches": 0, "num_partial_branches": 0, "covered_branches": 0, "missing_branches": 0}, "missing_lines": [], "excluded_lines": [], "executed_branches": [], "missing_branches": []}}}, "src/api/site_manager_client.py": {"executed_lines": [1, 3, 5, 7, 8, 10, 13, 14, 16, 38, 42, 46, 50, 51, 59, 77, 120, 140, 155, 170], "summary": {"covered_lines": 18, "num_statements": 70, "percent_covered": 20.454545454545453, "percent_covered_display": "20.45", "missing_lines": 52, "excluded_lines": 0, "num_branches": 18, "num_partial_branches": 0, "covered_branches": 0, "missing_branches": 18}, "missing_lines": [22, 23, 26, 29, 36, 40, 44, 48, 57, 65, 67, 68, 69, 70, 72, 73, 74, 75, 91, 92, 94, 96, 97, 99, 100, 102, 104, 105, 106, 107, 108, 110, 114, 115, 116, 117, 118, 132, 133, 134, 135, 136, 138, 149, 150, 151, 153, 164, 165, 166, 168, 176], "excluded_lines": [], "executed_branches": [], "missing_branches": [[68, 69], [68, 72], [91, 92], [91, 94], [96, 97], [96, 99], [105, 106], [105, 107], [107, 108], [107, 110], [133, 134], [133, 135], [135, 136], [135, 138], [150, 151], [150, 153], [165, 166], [165, 168]], "functions": {"SiteManagerClient.__init__": {"executed_lines": [], "summary": {"covered_lines": 0, "num_statements": 5, "percent_covered": 0.0, "percent_covered_display": "0.00", "missing_lines": 5, "excluded_lines": 0, "num_branches": 0, "num_partial_branches": 0, "covered_branches": 0, "missing_branches": 0}, "missing_lines": [22, 23, 26, 29, 36], "excluded_lines": [], "executed_branches": [], "missing_branches": []}, "SiteManagerClient.__aenter__": {"executed_lines": [], "summary": {"covered_lines": 0, "num_statements": 1, "percent_covered": 0.0, "percent_covered_display": "0.00", "missing_lines": 1, "excluded_lines": 0, "num_branches": 0, "num_partial_branches": 0, "covered_branches": 0, "missing_branches": 0}, "missing_lines": [40], "excluded_lines": [], "executed_branches": [], "missing_branches": []}, "SiteManagerClient.__aexit__": {"executed_lines": [], "summary": {"covered_lines": 0, "num_statements": 1, "percent_covered": 0.0, "percent_covered_display": "0.00", "missing_lines": 1, "excluded_lines": 0, "num_branches": 0, "num_partial_branches": 0, "covered_branches": 0, "missing_branches": 0}, "missing_lines": [44], "excluded_lines": [], "executed_branches": [], "missing_branches": []}, "SiteManagerClient.close": {"executed_lines": [], "summary": {"covered_lines": 0, "num_statements": 1, "percent_covered": 0.0, "percent_covered_display": "0.00", "missing_lines": 1, "excluded_lines": 0, "num_branches": 0, "num_partial_branches": 0, "covered_branches": 0, "missing_branches": 0}, "missing_lines": [48], "excluded_lines": [], "executed_branches": [], "missing_branches": []}, "SiteManagerClient.is_authenticated": {"executed_lines": [], "summary": {"covered_lines": 0, "num_statements": 1, "percent_covered": 0.0, "percent_covered_display": "0.00", "missing_lines": 1, "excluded_lines": 0, "num_branches": 0, "num_partial_branches": 0, "covered_branches": 0, "missing_branches": 0}, "missing_lines": [57], "excluded_lines": [], "executed_branches": [], "missing_branches": []}, "SiteManagerClient.authenticate": {"executed_lines": [], "summary": {"covered_lines": 0, "num_statements": 9, "percent_covered": 0.0, "percent_covered_display": "0.00", "missing_lines": 9, "excluded_lines": 0, "num_branches": 2, "num_partial_branches": 0, "covered_branches": 0, "missing_branches": 2}, "missing_lines": [65, 67, 68, 69, 70, 72, 73, 74, 75], "excluded_lines": [], "executed_branches": [], "missing_branches": [[68, 69], [68, 72]]}, "SiteManagerClient.get": {"executed_lines": [], "summary": {"covered_lines": 0, "num_statements": 19, "percent_covered": 0.0, "percent_covered_display": "0.00", "missing_lines": 19, "excluded_lines": 0, "num_branches": 8, "num_partial_branches": 0, "covered_branches": 0, "missing_branches": 8}, "missing_lines": [91, 92, 94, 96, 97, 99, 100, 102, 104, 105, 106, 107, 108, 110, 114, 115, 116, 117, 118], "excluded_lines": [], "executed_branches": [], "missing_branches": [[91, 92], [91, 94], [96, 97], [96, 99], [105, 106], [105, 107], [107, 108], [107, 110]]}, "SiteManagerClient.list_sites": {"executed_lines": [], "summary": {"covered_lines": 0, "num_statements": 6, "percent_covered": 0.0, "percent_covered_display": "0.00", "missing_lines": 6, "excluded_lines": 0, "num_branches": 4, "num_partial_branches": 0, "covered_branches": 0, "missing_branches": 4}, "missing_lines": [132, 133, 134, 135, 136, 138], "excluded_lines": [], "executed_branches": [], "missing_branches": [[133, 134], [133, 135], [135, 136], [135, 138]]}, "SiteManagerClient.get_site_health": {"executed_lines": [], "summary": {"covered_lines": 0, "num_statements": 4, "percent_covered": 0.0, "percent_covered_display": "0.00", "missing_lines": 4, "excluded_lines": 0, "num_branches": 2, "num_partial_branches": 0, "covered_branches": 0, "missing_branches": 2}, "missing_lines": [149, 150, 151, 153], "excluded_lines": [], "executed_branches": [], "missing_branches": [[150, 151], [150, 153]]}, "SiteManagerClient.get_internet_health": {"executed_lines": [], "summary": {"covered_lines": 0, "num_statements": 4, "percent_covered": 0.0, "percent_covered_display": "0.00", "missing_lines": 4, "excluded_lines": 0, "num_branches": 2, "num_partial_branches": 0, "covered_branches": 0, "missing_branches": 2}, "missing_lines": [164, 165, 166, 168], "excluded_lines": [], "executed_branches": [], "missing_branches": [[165, 166], [165, 168]]}, "SiteManagerClient.list_vantage_points": {"executed_lines": [], "summary": {"covered_lines": 0, "num_statements": 1, "percent_covered": 0.0, "percent_covered_display": "0.00", "missing_lines": 1, "excluded_lines": 0, "num_branches": 0, "num_partial_branches": 0, "covered_branches": 0, "missing_branches": 0}, "missing_lines": [176], "excluded_lines": [], "executed_branches": [], "missing_branches": []}, "": {"executed_lines": [1, 3, 5, 7, 8, 10, 13, 14, 16, 38, 42, 46, 50, 51, 59, 77, 120, 140, 155, 170], "summary": {"covered_lines": 18, "num_statements": 18, "percent_covered": 100.0, "percent_covered_display": "100.00", "missing_lines": 0, "excluded_lines": 0, "num_branches": 0, "num_partial_branches": 0, "covered_branches": 0, "missing_branches": 0}, "missing_lines": [], "excluded_lines": [], "executed_branches": [], "missing_branches": []}}, "classes": {"SiteManagerClient": {"executed_lines": [], "summary": {"covered_lines": 0, "num_statements": 52, "percent_covered": 0.0, "percent_covered_display": "0.00", "missing_lines": 52, "excluded_lines": 0, "num_branches": 18, "num_partial_branches": 0, "covered_branches": 0, "missing_branches": 18}, "missing_lines": [22, 23, 26, 29, 36, 40, 44, 48, 57, 65, 67, 68, 69, 70, 72, 73, 74, 75, 91, 92, 94, 96, 97, 99, 100, 102, 104, 105, 106, 107, 108, 110, 114, 115, 116, 117, 118, 132, 133, 134, 135, 136, 138, 149, 150, 151, 153, 164, 165, 166, 168, 176], "excluded_lines": [], "executed_branches": [], "missing_branches": [[68, 69], [68, 72], [91, 92], [91, 94], [96, 97], [96, 99], [105, 106], [105, 107], [107, 108], [107, 110], [133, 134], [133, 135], [135, 136], [135, 138], [150, 151], [150, 153], [165, 166], [165, 168]]}, "": {"executed_lines": [1, 3, 5, 7, 8, 10, 13, 14, 16, 38, 42, 46, 50, 51, 59, 77, 120, 140, 155, 170], "summary": {"covered_lines": 18, "num_statements": 18, "percent_covered": 100.0, "percent_covered_display": "100.00", "missing_lines": 0, "excluded_lines": 0, "num_branches": 0, "num_partial_branches": 0, "covered_branches": 0, "missing_branches": 0}, "missing_lines": [], "excluded_lines": [], "executed_branches": [], "missing_branches": []}}}, "src/cache.py": {"executed_lines": [], "summary": {"covered_lines": 0, "num_statements": 243, "percent_covered": 0.0, "percent_covered_display": "0.00", "missing_lines": 243, "excluded_lines": 0, "num_branches": 70, "num_partial_branches": 0, "covered_branches": 0, "missing_branches": 70}, "missing_lines": [7, 8, 9, 10, 11, 13, 14, 15, 16, 18, 19, 20, 21, 22, 24, 25, 28, 32, 33, 34, 35, 36, 37, 38, 39, 40, 41, 42, 44, 45, 54, 57, 60, 73, 74, 75, 76, 77, 79, 80, 84, 86, 92, 93, 95, 96, 98, 100, 101, 102, 103, 105, 116, 117, 118, 119, 121, 122, 125, 126, 127, 128, 130, 132, 133, 134, 135, 136, 137, 139, 140, 142, 151, 152, 154, 155, 156, 157, 158, 160, 161, 162, 163, 164, 166, 177, 178, 180, 181, 182, 183, 185, 186, 187, 188, 189, 190, 192, 201, 202, 204, 205, 206, 207, 208, 209, 210, 211, 213, 222, 223, 225, 226, 227, 228, 230, 231, 232, 233, 234, 235, 236, 237, 239, 245, 246, 248, 249, 250, 251, 252, 253, 254, 256, 265, 266, 268, 269, 270, 271, 272, 274, 292, 294, 295, 297, 298, 301, 302, 303, 305, 308, 327, 328, 329, 331, 332, 333, 334, 335, 336, 337, 339, 341, 344, 345, 348, 349, 352, 354, 355, 356, 359, 360, 361, 362, 365, 368, 369, 370, 372, 374, 376, 379, 388, 390, 391, 393, 394, 395, 397, 399, 400, 401, 404, 405, 406, 407, 408, 409, 410, 411, 412, 413, 414, 415, 418, 419, 420, 421, 423, 424, 425, 426, 427, 428, 429, 430, 432, 434, 435, 438, 440, 443, 458, 459, 461, 462, 463, 465, 466, 467, 468, 469, 470, 471, 474, 475, 476, 478, 479, 480, 483], "excluded_lines": [], "executed_branches": [], "missing_branches": [[79, -60], [79, 80], [92, 93], [92, 95], [95, 96], [95, 98], [132, -130], [132, 133], [151, 152], [151, 154], [156, 157], [156, 160], [177, 178], [177, 180], [182, 183], [182, 185], [201, 202], [201, 204], [206, 207], [206, 208], [222, 223], [222, 225], [227, 228], [227, 230], [230, 231], [230, 234], [245, 246], [245, 248], [265, 266], [265, 268], [294, 295], [294, 297], [297, 298], [297, 301], [301, 302], [301, 305], [302, 301], [302, 303], [332, 333], [332, 336], [333, 332], [333, 334], [336, 337], [336, 339], [339, 341], [339, 344], [348, 349], [348, 352], [354, 355], [354, 356], [360, 361], [360, 365], [393, 394], [393, 397], [407, 408], [407, 413], [409, 407], [409, 410], [418, 419], [418, 432], [420, 421], [420, 423], [461, 462], [461, 465], [466, 467], [466, 468], [468, 469], [468, 470], [470, 471], [470, 474]], "functions": {"CacheConfig.get_ttl": {"executed_lines": [], "summary": {"covered_lines": 0, "num_statements": 1, "percent_covered": 0.0, "percent_covered_display": "0.00", "missing_lines": 1, "excluded_lines": 0, "num_branches": 0, "num_partial_branches": 0, "covered_branches": 0, "missing_branches": 0}, "missing_lines": [54], "excluded_lines": [], "executed_branches": [], "missing_branches": []}, "CacheClient.__init__": {"executed_lines": [], "summary": {"covered_lines": 0, "num_statements": 8, "percent_covered": 0.0, "percent_covered_display": "0.00", "missing_lines": 8, "excluded_lines": 0, "num_branches": 2, "num_partial_branches": 0, "covered_branches": 0, "missing_branches": 2}, "missing_lines": [73, 74, 75, 76, 77, 79, 80, 84], "excluded_lines": [], "executed_branches": [], "missing_branches": [[79, -60], [79, 80]]}, "CacheClient.connect": {"executed_lines": [], "summary": {"covered_lines": 0, "num_statements": 20, "percent_covered": 0.0, "percent_covered_display": "0.00", "missing_lines": 20, "excluded_lines": 0, "num_branches": 4, "num_partial_branches": 0, "covered_branches": 0, "missing_branches": 4}, "missing_lines": [92, 93, 95, 96, 98, 100, 101, 102, 103, 105, 116, 117, 118, 119, 121, 122, 125, 126, 127, 128], "excluded_lines": [], "executed_branches": [], "missing_branches": [[92, 93], [92, 95], [95, 96], [95, 98]]}, "CacheClient.disconnect": {"executed_lines": [], "summary": {"covered_lines": 0, "num_statements": 8, "percent_covered": 0.0, "percent_covered_display": "0.00", "missing_lines": 8, "excluded_lines": 0, "num_branches": 2, "num_partial_branches": 0, "covered_branches": 0, "missing_branches": 2}, "missing_lines": [132, 133, 134, 135, 136, 137, 139, 140], "excluded_lines": [], "executed_branches": [], "missing_branches": [[132, -130], [132, 133]]}, "CacheClient.get": {"executed_lines": [], "summary": {"covered_lines": 0, "num_statements": 12, "percent_covered": 0.0, "percent_covered_display": "0.00", "missing_lines": 12, "excluded_lines": 0, "num_branches": 4, "num_partial_branches": 0, "covered_branches": 0, "missing_branches": 4}, "missing_lines": [151, 152, 154, 155, 156, 157, 158, 160, 161, 162, 163, 164], "excluded_lines": [], "executed_branches": [], "missing_branches": [[151, 152], [151, 154], [156, 157], [156, 160]]}, "CacheClient.set": {"executed_lines": [], "summary": {"covered_lines": 0, "num_statements": 12, "percent_covered": 0.0, "percent_covered_display": "0.00", "missing_lines": 12, "excluded_lines": 0, "num_branches": 4, "num_partial_branches": 0, "covered_branches": 0, "missing_branches": 4}, "missing_lines": [177, 178, 180, 181, 182, 183, 185, 186, 187, 188, 189, 190], "excluded_lines": [], "executed_branches": [], "missing_branches": [[177, 178], [177, 180], [182, 183], [182, 185]]}, "CacheClient.delete": {"executed_lines": [], "summary": {"covered_lines": 0, "num_statements": 10, "percent_covered": 0.0, "percent_covered_display": "0.00", "missing_lines": 10, "excluded_lines": 0, "num_branches": 4, "num_partial_branches": 0, "covered_branches": 0, "missing_branches": 4}, "missing_lines": [201, 202, 204, 205, 206, 207, 208, 209, 210, 211], "excluded_lines": [], "executed_branches": [], "missing_branches": [[201, 202], [201, 204], [206, 207], [206, 208]]}, "CacheClient.delete_pattern": {"executed_lines": [], "summary": {"covered_lines": 0, "num_statements": 14, "percent_covered": 0.0, "percent_covered_display": "0.00", "missing_lines": 14, "excluded_lines": 0, "num_branches": 6, "num_partial_branches": 0, "covered_branches": 0, "missing_branches": 6}, "missing_lines": [222, 223, 225, 226, 227, 228, 230, 231, 232, 233, 234, 235, 236, 237], "excluded_lines": [], "executed_branches": [], "missing_branches": [[222, 223], [222, 225], [227, 228], [227, 230], [230, 231], [230, 234]]}, "CacheClient.clear": {"executed_lines": [], "summary": {"covered_lines": 0, "num_statements": 9, "percent_covered": 0.0, "percent_covered_display": "0.00", "missing_lines": 9, "excluded_lines": 0, "num_branches": 2, "num_partial_branches": 0, "covered_branches": 0, "missing_branches": 2}, "missing_lines": [245, 246, 248, 249, 250, 251, 252, 253, 254], "excluded_lines": [], "executed_branches": [], "missing_branches": [[245, 246], [245, 248]]}, "CacheClient.exists": {"executed_lines": [], "summary": {"covered_lines": 0, "num_statements": 7, "percent_covered": 0.0, "percent_covered_display": "0.00", "missing_lines": 7, "excluded_lines": 0, "num_branches": 2, "num_partial_branches": 0, "covered_branches": 0, "missing_branches": 2}, "missing_lines": [265, 266, 268, 269, 270, 271, 272], "excluded_lines": [], "executed_branches": [], "missing_branches": [[265, 266], [265, 268]]}, "CacheClient.build_key": {"executed_lines": [], "summary": {"covered_lines": 0, "num_statements": 9, "percent_covered": 0.0, "percent_covered_display": "0.00", "missing_lines": 9, "excluded_lines": 0, "num_branches": 8, "num_partial_branches": 0, "covered_branches": 0, "missing_branches": 8}, "missing_lines": [292, 294, 295, 297, 298, 301, 302, 303, 305], "excluded_lines": [], "executed_branches": [], "missing_branches": [[294, 295], [294, 297], [297, 298], [297, 301], [301, 302], [301, 305], [302, 301], [302, 303]]}, "cached": {"executed_lines": [], "summary": {"covered_lines": 0, "num_statements": 3, "percent_covered": 0.0, "percent_covered_display": "0.00", "missing_lines": 3, "excluded_lines": 0, "num_branches": 0, "num_partial_branches": 0, "covered_branches": 0, "missing_branches": 0}, "missing_lines": [327, 328, 376], "excluded_lines": [], "executed_branches": [], "missing_branches": []}, "cached.decorator": {"executed_lines": [], "summary": {"covered_lines": 0, "num_statements": 2, "percent_covered": 0.0, "percent_covered_display": "0.00", "missing_lines": 2, "excluded_lines": 0, "num_branches": 0, "num_partial_branches": 0, "covered_branches": 0, "missing_branches": 0}, "missing_lines": [329, 374], "excluded_lines": [], "executed_branches": [], "missing_branches": []}, "cached.decorator.wrapper": {"executed_lines": [], "summary": {"covered_lines": 0, "num_statements": 26, "percent_covered": 0.0, "percent_covered_display": "0.00", "missing_lines": 26, "excluded_lines": 0, "num_branches": 14, "num_partial_branches": 0, "covered_branches": 0, "missing_branches": 14}, "missing_lines": [331, 332, 333, 334, 335, 336, 337, 339, 341, 344, 345, 348, 349, 352, 354, 355, 356, 359, 360, 361, 362, 365, 368, 369, 370, 372], "excluded_lines": [], "executed_branches": [], "missing_branches": [[332, 333], [332, 336], [333, 332], [333, 334], [336, 337], [336, 339], [339, 341], [339, 344], [348, 349], [348, 352], [354, 355], [354, 356], [360, 361], [360, 365]]}, "warm_cache": {"executed_lines": [], "summary": {"covered_lines": 0, "num_statements": 39, "percent_covered": 0.0, "percent_covered_display": "0.00", "missing_lines": 39, "excluded_lines": 0, "num_branches": 10, "num_partial_branches": 0, "covered_branches": 0, "missing_branches": 10}, "missing_lines": [388, 390, 391, 393, 394, 395, 397, 399, 400, 401, 404, 405, 406, 407, 408, 409, 410, 411, 412, 413, 414, 415, 418, 419, 420, 421, 423, 424, 425, 426, 427, 428, 429, 430, 432, 434, 435, 438, 440], "excluded_lines": [], "executed_branches": [], "missing_branches": [[393, 394], [393, 397], [407, 408], [407, 413], [409, 407], [409, 410], [418, 419], [418, 432], [420, 421], [420, 423]]}, "invalidate_cache": {"executed_lines": [], "summary": {"covered_lines": 0, "num_statements": 19, "percent_covered": 0.0, "percent_covered_display": "0.00", "missing_lines": 19, "excluded_lines": 0, "num_branches": 8, "num_partial_branches": 0, "covered_branches": 0, "missing_branches": 8}, "missing_lines": [458, 459, 461, 462, 463, 465, 466, 467, 468, 469, 470, 471, 474, 475, 476, 478, 479, 480, 483], "excluded_lines": [], "executed_branches": [], "missing_branches": [[461, 462], [461, 465], [466, 467], [466, 468], [468, 469], [468, 470], [470, 471], [470, 474]]}, "": {"executed_lines": [], "summary": {"covered_lines": 0, "num_statements": 44, "percent_covered": 0.0, "percent_covered_display": "0.00", "missing_lines": 44, "excluded_lines": 0, "num_branches": 0, "num_partial_branches": 0, "covered_branches": 0, "missing_branches": 0}, "missing_lines": [7, 8, 9, 10, 11, 13, 14, 15, 16, 18, 19, 20, 21, 22, 24, 25, 28, 32, 33, 34, 35, 36, 37, 38, 39, 40, 41, 42, 44, 45, 57, 60, 86, 130, 142, 166, 192, 213, 239, 256, 274, 308, 379, 443], "excluded_lines": [], "executed_branches": [], "missing_branches": []}}, "classes": {"CacheConfig": {"executed_lines": [], "summary": {"covered_lines": 0, "num_statements": 1, "percent_covered": 0.0, "percent_covered_display": "0.00", "missing_lines": 1, "excluded_lines": 0, "num_branches": 0, "num_partial_branches": 0, "covered_branches": 0, "missing_branches": 0}, "missing_lines": [54], "excluded_lines": [], "executed_branches": [], "missing_branches": []}, "CacheClient": {"executed_lines": [], "summary": {"covered_lines": 0, "num_statements": 109, "percent_covered": 0.0, "percent_covered_display": "0.00", "missing_lines": 109, "excluded_lines": 0, "num_branches": 38, "num_partial_branches": 0, "covered_branches": 0, "missing_branches": 38}, "missing_lines": [73, 74, 75, 76, 77, 79, 80, 84, 92, 93, 95, 96, 98, 100, 101, 102, 103, 105, 116, 117, 118, 119, 121, 122, 125, 126, 127, 128, 132, 133, 134, 135, 136, 137, 139, 140, 151, 152, 154, 155, 156, 157, 158, 160, 161, 162, 163, 164, 177, 178, 180, 181, 182, 183, 185, 186, 187, 188, 189, 190, 201, 202, 204, 205, 206, 207, 208, 209, 210, 211, 222, 223, 225, 226, 227, 228, 230, 231, 232, 233, 234, 235, 236, 237, 245, 246, 248, 249, 250, 251, 252, 253, 254, 265, 266, 268, 269, 270, 271, 272, 292, 294, 295, 297, 298, 301, 302, 303, 305], "excluded_lines": [], "executed_branches": [], "missing_branches": [[79, -60], [79, 80], [92, 93], [92, 95], [95, 96], [95, 98], [132, -130], [132, 133], [151, 152], [151, 154], [156, 157], [156, 160], [177, 178], [177, 180], [182, 183], [182, 185], [201, 202], [201, 204], [206, 207], [206, 208], [222, 223], [222, 225], [227, 228], [227, 230], [230, 231], [230, 234], [245, 246], [245, 248], [265, 266], [265, 268], [294, 295], [294, 297], [297, 298], [297, 301], [301, 302], [301, 305], [302, 301], [302, 303]]}, "": {"executed_lines": [], "summary": {"covered_lines": 0, "num_statements": 133, "percent_covered": 0.0, "percent_covered_display": "0.00", "missing_lines": 133, "excluded_lines": 0, "num_branches": 32, "num_partial_branches": 0, "covered_branches": 0, "missing_branches": 32}, "missing_lines": [7, 8, 9, 10, 11, 13, 14, 15, 16, 18, 19, 20, 21, 22, 24, 25, 28, 32, 33, 34, 35, 36, 37, 38, 39, 40, 41, 42, 44, 45, 57, 60, 86, 130, 142, 166, 192, 213, 239, 256, 274, 308, 327, 328, 329, 331, 332, 333, 334, 335, 336, 337, 339, 341, 344, 345, 348, 349, 352, 354, 355, 356, 359, 360, 361, 362, 365, 368, 369, 370, 372, 374, 376, 379, 388, 390, 391, 393, 394, 395, 397, 399, 400, 401, 404, 405, 406, 407, 408, 409, 410, 411, 412, 413, 414, 415, 418, 419, 420, 421, 423, 424, 425, 426, 427, 428, 429, 430, 432, 434, 435, 438, 440, 443, 458, 459, 461, 462, 463, 465, 466, 467, 468, 469, 470, 471, 474, 475, 476, 478, 479, 480, 483], "excluded_lines": [], "executed_branches": [], "missing_branches": [[332, 333], [332, 336], [333, 332], [333, 334], [336, 337], [336, 339], [339, 341], [339, 344], [348, 349], [348, 352], [354, 355], [354, 356], [360, 361], [360, 365], [393, 394], [393, 397], [407, 408], [407, 413], [409, 407], [409, 410], [418, 419], [418, 432], [420, 421], [420, 423], [461, 462], [461, 465], [466, 467], [466, 468], [468, 469], [468, 470], [470, 471], [470, 474]]}}}, "src/config/config.py": {"executed_lines": [1, 3, 4, 6, 7, 10, 11, 13, 14, 15, 18, 21, 22, 24, 32, 38, 45, 52, 58, 64, 71, 78, 85, 91, 98, 104, 111, 118, 124, 131, 137, 144, 150, 151, 152, 161, 162, 163, 165, 166, 167, 179, 180, 181, 183, 184, 193, 194, 195, 197, 198, 204, 205, 209, 211, 212, 218, 219, 220, 222, 242, 244, 246, 250, 252, 285, 291], "summary": {"covered_lines": 64, "num_statements": 72, "percent_covered": 84.44444444444444, "percent_covered_display": "84.44", "missing_lines": 8, "excluded_lines": 0, "num_branches": 18, "num_partial_branches": 2, "covered_branches": 12, "missing_branches": 6}, "missing_lines": [245, 247, 273, 275, 278, 279, 280, 283], "excluded_lines": [], "executed_branches": [[161, 162], [161, 163], [179, 180], [179, 181], [193, 194], [193, 195], [204, 205], [204, 209], [218, 219], [218, 220], [244, 246], [246, 250]], "missing_branches": [[244, 245], [246, 247], [275, 278], [275, 279], [279, 280], [279, 283]], "functions": {"Settings.validate_api_type": {"executed_lines": [161, 162, 163], "summary": {"covered_lines": 3, "num_statements": 3, "percent_covered": 100.0, "percent_covered_display": "100.00", "missing_lines": 0, "excluded_lines": 0, "num_branches": 2, "num_partial_branches": 0, "covered_branches": 2, "missing_branches": 0}, "missing_lines": [], "excluded_lines": [], "executed_branches": [[161, 162], [161, 163]], "missing_branches": []}, "Settings.validate_port": {"executed_lines": [179, 180, 181], "summary": {"covered_lines": 3, "num_statements": 3, "percent_covered": 100.0, "percent_covered_display": "100.00", "missing_lines": 0, "excluded_lines": 0, "num_branches": 2, "num_partial_branches": 0, "covered_branches": 2, "missing_branches": 0}, "missing_lines": [], "excluded_lines": [], "executed_branches": [[179, 180], [179, 181]], "missing_branches": []}, "Settings.validate_local_configuration": {"executed_lines": [193, 194, 195], "summary": {"covered_lines": 3, "num_statements": 3, "percent_covered": 100.0, "percent_covered_display": "100.00", "missing_lines": 0, "excluded_lines": 0, "num_branches": 2, "num_partial_branches": 0, "covered_branches": 2, "missing_branches": 0}, "missing_lines": [], "excluded_lines": [], "executed_branches": [[193, 194], [193, 195]], "missing_branches": []}, "Settings.base_url": {"executed_lines": [204, 205, 209], "summary": {"covered_lines": 3, "num_statements": 3, "percent_covered": 100.0, "percent_covered_display": "100.00", "missing_lines": 0, "excluded_lines": 0, "num_branches": 2, "num_partial_branches": 0, "covered_branches": 2, "missing_branches": 0}, "missing_lines": [], "excluded_lines": [], "executed_branches": [[204, 205], [204, 209]], "missing_branches": []}, "Settings.verify_ssl": {"executed_lines": [218, 219, 220], "summary": {"covered_lines": 3, "num_statements": 3, "percent_covered": 100.0, "percent_covered_display": "100.00", "missing_lines": 0, "excluded_lines": 0, "num_branches": 2, "num_partial_branches": 0, "covered_branches": 2, "missing_branches": 0}, "missing_lines": [], "excluded_lines": [], "executed_branches": [[218, 219], [218, 220]], "missing_branches": []}, "Settings.get_integration_path": {"executed_lines": [242, 244, 246, 250], "summary": {"covered_lines": 4, "num_statements": 6, "percent_covered": 60.0, "percent_covered_display": "60.00", "missing_lines": 2, "excluded_lines": 0, "num_branches": 4, "num_partial_branches": 2, "covered_branches": 2, "missing_branches": 2}, "missing_lines": [245, 247], "excluded_lines": [], "executed_branches": [[244, 246], [246, 250]], "missing_branches": [[244, 245], [246, 247]]}, "Settings.get_site_api_path": {"executed_lines": [], "summary": {"covered_lines": 0, "num_statements": 6, "percent_covered": 0.0, "percent_covered_display": "0.00", "missing_lines": 6, "excluded_lines": 0, "num_branches": 4, "num_partial_branches": 0, "covered_branches": 0, "missing_branches": 4}, "missing_lines": [273, 275, 278, 279, 280, 283], "excluded_lines": [], "executed_branches": [], "missing_branches": [[275, 278], [275, 279], [279, 280], [279, 283]]}, "Settings.get_headers": {"executed_lines": [291], "summary": {"covered_lines": 1, "num_statements": 1, "percent_covered": 100.0, "percent_covered_display": "100.00", "missing_lines": 0, "excluded_lines": 0, "num_branches": 0, "num_partial_branches": 0, "covered_branches": 0, "missing_branches": 0}, "missing_lines": [], "excluded_lines": [], "executed_branches": [], "missing_branches": []}, "": {"executed_lines": [1, 3, 4, 6, 7, 10, 11, 13, 14, 15, 18, 21, 22, 24, 32, 38, 45, 52, 58, 64, 71, 78, 85, 91, 98, 104, 111, 118, 124, 131, 137, 144, 150, 151, 152, 165, 166, 167, 183, 184, 197, 198, 211, 212, 222, 252, 285], "summary": {"covered_lines": 44, "num_statements": 44, "percent_covered": 100.0, "percent_covered_display": "100.00", "missing_lines": 0, "excluded_lines": 0, "num_branches": 0, "num_partial_branches": 0, "covered_branches": 0, "missing_branches": 0}, "missing_lines": [], "excluded_lines": [], "executed_branches": [], "missing_branches": []}}, "classes": {"APIType": {"executed_lines": [], "summary": {"covered_lines": 0, "num_statements": 0, "percent_covered": 100.0, "percent_covered_display": "100.00", "missing_lines": 0, "excluded_lines": 0, "num_branches": 0, "num_partial_branches": 0, "covered_branches": 0, "missing_branches": 0}, "missing_lines": [], "excluded_lines": [], "executed_branches": [], "missing_branches": []}, "Settings": {"executed_lines": [161, 162, 163, 179, 180, 181, 193, 194, 195, 204, 205, 209, 218, 219, 220, 242, 244, 246, 250, 291], "summary": {"covered_lines": 20, "num_statements": 28, "percent_covered": 69.56521739130434, "percent_covered_display": "69.57", "missing_lines": 8, "excluded_lines": 0, "num_branches": 18, "num_partial_branches": 2, "covered_branches": 12, "missing_branches": 6}, "missing_lines": [245, 247, 273, 275, 278, 279, 280, 283], "excluded_lines": [], "executed_branches": [[161, 162], [161, 163], [179, 180], [179, 181], [193, 194], [193, 195], [204, 205], [204, 209], [218, 219], [218, 220], [244, 246], [246, 250]], "missing_branches": [[244, 245], [246, 247], [275, 278], [275, 279], [279, 280], [279, 283]]}, "": {"executed_lines": [1, 3, 4, 6, 7, 10, 11, 13, 14, 15, 18, 21, 22, 24, 32, 38, 45, 52, 58, 64, 71, 78, 85, 91, 98, 104, 111, 118, 124, 131, 137, 144, 150, 151, 152, 165, 166, 167, 183, 184, 197, 198, 211, 212, 222, 252, 285], "summary": {"covered_lines": 44, "num_statements": 44, "percent_covered": 100.0, "percent_covered_display": "100.00", "missing_lines": 0, "excluded_lines": 0, "num_branches": 0, "num_partial_branches": 0, "covered_branches": 0, "missing_branches": 0}, "missing_lines": [], "excluded_lines": [], "executed_branches": [], "missing_branches": []}}}, "src/main.py": {"executed_lines": [], "summary": {"covered_lines": 0, "num_statements": 349, "percent_covered": 0.0, "percent_covered_display": "0.00", "missing_lines": 349, "excluded_lines": 2, "num_branches": 4, "num_partial_branches": 0, "covered_branches": 0, "missing_branches": 4}, "missing_lines": [3, 5, 6, 7, 9, 10, 11, 12, 13, 14, 15, 16, 17, 18, 19, 20, 21, 22, 23, 24, 25, 26, 27, 28, 29, 30, 31, 32, 33, 34, 37, 38, 41, 44, 45, 46, 47, 49, 54, 60, 69, 72, 73, 75, 78, 79, 80, 81, 82, 86, 87, 93, 101, 102, 108, 109, 112, 113, 122, 123, 126, 127, 136, 137, 140, 141, 150, 151, 157, 158, 160, 163, 164, 166, 169, 170, 172, 175, 176, 178, 182, 183, 185, 188, 189, 191, 194, 195, 197, 200, 201, 203, 207, 208, 210, 213, 214, 216, 219, 220, 222, 225, 226, 228, 232, 233, 235, 238, 239, 241, 244, 245, 247, 251, 252, 254, 257, 258, 271, 286, 287, 301, 317, 318, 322, 326, 327, 343, 361, 362, 379, 398, 399, 403, 409, 410, 414, 419, 420, 428, 433, 434, 442, 448, 449, 453, 456, 457, 461, 464, 465, 469, 473, 474, 478, 481, 482, 497, 514, 515, 531, 549, 550, 554, 557, 558, 560, 564, 565, 569, 572, 573, 587, 603, 604, 608, 612, 613, 615, 618, 619, 623, 626, 627, 635, 639, 640, 642, 646, 647, 651, 654, 655, 663, 666, 667, 677, 683, 684, 694, 706, 707, 716, 722, 723, 730, 733, 734, 736, 739, 740, 753, 768, 769, 773, 776, 777, 781, 787, 788, 790, 793, 794, 803, 808, 809, 819, 825, 826, 833, 836, 837, 839, 842, 843, 863, 885, 886, 907, 930, 931, 935, 939, 940, 942, 946, 947, 949, 952, 953, 959, 962, 963, 968, 988, 989, 997, 1002, 1003, 1005, 1008, 1009, 1016, 1021, 1022, 1030, 1047, 1048, 1059, 1072, 1073, 1075, 1078, 1079, 1081, 1084, 1085, 1092, 1095, 1096, 1102, 1105, 1106, 1112, 1115, 1116, 1123, 1129, 1130, 1136, 1139, 1140, 1142, 1145, 1146, 1155, 1160, 1161, 1171, 1176, 1177, 1184, 1188, 1189, 1195, 1198, 1199, 1205, 1209, 1210, 1216, 1219, 1220, 1226, 1230, 1231, 1233, 1236, 1237, 1239, 1242, 1243, 1245, 1248, 1249, 1251, 1254, 1255, 1257, 1265, 1266, 1275, 1276, 1278, 1281, 1282, 1288, 1291, 1292, 1298, 1301, 1302, 1308, 1311, 1313, 1314, 1315, 1316, 1319], "excluded_lines": [1322, 1323], "executed_branches": [], "missing_branches": [[44, 45], [44, 78], [46, 47], [46, 75]], "functions": {"health_check": {"executed_lines": [], "summary": {"covered_lines": 0, "num_statements": 1, "percent_covered": 0.0, "percent_covered_display": "0.00", "missing_lines": 1, "excluded_lines": 0, "num_branches": 0, "num_partial_branches": 0, "covered_branches": 0, "missing_branches": 0}, "missing_lines": [93], "excluded_lines": [], "executed_branches": [], "missing_branches": []}, "get_sites_resource": {"executed_lines": [], "summary": {"covered_lines": 0, "num_statements": 2, "percent_covered": 0.0, "percent_covered_display": "0.00", "missing_lines": 2, "excluded_lines": 0, "num_branches": 0, "num_partial_branches": 0, "covered_branches": 0, "missing_branches": 0}, "missing_lines": [108, 109], "excluded_lines": [], "executed_branches": [], "missing_branches": []}, "get_devices_resource": {"executed_lines": [], "summary": {"covered_lines": 0, "num_statements": 2, "percent_covered": 0.0, "percent_covered_display": "0.00", "missing_lines": 2, "excluded_lines": 0, "num_branches": 0, "num_partial_branches": 0, "covered_branches": 0, "missing_branches": 0}, "missing_lines": [122, 123], "excluded_lines": [], "executed_branches": [], "missing_branches": []}, "get_clients_resource": {"executed_lines": [], "summary": {"covered_lines": 0, "num_statements": 2, "percent_covered": 0.0, "percent_covered_display": "0.00", "missing_lines": 2, "excluded_lines": 0, "num_branches": 0, "num_partial_branches": 0, "covered_branches": 0, "missing_branches": 0}, "missing_lines": [136, 137], "excluded_lines": [], "executed_branches": [], "missing_branches": []}, "get_networks_resource": {"executed_lines": [], "summary": {"covered_lines": 0, "num_statements": 2, "percent_covered": 0.0, "percent_covered_display": "0.00", "missing_lines": 2, "excluded_lines": 0, "num_branches": 0, "num_partial_branches": 0, "covered_branches": 0, "missing_branches": 0}, "missing_lines": [150, 151], "excluded_lines": [], "executed_branches": [], "missing_branches": []}, "get_device_details": {"executed_lines": [], "summary": {"covered_lines": 0, "num_statements": 1, "percent_covered": 0.0, "percent_covered_display": "0.00", "missing_lines": 1, "excluded_lines": 0, "num_branches": 0, "num_partial_branches": 0, "covered_branches": 0, "missing_branches": 0}, "missing_lines": [160], "excluded_lines": [], "executed_branches": [], "missing_branches": []}, "get_device_statistics": {"executed_lines": [], "summary": {"covered_lines": 0, "num_statements": 1, "percent_covered": 0.0, "percent_covered_display": "0.00", "missing_lines": 1, "excluded_lines": 0, "num_branches": 0, "num_partial_branches": 0, "covered_branches": 0, "missing_branches": 0}, "missing_lines": [166], "excluded_lines": [], "executed_branches": [], "missing_branches": []}, "list_devices_by_type": {"executed_lines": [], "summary": {"covered_lines": 0, "num_statements": 1, "percent_covered": 0.0, "percent_covered_display": "0.00", "missing_lines": 1, "excluded_lines": 0, "num_branches": 0, "num_partial_branches": 0, "covered_branches": 0, "missing_branches": 0}, "missing_lines": [172], "excluded_lines": [], "executed_branches": [], "missing_branches": []}, "search_devices": {"executed_lines": [], "summary": {"covered_lines": 0, "num_statements": 1, "percent_covered": 0.0, "percent_covered_display": "0.00", "missing_lines": 1, "excluded_lines": 0, "num_branches": 0, "num_partial_branches": 0, "covered_branches": 0, "missing_branches": 0}, "missing_lines": [178], "excluded_lines": [], "executed_branches": [], "missing_branches": []}, "get_client_details": {"executed_lines": [], "summary": {"covered_lines": 0, "num_statements": 1, "percent_covered": 0.0, "percent_covered_display": "0.00", "missing_lines": 1, "excluded_lines": 0, "num_branches": 0, "num_partial_branches": 0, "covered_branches": 0, "missing_branches": 0}, "missing_lines": [185], "excluded_lines": [], "executed_branches": [], "missing_branches": []}, "get_client_statistics": {"executed_lines": [], "summary": {"covered_lines": 0, "num_statements": 1, "percent_covered": 0.0, "percent_covered_display": "0.00", "missing_lines": 1, "excluded_lines": 0, "num_branches": 0, "num_partial_branches": 0, "covered_branches": 0, "missing_branches": 0}, "missing_lines": [191], "excluded_lines": [], "executed_branches": [], "missing_branches": []}, "list_active_clients": {"executed_lines": [], "summary": {"covered_lines": 0, "num_statements": 1, "percent_covered": 0.0, "percent_covered_display": "0.00", "missing_lines": 1, "excluded_lines": 0, "num_branches": 0, "num_partial_branches": 0, "covered_branches": 0, "missing_branches": 0}, "missing_lines": [197], "excluded_lines": [], "executed_branches": [], "missing_branches": []}, "search_clients": {"executed_lines": [], "summary": {"covered_lines": 0, "num_statements": 1, "percent_covered": 0.0, "percent_covered_display": "0.00", "missing_lines": 1, "excluded_lines": 0, "num_branches": 0, "num_partial_branches": 0, "covered_branches": 0, "missing_branches": 0}, "missing_lines": [203], "excluded_lines": [], "executed_branches": [], "missing_branches": []}, "get_network_details": {"executed_lines": [], "summary": {"covered_lines": 0, "num_statements": 1, "percent_covered": 0.0, "percent_covered_display": "0.00", "missing_lines": 1, "excluded_lines": 0, "num_branches": 0, "num_partial_branches": 0, "covered_branches": 0, "missing_branches": 0}, "missing_lines": [210], "excluded_lines": [], "executed_branches": [], "missing_branches": []}, "list_vlans": {"executed_lines": [], "summary": {"covered_lines": 0, "num_statements": 1, "percent_covered": 0.0, "percent_covered_display": "0.00", "missing_lines": 1, "excluded_lines": 0, "num_branches": 0, "num_partial_branches": 0, "covered_branches": 0, "missing_branches": 0}, "missing_lines": [216], "excluded_lines": [], "executed_branches": [], "missing_branches": []}, "get_subnet_info": {"executed_lines": [], "summary": {"covered_lines": 0, "num_statements": 1, "percent_covered": 0.0, "percent_covered_display": "0.00", "missing_lines": 1, "excluded_lines": 0, "num_branches": 0, "num_partial_branches": 0, "covered_branches": 0, "missing_branches": 0}, "missing_lines": [222], "excluded_lines": [], "executed_branches": [], "missing_branches": []}, "get_network_statistics": {"executed_lines": [], "summary": {"covered_lines": 0, "num_statements": 1, "percent_covered": 0.0, "percent_covered_display": "0.00", "missing_lines": 1, "excluded_lines": 0, "num_branches": 0, "num_partial_branches": 0, "covered_branches": 0, "missing_branches": 0}, "missing_lines": [228], "excluded_lines": [], "executed_branches": [], "missing_branches": []}, "get_site_details": {"executed_lines": [], "summary": {"covered_lines": 0, "num_statements": 1, "percent_covered": 0.0, "percent_covered_display": "0.00", "missing_lines": 1, "excluded_lines": 0, "num_branches": 0, "num_partial_branches": 0, "covered_branches": 0, "missing_branches": 0}, "missing_lines": [235], "excluded_lines": [], "executed_branches": [], "missing_branches": []}, "list_all_sites": {"executed_lines": [], "summary": {"covered_lines": 0, "num_statements": 1, "percent_covered": 0.0, "percent_covered_display": "0.00", "missing_lines": 1, "excluded_lines": 0, "num_branches": 0, "num_partial_branches": 0, "covered_branches": 0, "missing_branches": 0}, "missing_lines": [241], "excluded_lines": [], "executed_branches": [], "missing_branches": []}, "get_site_statistics": {"executed_lines": [], "summary": {"covered_lines": 0, "num_statements": 1, "percent_covered": 0.0, "percent_covered_display": "0.00", "missing_lines": 1, "excluded_lines": 0, "num_branches": 0, "num_partial_branches": 0, "covered_branches": 0, "missing_branches": 0}, "missing_lines": [247], "excluded_lines": [], "executed_branches": [], "missing_branches": []}, "list_firewall_rules": {"executed_lines": [], "summary": {"covered_lines": 0, "num_statements": 1, "percent_covered": 0.0, "percent_covered_display": "0.00", "missing_lines": 1, "excluded_lines": 0, "num_branches": 0, "num_partial_branches": 0, "covered_branches": 0, "missing_branches": 0}, "missing_lines": [254], "excluded_lines": [], "executed_branches": [], "missing_branches": []}, "create_firewall_rule": {"executed_lines": [], "summary": {"covered_lines": 0, "num_statements": 1, "percent_covered": 0.0, "percent_covered_display": "0.00", "missing_lines": 1, "excluded_lines": 0, "num_branches": 0, "num_partial_branches": 0, "covered_branches": 0, "missing_branches": 0}, "missing_lines": [271], "excluded_lines": [], "executed_branches": [], "missing_branches": []}, "update_firewall_rule": {"executed_lines": [], "summary": {"covered_lines": 0, "num_statements": 1, "percent_covered": 0.0, "percent_covered_display": "0.00", "missing_lines": 1, "excluded_lines": 0, "num_branches": 0, "num_partial_branches": 0, "covered_branches": 0, "missing_branches": 0}, "missing_lines": [301], "excluded_lines": [], "executed_branches": [], "missing_branches": []}, "delete_firewall_rule": {"executed_lines": [], "summary": {"covered_lines": 0, "num_statements": 1, "percent_covered": 0.0, "percent_covered_display": "0.00", "missing_lines": 1, "excluded_lines": 0, "num_branches": 0, "num_partial_branches": 0, "covered_branches": 0, "missing_branches": 0}, "missing_lines": [322], "excluded_lines": [], "executed_branches": [], "missing_branches": []}, "create_network": {"executed_lines": [], "summary": {"covered_lines": 0, "num_statements": 1, "percent_covered": 0.0, "percent_covered_display": "0.00", "missing_lines": 1, "excluded_lines": 0, "num_branches": 0, "num_partial_branches": 0, "covered_branches": 0, "missing_branches": 0}, "missing_lines": [343], "excluded_lines": [], "executed_branches": [], "missing_branches": []}, "update_network": {"executed_lines": [], "summary": {"covered_lines": 0, "num_statements": 1, "percent_covered": 0.0, "percent_covered_display": "0.00", "missing_lines": 1, "excluded_lines": 0, "num_branches": 0, "num_partial_branches": 0, "covered_branches": 0, "missing_branches": 0}, "missing_lines": [379], "excluded_lines": [], "executed_branches": [], "missing_branches": []}, "delete_network": {"executed_lines": [], "summary": {"covered_lines": 0, "num_statements": 1, "percent_covered": 0.0, "percent_covered_display": "0.00", "missing_lines": 1, "excluded_lines": 0, "num_branches": 0, "num_partial_branches": 0, "covered_branches": 0, "missing_branches": 0}, "missing_lines": [403], "excluded_lines": [], "executed_branches": [], "missing_branches": []}, "restart_device": {"executed_lines": [], "summary": {"covered_lines": 0, "num_statements": 1, "percent_covered": 0.0, "percent_covered_display": "0.00", "missing_lines": 1, "excluded_lines": 0, "num_branches": 0, "num_partial_branches": 0, "covered_branches": 0, "missing_branches": 0}, "missing_lines": [414], "excluded_lines": [], "executed_branches": [], "missing_branches": []}, "locate_device": {"executed_lines": [], "summary": {"covered_lines": 0, "num_statements": 1, "percent_covered": 0.0, "percent_covered_display": "0.00", "missing_lines": 1, "excluded_lines": 0, "num_branches": 0, "num_partial_branches": 0, "covered_branches": 0, "missing_branches": 0}, "missing_lines": [428], "excluded_lines": [], "executed_branches": [], "missing_branches": []}, "upgrade_device": {"executed_lines": [], "summary": {"covered_lines": 0, "num_statements": 1, "percent_covered": 0.0, "percent_covered_display": "0.00", "missing_lines": 1, "excluded_lines": 0, "num_branches": 0, "num_partial_branches": 0, "covered_branches": 0, "missing_branches": 0}, "missing_lines": [442], "excluded_lines": [], "executed_branches": [], "missing_branches": []}, "block_client": {"executed_lines": [], "summary": {"covered_lines": 0, "num_statements": 1, "percent_covered": 0.0, "percent_covered_display": "0.00", "missing_lines": 1, "excluded_lines": 0, "num_branches": 0, "num_partial_branches": 0, "covered_branches": 0, "missing_branches": 0}, "missing_lines": [453], "excluded_lines": [], "executed_branches": [], "missing_branches": []}, "unblock_client": {"executed_lines": [], "summary": {"covered_lines": 0, "num_statements": 1, "percent_covered": 0.0, "percent_covered_display": "0.00", "missing_lines": 1, "excluded_lines": 0, "num_branches": 0, "num_partial_branches": 0, "covered_branches": 0, "missing_branches": 0}, "missing_lines": [461], "excluded_lines": [], "executed_branches": [], "missing_branches": []}, "reconnect_client": {"executed_lines": [], "summary": {"covered_lines": 0, "num_statements": 1, "percent_covered": 0.0, "percent_covered_display": "0.00", "missing_lines": 1, "excluded_lines": 0, "num_branches": 0, "num_partial_branches": 0, "covered_branches": 0, "missing_branches": 0}, "missing_lines": [469], "excluded_lines": [], "executed_branches": [], "missing_branches": []}, "list_wlans": {"executed_lines": [], "summary": {"covered_lines": 0, "num_statements": 1, "percent_covered": 0.0, "percent_covered_display": "0.00", "missing_lines": 1, "excluded_lines": 0, "num_branches": 0, "num_partial_branches": 0, "covered_branches": 0, "missing_branches": 0}, "missing_lines": [478], "excluded_lines": [], "executed_branches": [], "missing_branches": []}, "create_wlan": {"executed_lines": [], "summary": {"covered_lines": 0, "num_statements": 1, "percent_covered": 0.0, "percent_covered_display": "0.00", "missing_lines": 1, "excluded_lines": 0, "num_branches": 0, "num_partial_branches": 0, "covered_branches": 0, "missing_branches": 0}, "missing_lines": [497], "excluded_lines": [], "executed_branches": [], "missing_branches": []}, "update_wlan": {"executed_lines": [], "summary": {"covered_lines": 0, "num_statements": 1, "percent_covered": 0.0, "percent_covered_display": "0.00", "missing_lines": 1, "excluded_lines": 0, "num_branches": 0, "num_partial_branches": 0, "covered_branches": 0, "missing_branches": 0}, "missing_lines": [531], "excluded_lines": [], "executed_branches": [], "missing_branches": []}, "delete_wlan": {"executed_lines": [], "summary": {"covered_lines": 0, "num_statements": 1, "percent_covered": 0.0, "percent_covered_display": "0.00", "missing_lines": 1, "excluded_lines": 0, "num_branches": 0, "num_partial_branches": 0, "covered_branches": 0, "missing_branches": 0}, "missing_lines": [554], "excluded_lines": [], "executed_branches": [], "missing_branches": []}, "get_wlan_statistics": {"executed_lines": [], "summary": {"covered_lines": 0, "num_statements": 1, "percent_covered": 0.0, "percent_covered_display": "0.00", "missing_lines": 1, "excluded_lines": 0, "num_branches": 0, "num_partial_branches": 0, "covered_branches": 0, "missing_branches": 0}, "missing_lines": [560], "excluded_lines": [], "executed_branches": [], "missing_branches": []}, "list_port_forwards": {"executed_lines": [], "summary": {"covered_lines": 0, "num_statements": 1, "percent_covered": 0.0, "percent_covered_display": "0.00", "missing_lines": 1, "excluded_lines": 0, "num_branches": 0, "num_partial_branches": 0, "covered_branches": 0, "missing_branches": 0}, "missing_lines": [569], "excluded_lines": [], "executed_branches": [], "missing_branches": []}, "create_port_forward": {"executed_lines": [], "summary": {"covered_lines": 0, "num_statements": 1, "percent_covered": 0.0, "percent_covered_display": "0.00", "missing_lines": 1, "excluded_lines": 0, "num_branches": 0, "num_partial_branches": 0, "covered_branches": 0, "missing_branches": 0}, "missing_lines": [587], "excluded_lines": [], "executed_branches": [], "missing_branches": []}, "delete_port_forward": {"executed_lines": [], "summary": {"covered_lines": 0, "num_statements": 1, "percent_covered": 0.0, "percent_covered_display": "0.00", "missing_lines": 1, "excluded_lines": 0, "num_branches": 0, "num_partial_branches": 0, "covered_branches": 0, "missing_branches": 0}, "missing_lines": [608], "excluded_lines": [], "executed_branches": [], "missing_branches": []}, "get_dpi_statistics": {"executed_lines": [], "summary": {"covered_lines": 0, "num_statements": 1, "percent_covered": 0.0, "percent_covered_display": "0.00", "missing_lines": 1, "excluded_lines": 0, "num_branches": 0, "num_partial_branches": 0, "covered_branches": 0, "missing_branches": 0}, "missing_lines": [615], "excluded_lines": [], "executed_branches": [], "missing_branches": []}, "list_top_applications": {"executed_lines": [], "summary": {"covered_lines": 0, "num_statements": 1, "percent_covered": 0.0, "percent_covered_display": "0.00", "missing_lines": 1, "excluded_lines": 0, "num_branches": 0, "num_partial_branches": 0, "covered_branches": 0, "missing_branches": 0}, "missing_lines": [623], "excluded_lines": [], "executed_branches": [], "missing_branches": []}, "get_client_dpi": {"executed_lines": [], "summary": {"covered_lines": 0, "num_statements": 1, "percent_covered": 0.0, "percent_covered_display": "0.00", "missing_lines": 1, "excluded_lines": 0, "num_branches": 0, "num_partial_branches": 0, "covered_branches": 0, "missing_branches": 0}, "missing_lines": [635], "excluded_lines": [], "executed_branches": [], "missing_branches": []}, "get_application_info": {"executed_lines": [], "summary": {"covered_lines": 0, "num_statements": 1, "percent_covered": 0.0, "percent_covered_display": "0.00", "missing_lines": 1, "excluded_lines": 0, "num_branches": 0, "num_partial_branches": 0, "covered_branches": 0, "missing_branches": 0}, "missing_lines": [642], "excluded_lines": [], "executed_branches": [], "missing_branches": []}, "list_pending_devices": {"executed_lines": [], "summary": {"covered_lines": 0, "num_statements": 1, "percent_covered": 0.0, "percent_covered_display": "0.00", "missing_lines": 1, "excluded_lines": 0, "num_branches": 0, "num_partial_branches": 0, "covered_branches": 0, "missing_branches": 0}, "missing_lines": [651], "excluded_lines": [], "executed_branches": [], "missing_branches": []}, "adopt_device": {"executed_lines": [], "summary": {"covered_lines": 0, "num_statements": 1, "percent_covered": 0.0, "percent_covered_display": "0.00", "missing_lines": 1, "excluded_lines": 0, "num_branches": 0, "num_partial_branches": 0, "covered_branches": 0, "missing_branches": 0}, "missing_lines": [663], "excluded_lines": [], "executed_branches": [], "missing_branches": []}, "execute_port_action": {"executed_lines": [], "summary": {"covered_lines": 0, "num_statements": 1, "percent_covered": 0.0, "percent_covered_display": "0.00", "missing_lines": 1, "excluded_lines": 0, "num_branches": 0, "num_partial_branches": 0, "covered_branches": 0, "missing_branches": 0}, "missing_lines": [677], "excluded_lines": [], "executed_branches": [], "missing_branches": []}, "authorize_guest": {"executed_lines": [], "summary": {"covered_lines": 0, "num_statements": 1, "percent_covered": 0.0, "percent_covered_display": "0.00", "missing_lines": 1, "excluded_lines": 0, "num_branches": 0, "num_partial_branches": 0, "covered_branches": 0, "missing_branches": 0}, "missing_lines": [694], "excluded_lines": [], "executed_branches": [], "missing_branches": []}, "limit_bandwidth": {"executed_lines": [], "summary": {"covered_lines": 0, "num_statements": 1, "percent_covered": 0.0, "percent_covered_display": "0.00", "missing_lines": 1, "excluded_lines": 0, "num_branches": 0, "num_partial_branches": 0, "covered_branches": 0, "missing_branches": 0}, "missing_lines": [716], "excluded_lines": [], "executed_branches": [], "missing_branches": []}, "list_vouchers": {"executed_lines": [], "summary": {"covered_lines": 0, "num_statements": 1, "percent_covered": 0.0, "percent_covered_display": "0.00", "missing_lines": 1, "excluded_lines": 0, "num_branches": 0, "num_partial_branches": 0, "covered_branches": 0, "missing_branches": 0}, "missing_lines": [730], "excluded_lines": [], "executed_branches": [], "missing_branches": []}, "get_voucher": {"executed_lines": [], "summary": {"covered_lines": 0, "num_statements": 1, "percent_covered": 0.0, "percent_covered_display": "0.00", "missing_lines": 1, "excluded_lines": 0, "num_branches": 0, "num_partial_branches": 0, "covered_branches": 0, "missing_branches": 0}, "missing_lines": [736], "excluded_lines": [], "executed_branches": [], "missing_branches": []}, "create_vouchers": {"executed_lines": [], "summary": {"covered_lines": 0, "num_statements": 1, "percent_covered": 0.0, "percent_covered_display": "0.00", "missing_lines": 1, "excluded_lines": 0, "num_branches": 0, "num_partial_branches": 0, "covered_branches": 0, "missing_branches": 0}, "missing_lines": [753], "excluded_lines": [], "executed_branches": [], "missing_branches": []}, "delete_voucher": {"executed_lines": [], "summary": {"covered_lines": 0, "num_statements": 1, "percent_covered": 0.0, "percent_covered_display": "0.00", "missing_lines": 1, "excluded_lines": 0, "num_branches": 0, "num_partial_branches": 0, "covered_branches": 0, "missing_branches": 0}, "missing_lines": [773], "excluded_lines": [], "executed_branches": [], "missing_branches": []}, "bulk_delete_vouchers": {"executed_lines": [], "summary": {"covered_lines": 0, "num_statements": 1, "percent_covered": 0.0, "percent_covered_display": "0.00", "missing_lines": 1, "excluded_lines": 0, "num_branches": 0, "num_partial_branches": 0, "covered_branches": 0, "missing_branches": 0}, "missing_lines": [781], "excluded_lines": [], "executed_branches": [], "missing_branches": []}, "list_firewall_zones": {"executed_lines": [], "summary": {"covered_lines": 0, "num_statements": 1, "percent_covered": 0.0, "percent_covered_display": "0.00", "missing_lines": 1, "excluded_lines": 0, "num_branches": 0, "num_partial_branches": 0, "covered_branches": 0, "missing_branches": 0}, "missing_lines": [790], "excluded_lines": [], "executed_branches": [], "missing_branches": []}, "create_firewall_zone": {"executed_lines": [], "summary": {"covered_lines": 0, "num_statements": 1, "percent_covered": 0.0, "percent_covered_display": "0.00", "missing_lines": 1, "excluded_lines": 0, "num_branches": 0, "num_partial_branches": 0, "covered_branches": 0, "missing_branches": 0}, "missing_lines": [803], "excluded_lines": [], "executed_branches": [], "missing_branches": []}, "update_firewall_zone": {"executed_lines": [], "summary": {"covered_lines": 0, "num_statements": 1, "percent_covered": 0.0, "percent_covered_display": "0.00", "missing_lines": 1, "excluded_lines": 0, "num_branches": 0, "num_partial_branches": 0, "covered_branches": 0, "missing_branches": 0}, "missing_lines": [819], "excluded_lines": [], "executed_branches": [], "missing_branches": []}, "list_acl_rules": {"executed_lines": [], "summary": {"covered_lines": 0, "num_statements": 1, "percent_covered": 0.0, "percent_covered_display": "0.00", "missing_lines": 1, "excluded_lines": 0, "num_branches": 0, "num_partial_branches": 0, "covered_branches": 0, "missing_branches": 0}, "missing_lines": [833], "excluded_lines": [], "executed_branches": [], "missing_branches": []}, "get_acl_rule": {"executed_lines": [], "summary": {"covered_lines": 0, "num_statements": 1, "percent_covered": 0.0, "percent_covered_display": "0.00", "missing_lines": 1, "excluded_lines": 0, "num_branches": 0, "num_partial_branches": 0, "covered_branches": 0, "missing_branches": 0}, "missing_lines": [839], "excluded_lines": [], "executed_branches": [], "missing_branches": []}, "create_acl_rule": {"executed_lines": [], "summary": {"covered_lines": 0, "num_statements": 1, "percent_covered": 0.0, "percent_covered_display": "0.00", "missing_lines": 1, "excluded_lines": 0, "num_branches": 0, "num_partial_branches": 0, "covered_branches": 0, "missing_branches": 0}, "missing_lines": [863], "excluded_lines": [], "executed_branches": [], "missing_branches": []}, "update_acl_rule": {"executed_lines": [], "summary": {"covered_lines": 0, "num_statements": 1, "percent_covered": 0.0, "percent_covered_display": "0.00", "missing_lines": 1, "excluded_lines": 0, "num_branches": 0, "num_partial_branches": 0, "covered_branches": 0, "missing_branches": 0}, "missing_lines": [907], "excluded_lines": [], "executed_branches": [], "missing_branches": []}, "delete_acl_rule": {"executed_lines": [], "summary": {"covered_lines": 0, "num_statements": 1, "percent_covered": 0.0, "percent_covered_display": "0.00", "missing_lines": 1, "excluded_lines": 0, "num_branches": 0, "num_partial_branches": 0, "covered_branches": 0, "missing_branches": 0}, "missing_lines": [935], "excluded_lines": [], "executed_branches": [], "missing_branches": []}, "list_wan_connections": {"executed_lines": [], "summary": {"covered_lines": 0, "num_statements": 1, "percent_covered": 0.0, "percent_covered_display": "0.00", "missing_lines": 1, "excluded_lines": 0, "num_branches": 0, "num_partial_branches": 0, "covered_branches": 0, "missing_branches": 0}, "missing_lines": [942], "excluded_lines": [], "executed_branches": [], "missing_branches": []}, "list_dpi_categories": {"executed_lines": [], "summary": {"covered_lines": 0, "num_statements": 1, "percent_covered": 0.0, "percent_covered_display": "0.00", "missing_lines": 1, "excluded_lines": 0, "num_branches": 0, "num_partial_branches": 0, "covered_branches": 0, "missing_branches": 0}, "missing_lines": [949], "excluded_lines": [], "executed_branches": [], "missing_branches": []}, "list_dpi_applications": {"executed_lines": [], "summary": {"covered_lines": 0, "num_statements": 1, "percent_covered": 0.0, "percent_covered_display": "0.00", "missing_lines": 1, "excluded_lines": 0, "num_branches": 0, "num_partial_branches": 0, "covered_branches": 0, "missing_branches": 0}, "missing_lines": [959], "excluded_lines": [], "executed_branches": [], "missing_branches": []}, "list_countries": {"executed_lines": [], "summary": {"covered_lines": 0, "num_statements": 1, "percent_covered": 0.0, "percent_covered_display": "0.00", "missing_lines": 1, "excluded_lines": 0, "num_branches": 0, "num_partial_branches": 0, "covered_branches": 0, "missing_branches": 0}, "missing_lines": [968], "excluded_lines": [], "executed_branches": [], "missing_branches": []}, "assign_network_to_zone": {"executed_lines": [], "summary": {"covered_lines": 0, "num_statements": 1, "percent_covered": 0.0, "percent_covered_display": "0.00", "missing_lines": 1, "excluded_lines": 0, "num_branches": 0, "num_partial_branches": 0, "covered_branches": 0, "missing_branches": 0}, "missing_lines": [997], "excluded_lines": [], "executed_branches": [], "missing_branches": []}, "get_zone_networks": {"executed_lines": [], "summary": {"covered_lines": 0, "num_statements": 1, "percent_covered": 0.0, "percent_covered_display": "0.00", "missing_lines": 1, "excluded_lines": 0, "num_branches": 0, "num_partial_branches": 0, "covered_branches": 0, "missing_branches": 0}, "missing_lines": [1005], "excluded_lines": [], "executed_branches": [], "missing_branches": []}, "delete_firewall_zone": {"executed_lines": [], "summary": {"covered_lines": 0, "num_statements": 1, "percent_covered": 0.0, "percent_covered_display": "0.00", "missing_lines": 1, "excluded_lines": 0, "num_branches": 0, "num_partial_branches": 0, "covered_branches": 0, "missing_branches": 0}, "missing_lines": [1016], "excluded_lines": [], "executed_branches": [], "missing_branches": []}, "unassign_network_from_zone": {"executed_lines": [], "summary": {"covered_lines": 0, "num_statements": 1, "percent_covered": 0.0, "percent_covered_display": "0.00", "missing_lines": 1, "excluded_lines": 0, "num_branches": 0, "num_partial_branches": 0, "covered_branches": 0, "missing_branches": 0}, "missing_lines": [1030], "excluded_lines": [], "executed_branches": [], "missing_branches": []}, "get_traffic_flows": {"executed_lines": [], "summary": {"covered_lines": 0, "num_statements": 1, "percent_covered": 0.0, "percent_covered_display": "0.00", "missing_lines": 1, "excluded_lines": 0, "num_branches": 0, "num_partial_branches": 0, "covered_branches": 0, "missing_branches": 0}, "missing_lines": [1059], "excluded_lines": [], "executed_branches": [], "missing_branches": []}, "get_flow_statistics": {"executed_lines": [], "summary": {"covered_lines": 0, "num_statements": 1, "percent_covered": 0.0, "percent_covered_display": "0.00", "missing_lines": 1, "excluded_lines": 0, "num_branches": 0, "num_partial_branches": 0, "covered_branches": 0, "missing_branches": 0}, "missing_lines": [1075], "excluded_lines": [], "executed_branches": [], "missing_branches": []}, "get_traffic_flow_details": {"executed_lines": [], "summary": {"covered_lines": 0, "num_statements": 1, "percent_covered": 0.0, "percent_covered_display": "0.00", "missing_lines": 1, "excluded_lines": 0, "num_branches": 0, "num_partial_branches": 0, "covered_branches": 0, "missing_branches": 0}, "missing_lines": [1081], "excluded_lines": [], "executed_branches": [], "missing_branches": []}, "get_top_flows": {"executed_lines": [], "summary": {"covered_lines": 0, "num_statements": 1, "percent_covered": 0.0, "percent_covered_display": "0.00", "missing_lines": 1, "excluded_lines": 0, "num_branches": 0, "num_partial_branches": 0, "covered_branches": 0, "missing_branches": 0}, "missing_lines": [1092], "excluded_lines": [], "executed_branches": [], "missing_branches": []}, "get_flow_risks": {"executed_lines": [], "summary": {"covered_lines": 0, "num_statements": 1, "percent_covered": 0.0, "percent_covered_display": "0.00", "missing_lines": 1, "excluded_lines": 0, "num_branches": 0, "num_partial_branches": 0, "covered_branches": 0, "missing_branches": 0}, "missing_lines": [1102], "excluded_lines": [], "executed_branches": [], "missing_branches": []}, "get_flow_trends": {"executed_lines": [], "summary": {"covered_lines": 0, "num_statements": 1, "percent_covered": 0.0, "percent_covered_display": "0.00", "missing_lines": 1, "excluded_lines": 0, "num_branches": 0, "num_partial_branches": 0, "covered_branches": 0, "missing_branches": 0}, "missing_lines": [1112], "excluded_lines": [], "executed_branches": [], "missing_branches": []}, "filter_traffic_flows": {"executed_lines": [], "summary": {"covered_lines": 0, "num_statements": 1, "percent_covered": 0.0, "percent_covered_display": "0.00", "missing_lines": 1, "excluded_lines": 0, "num_branches": 0, "num_partial_branches": 0, "covered_branches": 0, "missing_branches": 0}, "missing_lines": [1123], "excluded_lines": [], "executed_branches": [], "missing_branches": []}, "list_traffic_matching_lists": {"executed_lines": [], "summary": {"covered_lines": 0, "num_statements": 1, "percent_covered": 0.0, "percent_covered_display": "0.00", "missing_lines": 1, "excluded_lines": 0, "num_branches": 0, "num_partial_branches": 0, "covered_branches": 0, "missing_branches": 0}, "missing_lines": [1136], "excluded_lines": [], "executed_branches": [], "missing_branches": []}, "get_traffic_matching_list": {"executed_lines": [], "summary": {"covered_lines": 0, "num_statements": 1, "percent_covered": 0.0, "percent_covered_display": "0.00", "missing_lines": 1, "excluded_lines": 0, "num_branches": 0, "num_partial_branches": 0, "covered_branches": 0, "missing_branches": 0}, "missing_lines": [1142], "excluded_lines": [], "executed_branches": [], "missing_branches": []}, "create_traffic_matching_list": {"executed_lines": [], "summary": {"covered_lines": 0, "num_statements": 1, "percent_covered": 0.0, "percent_covered_display": "0.00", "missing_lines": 1, "excluded_lines": 0, "num_branches": 0, "num_partial_branches": 0, "covered_branches": 0, "missing_branches": 0}, "missing_lines": [1155], "excluded_lines": [], "executed_branches": [], "missing_branches": []}, "update_traffic_matching_list": {"executed_lines": [], "summary": {"covered_lines": 0, "num_statements": 1, "percent_covered": 0.0, "percent_covered_display": "0.00", "missing_lines": 1, "excluded_lines": 0, "num_branches": 0, "num_partial_branches": 0, "covered_branches": 0, "missing_branches": 0}, "missing_lines": [1171], "excluded_lines": [], "executed_branches": [], "missing_branches": []}, "delete_traffic_matching_list": {"executed_lines": [], "summary": {"covered_lines": 0, "num_statements": 1, "percent_covered": 0.0, "percent_covered_display": "0.00", "missing_lines": 1, "excluded_lines": 0, "num_branches": 0, "num_partial_branches": 0, "covered_branches": 0, "missing_branches": 0}, "missing_lines": [1184], "excluded_lines": [], "executed_branches": [], "missing_branches": []}, "list_vpn_tunnels": {"executed_lines": [], "summary": {"covered_lines": 0, "num_statements": 1, "percent_covered": 0.0, "percent_covered_display": "0.00", "missing_lines": 1, "excluded_lines": 0, "num_branches": 0, "num_partial_branches": 0, "covered_branches": 0, "missing_branches": 0}, "missing_lines": [1195], "excluded_lines": [], "executed_branches": [], "missing_branches": []}, "list_vpn_servers": {"executed_lines": [], "summary": {"covered_lines": 0, "num_statements": 1, "percent_covered": 0.0, "percent_covered_display": "0.00", "missing_lines": 1, "excluded_lines": 0, "num_branches": 0, "num_partial_branches": 0, "covered_branches": 0, "missing_branches": 0}, "missing_lines": [1205], "excluded_lines": [], "executed_branches": [], "missing_branches": []}, "list_radius_profiles": {"executed_lines": [], "summary": {"covered_lines": 0, "num_statements": 1, "percent_covered": 0.0, "percent_covered_display": "0.00", "missing_lines": 1, "excluded_lines": 0, "num_branches": 0, "num_partial_branches": 0, "covered_branches": 0, "missing_branches": 0}, "missing_lines": [1216], "excluded_lines": [], "executed_branches": [], "missing_branches": []}, "list_device_tags": {"executed_lines": [], "summary": {"covered_lines": 0, "num_statements": 1, "percent_covered": 0.0, "percent_covered_display": "0.00", "missing_lines": 1, "excluded_lines": 0, "num_branches": 0, "num_partial_branches": 0, "covered_branches": 0, "missing_branches": 0}, "missing_lines": [1226], "excluded_lines": [], "executed_branches": [], "missing_branches": []}, "list_all_sites_aggregated": {"executed_lines": [], "summary": {"covered_lines": 0, "num_statements": 1, "percent_covered": 0.0, "percent_covered_display": "0.00", "missing_lines": 1, "excluded_lines": 0, "num_branches": 0, "num_partial_branches": 0, "covered_branches": 0, "missing_branches": 0}, "missing_lines": [1233], "excluded_lines": [], "executed_branches": [], "missing_branches": []}, "get_internet_health": {"executed_lines": [], "summary": {"covered_lines": 0, "num_statements": 1, "percent_covered": 0.0, "percent_covered_display": "0.00", "missing_lines": 1, "excluded_lines": 0, "num_branches": 0, "num_partial_branches": 0, "covered_branches": 0, "missing_branches": 0}, "missing_lines": [1239], "excluded_lines": [], "executed_branches": [], "missing_branches": []}, "get_site_health_summary": {"executed_lines": [], "summary": {"covered_lines": 0, "num_statements": 1, "percent_covered": 0.0, "percent_covered_display": "0.00", "missing_lines": 1, "excluded_lines": 0, "num_branches": 0, "num_partial_branches": 0, "covered_branches": 0, "missing_branches": 0}, "missing_lines": [1245], "excluded_lines": [], "executed_branches": [], "missing_branches": []}, "get_cross_site_statistics": {"executed_lines": [], "summary": {"covered_lines": 0, "num_statements": 1, "percent_covered": 0.0, "percent_covered_display": "0.00", "missing_lines": 1, "excluded_lines": 0, "num_branches": 0, "num_partial_branches": 0, "covered_branches": 0, "missing_branches": 0}, "missing_lines": [1251], "excluded_lines": [], "executed_branches": [], "missing_branches": []}, "list_vantage_points": {"executed_lines": [], "summary": {"covered_lines": 0, "num_statements": 1, "percent_covered": 0.0, "percent_covered_display": "0.00", "missing_lines": 1, "excluded_lines": 0, "num_branches": 0, "num_partial_branches": 0, "covered_branches": 0, "missing_branches": 0}, "missing_lines": [1257], "excluded_li
[...]
d_lines": [21, 24, 25, 28], "summary": {"covered_lines": 4, "num_statements": 4, "percent_covered": 100.0, "percent_covered_display": "100.00", "missing_lines": 0, "excluded_lines": 0, "num_branches": 2, "num_partial_branches": 0, "covered_branches": 2, "missing_branches": 0}, "missing_lines": [], "excluded_lines": [], "executed_branches": [[24, 25], [24, 28]], "missing_branches": []}, "validate_ip_address": {"executed_lines": [43, 44, 45, 47, 48, 49, 50, 51, 52, 53, 55], "summary": {"covered_lines": 11, "num_statements": 11, "percent_covered": 100.0, "percent_covered_display": "100.00", "missing_lines": 0, "excluded_lines": 0, "num_branches": 6, "num_partial_branches": 0, "covered_branches": 6, "missing_branches": 0}, "missing_lines": [], "excluded_lines": [], "executed_branches": [[44, 45], [44, 47], [48, 49], [48, 55], [50, 48], [50, 51]], "missing_branches": []}, "validate_port": {"executed_lines": [70, 71, 73], "summary": {"covered_lines": 3, "num_statements": 3, "percent_covered": 100.0, "percent_covered_display": "100.00", "missing_lines": 0, "excluded_lines": 0, "num_branches": 2, "num_partial_branches": 0, "covered_branches": 2, "missing_branches": 0}, "missing_lines": [], "excluded_lines": [], "executed_branches": [[70, 71], [70, 73]], "missing_branches": []}, "validate_site_id": {"executed_lines": [88, 89, 92, 93, 95], "summary": {"covered_lines": 5, "num_statements": 5, "percent_covered": 100.0, "percent_covered_display": "100.00", "missing_lines": 0, "excluded_lines": 0, "num_branches": 4, "num_partial_branches": 0, "covered_branches": 4, "missing_branches": 0}, "missing_lines": [], "excluded_lines": [], "executed_branches": [[88, 89], [88, 92], [92, 93], [92, 95]], "missing_branches": []}, "validate_device_id": {"executed_lines": [110, 114, 115, 117], "summary": {"covered_lines": 4, "num_statements": 5, "percent_covered": 77.77777777777777, "percent_covered_display": "77.78", "missing_lines": 1, "excluded_lines": 0, "num_branches": 4, "num_partial_branches": 1, "covered_branches": 3, "missing_branches": 1}, "missing_lines": [111], "excluded_lines": [], "executed_branches": [[110, 114], [114, 115], [114, 117]], "missing_branches": [[110, 111]]}, "validate_confirmation": {"executed_lines": [130, 131], "summary": {"covered_lines": 2, "num_statements": 2, "percent_covered": 100.0, "percent_covered_display": "100.00", "missing_lines": 0, "excluded_lines": 0, "num_branches": 2, "num_partial_branches": 0, "covered_branches": 2, "missing_branches": 0}, "missing_lines": [], "excluded_lines": [], "executed_branches": [[130, -120], [130, 131]], "missing_branches": []}, "validate_limit_offset": {"executed_lines": [150, 151, 154, 155, 157, 158, 160], "summary": {"covered_lines": 7, "num_statements": 7, "percent_covered": 100.0, "percent_covered_display": "100.00", "missing_lines": 0, "excluded_lines": 0, "num_branches": 4, "num_partial_branches": 0, "covered_branches": 4, "missing_branches": 0}, "missing_lines": [], "excluded_lines": [], "executed_branches": [[154, 155], [154, 157], [157, 158], [157, 160]], "missing_branches": []}, "": {"executed_lines": [1, 3, 5, 8, 31, 58, 76, 98, 120, 136], "summary": {"covered_lines": 9, "num_statements": 9, "percent_covered": 100.0, "percent_covered_display": "100.00", "missing_lines": 0, "excluded_lines": 0, "num_branches": 0, "num_partial_branches": 0, "covered_branches": 0, "missing_branches": 0}, "missing_lines": [], "excluded_lines": [], "executed_branches": [], "missing_branches": []}}, "classes": {"": {"executed_lines": [1, 3, 5, 8, 21, 24, 25, 28, 31, 43, 44, 45, 47, 48, 49, 50, 51, 52, 53, 55, 58, 70, 71, 73, 76, 88, 89, 92, 93, 95, 98, 110, 114, 115, 117, 120, 130, 131, 136, 150, 151, 154, 155, 157, 158, 160], "summary": {"covered_lines": 45, "num_statements": 46, "percent_covered": 97.14285714285714, "percent_covered_display": "97.14", "missing_lines": 1, "excluded_lines": 0, "num_branches": 24, "num_partial_branches": 1, "covered_branches": 23, "missing_branches": 1}, "missing_lines": [111], "excluded_lines": [], "executed_branches": [[24, 25], [24, 28], [44, 45], [44, 47], [48, 49], [48, 55], [50, 48], [50, 51], [70, 71], [70, 73], [88, 89], [88, 92], [92, 93], [92, 95], [110, 114], [114, 115], [114, 117], [130, -120], [130, 131], [154, 155], [154, 157], [157, 158], [157, 160]], "missing_branches": [[110, 111]]}}}, "src/webhooks/handlers.py": {"executed_lines": [], "summary": {"covered_lines": 0, "num_statements": 55, "percent_covered": 0.0, "percent_covered_display": "0.00", "missing_lines": 55, "excluded_lines": 2, "num_branches": 2, "num_partial_branches": 0, "covered_branches": 0, "missing_branches": 2}, "missing_lines": [6, 7, 9, 10, 11, 17, 20, 26, 27, 29, 35, 36, 38, 43, 45, 51, 57, 58, 60, 65, 67, 73, 79, 80, 81, 83, 88, 90, 96, 102, 103, 105, 110, 112, 118, 124, 125, 126, 128, 134, 140, 141, 143, 145, 151, 155, 161, 170, 176, 178, 179, 181, 185, 195, 196], "excluded_lines": [13, 14], "executed_branches": [], "missing_branches": [[178, 179], [178, 181]], "functions": {"WebhookEventHandler.__init__": {"executed_lines": [], "summary": {"covered_lines": 0, "num_statements": 2, "percent_covered": 0.0, "percent_covered_display": "0.00", "missing_lines": 2, "excluded_lines": 0, "num_branches": 0, "num_partial_branches": 0, "covered_branches": 0, "missing_branches": 0}, "missing_lines": [26, 27], "excluded_lines": [], "executed_branches": [], "missing_branches": []}, "WebhookEventHandler.handle_device_online": {"executed_lines": [], "summary": {"covered_lines": 0, "num_statements": 5, "percent_covered": 0.0, "percent_covered_display": "0.00", "missing_lines": 5, "excluded_lines": 0, "num_branches": 0, "num_partial_branches": 0, "covered_branches": 0, "missing_branches": 0}, "missing_lines": [35, 36, 38, 43, 45], "excluded_lines": [], "executed_branches": [], "missing_branches": []}, "WebhookEventHandler.handle_device_offline": {"executed_lines": [], "summary": {"covered_lines": 0, "num_statements": 5, "percent_covered": 0.0, "percent_covered_display": "0.00", "missing_lines": 5, "excluded_lines": 0, "num_branches": 0, "num_partial_branches": 0, "covered_branches": 0, "missing_branches": 0}, "missing_lines": [57, 58, 60, 65, 67], "excluded_lines": [], "executed_branches": [], "missing_branches": []}, "WebhookEventHandler.handle_client_connected": {"executed_lines": [], "summary": {"covered_lines": 0, "num_statements": 6, "percent_covered": 0.0, "percent_covered_display": "0.00", "missing_lines": 6, "excluded_lines": 0, "num_branches": 0, "num_partial_branches": 0, "covered_branches": 0, "missing_branches": 0}, "missing_lines": [79, 80, 81, 83, 88, 90], "excluded_lines": [], "executed_branches": [], "missing_branches": []}, "WebhookEventHandler.handle_client_disconnected": {"executed_lines": [], "summary": {"covered_lines": 0, "num_statements": 5, "percent_covered": 0.0, "percent_covered_display": "0.00", "missing_lines": 5, "excluded_lines": 0, "num_branches": 0, "num_partial_branches": 0, "covered_branches": 0, "missing_branches": 0}, "missing_lines": [102, 103, 105, 110, 112], "excluded_lines": [], "executed_branches": [], "missing_branches": []}, "WebhookEventHandler.handle_alert_raised": {"executed_lines": [], "summary": {"covered_lines": 0, "num_statements": 4, "percent_covered": 0.0, "percent_covered_display": "0.00", "missing_lines": 4, "excluded_lines": 0, "num_branches": 0, "num_partial_branches": 0, "covered_branches": 0, "missing_branches": 0}, "missing_lines": [124, 125, 126, 128], "excluded_lines": [], "executed_branches": [], "missing_branches": []}, "WebhookEventHandler.handle_event_occurred": {"executed_lines": [], "summary": {"covered_lines": 0, "num_statements": 3, "percent_covered": 0.0, "percent_covered_display": "0.00", "missing_lines": 3, "excluded_lines": 0, "num_branches": 0, "num_partial_branches": 0, "covered_branches": 0, "missing_branches": 0}, "missing_lines": [140, 141, 143], "excluded_lines": [], "executed_branches": [], "missing_branches": []}, "WebhookEventHandler.handle_wildcard": {"executed_lines": [], "summary": {"covered_lines": 0, "num_statements": 1, "percent_covered": 0.0, "percent_covered_display": "0.00", "missing_lines": 1, "excluded_lines": 0, "num_branches": 0, "num_partial_branches": 0, "covered_branches": 0, "missing_branches": 0}, "missing_lines": [151], "excluded_lines": [], "executed_branches": [], "missing_branches": []}, "WebhookEventHandler.get_default_handlers": {"executed_lines": [], "summary": {"covered_lines": 0, "num_statements": 1, "percent_covered": 0.0, "percent_covered_display": "0.00", "missing_lines": 1, "excluded_lines": 0, "num_branches": 0, "num_partial_branches": 0, "covered_branches": 0, "missing_branches": 0}, "missing_lines": [161], "excluded_lines": [], "executed_branches": [], "missing_branches": []}, "WebhookEventHandler.register_default_handlers": {"executed_lines": [], "summary": {"covered_lines": 0, "num_statements": 4, "percent_covered": 0.0, "percent_covered_display": "0.00", "missing_lines": 4, "excluded_lines": 0, "num_branches": 2, "num_partial_branches": 0, "covered_branches": 0, "missing_branches": 2}, "missing_lines": [176, 178, 179, 181], "excluded_lines": [], "executed_branches": [], "missing_branches": [[178, 179], [178, 181]]}, "custom_handler_example": {"executed_lines": [], "summary": {"covered_lines": 0, "num_statements": 2, "percent_covered": 0.0, "percent_covered_display": "0.00", "missing_lines": 2, "excluded_lines": 0, "num_branches": 0, "num_partial_branches": 0, "covered_branches": 0, "missing_branches": 0}, "missing_lines": [195, 196], "excluded_lines": [], "executed_branches": [], "missing_branches": []}, "": {"executed_lines": [], "summary": {"covered_lines": 0, "num_statements": 17, "percent_covered": 0.0, "percent_covered_display": "0.00", "missing_lines": 17, "excluded_lines": 2, "num_branches": 0, "num_partial_branches": 0, "covered_branches": 0, "missing_branches": 0}, "missing_lines": [6, 7, 9, 10, 11, 17, 20, 29, 51, 73, 96, 118, 134, 145, 155, 170, 185], "excluded_lines": [13, 14], "executed_branches": [], "missing_branches": []}}, "classes": {"WebhookEventHandler": {"executed_lines": [], "summary": {"covered_lines": 0, "num_statements": 36, "percent_covered": 0.0, "percent_covered_display": "0.00", "missing_lines": 36, "excluded_lines": 0, "num_branches": 2, "num_partial_branches": 0, "covered_branches": 0, "missing_branches": 2}, "missing_lines": [26, 27, 35, 36, 38, 43, 45, 57, 58, 60, 65, 67, 79, 80, 81, 83, 88, 90, 102, 103, 105, 110, 112, 124, 125, 126, 128, 140, 141, 143, 151, 161, 176, 178, 179, 181], "excluded_lines": [], "executed_branches": [], "missing_branches": [[178, 179], [178, 181]]}, "": {"executed_lines": [], "summary": {"covered_lines": 0, "num_statements": 19, "percent_covered": 0.0, "percent_covered_display": "0.00", "missing_lines": 19, "excluded_lines": 2, "num_branches": 0, "num_partial_branches": 0, "covered_branches": 0, "missing_branches": 0}, "missing_lines": [6, 7, 9, 10, 11, 17, 20, 29, 51, 73, 96, 118, 134, 145, 155, 170, 185, 195, 196], "excluded_lines": [13, 14], "executed_branches": [], "missing_branches": []}}}, "src/webhooks/receiver.py": {"executed_lines": [], "summary": {"covered_lines": 0, "num_statements": 114, "percent_covered": 0.0, "percent_covered_display": "0.00", "missing_lines": 114, "excluded_lines": 0, "num_branches": 34, "num_partial_branches": 0, "covered_branches": 0, "missing_branches": 34}, "missing_lines": [8, 9, 10, 11, 12, 13, 15, 16, 18, 19, 22, 25, 26, 27, 28, 29, 31, 32, 34, 35, 36, 39, 42, 55, 56, 57, 58, 59, 60, 63, 64, 65, 70, 71, 73, 80, 81, 86, 88, 89, 92, 93, 94, 95, 99, 100, 101, 107, 108, 111, 112, 113, 116, 117, 118, 124, 126, 132, 133, 134, 138, 139, 140, 144, 145, 146, 151, 153, 160, 161, 163, 164, 166, 173, 174, 175, 177, 183, 189, 192, 193, 195, 197, 198, 199, 202, 203, 204, 205, 206, 211, 221, 222, 224, 230, 232, 241, 242, 245, 246, 249, 250, 253, 254, 256, 272, 273, 276, 277, 280, 285, 286, 289, 290], "excluded_lines": [], "executed_branches": [], "missing_branches": [[34, 35], [34, 36], [64, 65], [64, 70], [70, -42], [70, 71], [92, 93], [92, 99], [93, 94], [93, 107], [99, 100], [99, 107], [111, 112], [111, 116], [116, 117], [116, 124], [160, 161], [160, 163], [173, -166], [173, 174], [197, 198], [197, 202], [202, -177], [202, 203], [221, 222], [221, 224], [241, 242], [241, 245], [249, 250], [249, 253], [276, 277], [276, 280], [285, 286], [285, 289]], "functions": {"WebhookEvent.validate_event_type": {"executed_lines": [], "summary": {"covered_lines": 0, "num_statements": 3, "percent_covered": 0.0, "percent_covered_display": "0.00", "missing_lines": 3, "excluded_lines": 0, "num_branches": 2, "num_partial_branches": 0, "covered_branches": 0, "missing_branches": 2}, "missing_lines": [34, 35, 36], "excluded_lines": [], "executed_branches": [], "missing_branches": [[34, 35], [34, 36]]}, "WebhookReceiver.__init__": {"executed_lines": [], "summary": {"covered_lines": 0, "num_statements": 11, "percent_covered": 0.0, "percent_covered_display": "0.00", "missing_lines": 11, "excluded_lines": 0, "num_branches": 4, "num_partial_branches": 0, "covered_branches": 0, "missing_branches": 4}, "missing_lines": [55, 56, 57, 58, 59, 60, 63, 64, 65, 70, 71], "excluded_lines": [], "executed_branches": [], "missing_branches": [[64, 65], [64, 70], [70, -42], [70, 71]]}, "WebhookReceiver.register_routes": {"executed_lines": [], "summary": {"covered_lines": 0, "num_statements": 3, "percent_covered": 0.0, "percent_covered_display": "0.00", "missing_lines": 3, "excluded_lines": 0, "num_branches": 0, "num_partial_branches": 0, "covered_branches": 0, "missing_branches": 0}, "missing_lines": [80, 81, 151], "excluded_lines": [], "executed_branches": [], "missing_branches": []}, "WebhookReceiver.register_routes.receive_webhook": {"executed_lines": [], "summary": {"covered_lines": 0, "num_statements": 29, "percent_covered": 0.0, "percent_covered_display": "0.00", "missing_lines": 29, "excluded_lines": 0, "num_branches": 10, "num_partial_branches": 0, "covered_branches": 0, "missing_branches": 10}, "missing_lines": [86, 88, 89, 92, 93, 94, 95, 99, 100, 101, 107, 108, 111, 112, 113, 116, 117, 118, 124, 126, 132, 133, 134, 138, 139, 140, 144, 145, 146], "excluded_lines": [], "executed_branches": [], "missing_branches": [[92, 93], [92, 99], [93, 94], [93, 107], [99, 100], [99, 107], [111, 112], [111, 116], [116, 117], [116, 124]]}, "WebhookReceiver.register_handler": {"executed_lines": [], "summary": {"covered_lines": 0, "num_statements": 4, "percent_covered": 0.0, "percent_covered_display": "0.00", "missing_lines": 4, "excluded_lines": 0, "num_branches": 2, "num_partial_branches": 0, "covered_branches": 0, "missing_branches": 2}, "missing_lines": [160, 161, 163, 164], "excluded_lines": [], "executed_branches": [], "missing_branches": [[160, 161], [160, 163]]}, "WebhookReceiver.unregister_handler": {"executed_lines": [], "summary": {"covered_lines": 0, "num_statements": 3, "percent_covered": 0.0, "percent_covered_display": "0.00", "missing_lines": 3, "excluded_lines": 0, "num_branches": 2, "num_partial_branches": 0, "covered_branches": 0, "missing_branches": 2}, "missing_lines": [173, 174, 175], "excluded_lines": [], "executed_branches": [], "missing_branches": [[173, -166], [173, 174]]}, "WebhookReceiver._process_event": {"executed_lines": [], "summary": {"covered_lines": 0, "num_statements": 13, "percent_covered": 0.0, "percent_covered_display": "0.00", "missing_lines": 13, "excluded_lines": 0, "num_branches": 4, "num_partial_branches": 0, "covered_branches": 0, "missing_branches": 4}, "missing_lines": [183, 189, 192, 193, 195, 197, 198, 199, 202, 203, 204, 205, 206], "excluded_lines": [], "executed_branches": [], "missing_branches": [[197, 198], [197, 202], [202, -177], [202, 203]]}, "WebhookReceiver._verify_signature": {"executed_lines": [], "summary": {"covered_lines": 0, "num_statements": 4, "percent_covered": 0.0, "percent_covered_display": "0.00", "missing_lines": 4, "excluded_lines": 0, "num_branches": 2, "num_partial_branches": 0, "covered_branches": 0, "missing_branches": 2}, "missing_lines": [221, 222, 224, 230], "excluded_lines": [], "executed_branches": [], "missing_branches": [[221, 222], [221, 224]]}, "WebhookReceiver._is_duplicate": {"executed_lines": [], "summary": {"covered_lines": 0, "num_statements": 8, "percent_covered": 0.0, "percent_covered_display": "0.00", "missing_lines": 8, "excluded_lines": 0, "num_branches": 4, "num_partial_branches": 0, "covered_branches": 0, "missing_branches": 4}, "missing_lines": [241, 242, 245, 246, 249, 250, 253, 254], "excluded_lines": [], "executed_branches": [], "missing_branches": [[241, 242], [241, 245], [249, 250], [249, 253]]}, "WebhookReceiver._check_rate_limit": {"executed_lines": [], "summary": {"covered_lines": 0, "num_statements": 9, "percent_covered": 0.0, "percent_covered_display": "0.00", "missing_lines": 9, "excluded_lines": 0, "num_branches": 4, "num_partial_branches": 0, "covered_branches": 0, "missing_branches": 4}, "missing_lines": [272, 273, 276, 277, 280, 285, 286, 289, 290], "excluded_lines": [], "executed_branches": [], "missing_branches": [[276, 277], [276, 280], [285, 286], [285, 289]]}, "": {"executed_lines": [], "summary": {"covered_lines": 0, "num_statements": 27, "percent_covered": 0.0, "percent_covered_display": "0.00", "missing_lines": 27, "excluded_lines": 0, "num_branches": 0, "num_partial_branches": 0, "covered_branches": 0, "missing_branches": 0}, "missing_lines": [8, 9, 10, 11, 12, 13, 15, 16, 18, 19, 22, 25, 26, 27, 28, 29, 31, 32, 39, 42, 73, 153, 166, 177, 211, 232, 256], "excluded_lines": [], "executed_branches": [], "missing_branches": []}}, "classes": {"WebhookEvent": {"executed_lines": [], "summary": {"covered_lines": 0, "num_statements": 3, "percent_covered": 0.0, "percent_covered_display": "0.00", "missing_lines": 3, "excluded_lines": 0, "num_branches": 2, "num_partial_branches": 0, "covered_branches": 0, "missing_branches": 2}, "missing_lines": [34, 35, 36], "excluded_lines": [], "executed_branches": [], "missing_branches": [[34, 35], [34, 36]]}, "WebhookReceiver": {"executed_lines": [], "summary": {"covered_lines": 0, "num_statements": 84, "percent_covered": 0.0, "percent_covered_display": "0.00", "missing_lines": 84, "excluded_lines": 0, "num_branches": 32, "num_partial_branches": 0, "covered_branches": 0, "missing_branches": 32}, "missing_lines": [55, 56, 57, 58, 59, 60, 63, 64, 65, 70, 71, 80, 81, 86, 88, 89, 92, 93, 94, 95, 99, 100, 101, 107, 108, 111, 112, 113, 116, 117, 118, 124, 126, 132, 133, 134, 138, 139, 140, 144, 145, 146, 151, 160, 161, 163, 164, 173, 174, 175, 183, 189, 192, 193, 195, 197, 198, 199, 202, 203, 204, 205, 206, 221, 222, 224, 230, 241, 242, 245, 246, 249, 250, 253, 254, 272, 273, 276, 277, 280, 285, 286, 289, 290], "excluded_lines": [], "executed_branches": [], "missing_branches": [[64, 65], [64, 70], [70, -42], [70, 71], [92, 93], [92, 99], [93, 94], [93, 107], [99, 100], [99, 107], [111, 112], [111, 116], [116, 117], [116, 124], [160, 161], [160, 163], [173, -166], [173, 174], [197, 198], [197, 202], [202, -177], [202, 203], [221, 222], [221, 224], [241, 242], [241, 245], [249, 250], [249, 253], [276, 277], [276, 280], [285, 286], [285, 289]]}, "": {"executed_lines": [], "summary": {"covered_lines": 0, "num_statements": 27, "percent_covered": 0.0, "percent_covered_display": "0.00", "missing_lines": 27, "excluded_lines": 0, "num_branches": 0, "num_partial_branches": 0, "covered_branches": 0, "missing_branches": 0}, "missing_lines": [8, 9, 10, 11, 12, 13, 15, 16, 18, 19, 22, 25, 26, 27, 28, 29, 31, 32, 39, 42, 73, 153, 166, 177, 211, 232, 256], "excluded_lines": [], "executed_branches": [], "missing_branches": []}}}}, "totals": {"covered_lines": 2016, "num_statements": 4056, "percent_covered": 46.535843011613935, "percent_covered_display": "46.54", "missing_lines": 2040, "excluded_lines": 12, "num_branches": 938, "num_partial_branches": 102, "covered_branches": 308, "missing_branches": 630}}